[2025-06-17T09:29:57.212+0000] {local_task_job_runner.py:120} INFO - ::group::Pre task execution logs
[2025-06-17T09:29:57.597+0000] {taskinstance.py:2076} INFO - Dependencies all met for dep_context=non-requeueable deps ti=<TaskInstance: carrefour_meat_prices_scraper.scrape_products manual__2025-06-17T09:29:56.791291+00:00 [queued]>
[2025-06-17T09:29:57.602+0000] {taskinstance.py:2076} INFO - Dependencies all met for dep_context=requeueable deps ti=<TaskInstance: carrefour_meat_prices_scraper.scrape_products manual__2025-06-17T09:29:56.791291+00:00 [queued]>
[2025-06-17T09:29:57.603+0000] {taskinstance.py:2306} INFO - Starting attempt 1 of 3
[2025-06-17T09:29:57.612+0000] {taskinstance.py:2330} INFO - Executing <Task(PythonOperator): scrape_products> on 2025-06-17 09:29:56.791291+00:00
[2025-06-17T09:29:57.617+0000] {standard_task_runner.py:63} INFO - Started process 604 to run task
[2025-06-17T09:29:57.620+0000] {standard_task_runner.py:90} INFO - Running: ['***', 'tasks', 'run', 'carrefour_meat_prices_scraper', 'scrape_products', 'manual__2025-06-17T09:29:56.791291+00:00', '--job-id', '22', '--raw', '--subdir', 'DAGS_FOLDER/prueba.py', '--cfg-path', '/tmp/tmpxas6el_2']
[2025-06-17T09:29:57.624+0000] {standard_task_runner.py:91} INFO - Job 22: Subtask scrape_products
[2025-06-17T09:29:57.681+0000] {task_command.py:426} INFO - Running <TaskInstance: carrefour_meat_prices_scraper.scrape_products manual__2025-06-17T09:29:56.791291+00:00 [running]> on host 576e15af3b1b
[2025-06-17T09:29:57.762+0000] {taskinstance.py:2648} INFO - Exporting env vars: AIRFLOW_CTX_DAG_OWNER='data-team' AIRFLOW_CTX_DAG_ID='carrefour_meat_prices_scraper' AIRFLOW_CTX_TASK_ID='scrape_products' AIRFLOW_CTX_EXECUTION_DATE='2025-06-17T09:29:56.791291+00:00' AIRFLOW_CTX_TRY_NUMBER='1' AIRFLOW_CTX_DAG_RUN_ID='manual__2025-06-17T09:29:56.791291+00:00'
[2025-06-17T09:29:57.763+0000] {taskinstance.py:430} INFO - ::endgroup::
[2025-06-17T09:29:57.777+0000] {prueba.py:275} INFO - Iniciando tarea de scraping...
[2025-06-17T09:29:58.250+0000] {prueba.py:124} INFO - 🚀 Iniciando recolección automática de TODAS las páginas disponibles...
[2025-06-17T09:29:58.251+0000] {prueba.py:125} INFO - 📋 Criterio de parada: 2 páginas vacías consecutivas
[2025-06-17T09:29:58.251+0000] {prueba.py:130} INFO - Procesando página 1: https://www.carrefour.com.ar/Lacteos-y-productos-frescos/Dulce-de-leche?page=1
[2025-06-17T09:30:17.921+0000] {prueba.py:135} INFO - Página cargada con 'load'
[2025-06-17T09:30:26.123+0000] {prueba.py:87} INFO - Productos encontrados: 15, Mensaje 'sin resultados' visible: False, URL sospechosa: False
[2025-06-17T09:30:26.124+0000] {prueba.py:166} INFO - Página 1: Productos detectados inicialmente. Procediendo con scroll...
[2025-06-17T09:30:29.146+0000] {prueba.py:179} INFO - Intento 1/8: 8 elementos encontrados
[2025-06-17T09:30:29.146+0000] {prueba.py:190} INFO - Haciendo scroll estratégico para cargar más elementos...
[2025-06-17T09:30:35.207+0000] {prueba.py:179} INFO - Intento 2/8: 16 elementos encontrados
[2025-06-17T09:30:35.208+0000] {prueba.py:182} INFO - ¡Objetivo alcanzado! Se encontraron 16 elementos (>= 16)
[2025-06-17T09:30:35.208+0000] {prueba.py:210} INFO - Procesando 16 elementos en página 1!
[2025-06-17T09:30:35.334+0000] {prueba.py:241} INFO - Total de items recolectados hasta ahora: 16
[2025-06-17T09:30:38.336+0000] {prueba.py:130} INFO - Procesando página 2: https://www.carrefour.com.ar/Lacteos-y-productos-frescos/Dulce-de-leche?page=2
[2025-06-17T09:30:38.790+0000] {prueba.py:135} INFO - Página cargada con 'load'
[2025-06-17T09:30:44.264+0000] {prueba.py:87} INFO - Productos encontrados: 15, Mensaje 'sin resultados' visible: False, URL sospechosa: False
[2025-06-17T09:30:44.264+0000] {prueba.py:166} INFO - Página 2: Productos detectados inicialmente. Procediendo con scroll...
[2025-06-17T09:30:47.290+0000] {prueba.py:179} INFO - Intento 1/8: 8 elementos encontrados
[2025-06-17T09:30:47.290+0000] {prueba.py:190} INFO - Haciendo scroll estratégico para cargar más elementos...
[2025-06-17T09:30:56.401+0000] {prueba.py:179} INFO - Intento 2/8: 14 elementos encontrados
[2025-06-17T09:30:56.406+0000] {prueba.py:190} INFO - Haciendo scroll estratégico para cargar más elementos...
[2025-06-17T09:31:02.487+0000] {prueba.py:179} INFO - Intento 3/8: 14 elementos encontrados
[2025-06-17T09:31:02.487+0000] {prueba.py:190} INFO - Haciendo scroll estratégico para cargar más elementos...
[2025-06-17T09:31:08.550+0000] {prueba.py:179} INFO - Intento 4/8: 14 elementos encontrados
[2025-06-17T09:31:08.551+0000] {prueba.py:190} INFO - Haciendo scroll estratégico para cargar más elementos...
[2025-06-17T09:31:22.639+0000] {prueba.py:179} INFO - Intento 5/8: 14 elementos encontrados
[2025-06-17T09:31:22.640+0000] {prueba.py:190} INFO - Haciendo scroll estratégico para cargar más elementos...
[2025-06-17T09:31:39.450+0000] {prueba.py:179} INFO - Intento 6/8: 14 elementos encontrados
[2025-06-17T09:31:39.451+0000] {prueba.py:190} INFO - Haciendo scroll estratégico para cargar más elementos...
[2025-06-17T09:31:53.545+0000] {prueba.py:179} INFO - Intento 7/8: 14 elementos encontrados
[2025-06-17T09:31:53.545+0000] {prueba.py:190} INFO - Haciendo scroll estratégico para cargar más elementos...
[2025-06-17T09:32:10.497+0000] {prueba.py:179} INFO - Intento 8/8: 14 elementos encontrados
[2025-06-17T09:32:10.498+0000] {prueba.py:210} INFO - Procesando 14 elementos en página 2!
[2025-06-17T09:32:10.650+0000] {prueba.py:241} INFO - Total de items recolectados hasta ahora: 30
[2025-06-17T09:32:13.653+0000] {prueba.py:130} INFO - Procesando página 3: https://www.carrefour.com.ar/Lacteos-y-productos-frescos/Dulce-de-leche?page=3
[2025-06-17T09:32:14.499+0000] {prueba.py:135} INFO - Página cargada con 'load'
[2025-06-17T09:32:19.717+0000] {prueba.py:87} INFO - Productos encontrados: 4, Mensaje 'sin resultados' visible: False, URL sospechosa: False
[2025-06-17T09:32:19.717+0000] {prueba.py:166} INFO - Página 3: Productos detectados inicialmente. Procediendo con scroll...
[2025-06-17T09:32:22.734+0000] {prueba.py:179} INFO - Intento 1/8: 0 elementos encontrados
[2025-06-17T09:32:22.735+0000] {prueba.py:190} INFO - Haciendo scroll estratégico para cargar más elementos...
[2025-06-17T09:32:28.787+0000] {prueba.py:179} INFO - Intento 2/8: 0 elementos encontrados
[2025-06-17T09:32:28.787+0000] {prueba.py:190} INFO - Haciendo scroll estratégico para cargar más elementos...
[2025-06-17T09:32:37.753+0000] {prueba.py:179} INFO - Intento 3/8: 0 elementos encontrados
[2025-06-17T09:32:37.754+0000] {prueba.py:190} INFO - Haciendo scroll estratégico para cargar más elementos...
[2025-06-17T09:32:43.785+0000] {prueba.py:179} INFO - Intento 4/8: 0 elementos encontrados
[2025-06-17T09:32:43.786+0000] {prueba.py:186} INFO - Después de 4 intentos, no se encontraron elementos. Página podría estar vacía.
[2025-06-17T09:32:43.786+0000] {prueba.py:235} INFO - No se encontraron elementos en página 3
[2025-06-17T09:32:43.786+0000] {prueba.py:241} INFO - Total de items recolectados hasta ahora: 30
[2025-06-17T09:32:46.789+0000] {prueba.py:130} INFO - Procesando página 4: https://www.carrefour.com.ar/Lacteos-y-productos-frescos/Dulce-de-leche?page=4
[2025-06-17T09:32:47.542+0000] {prueba.py:135} INFO - Página cargada con 'load'
[2025-06-17T09:32:52.753+0000] {prueba.py:87} INFO - Productos encontrados: 4, Mensaje 'sin resultados' visible: False, URL sospechosa: False
[2025-06-17T09:32:52.753+0000] {prueba.py:166} INFO - Página 4: Productos detectados inicialmente. Procediendo con scroll...
[2025-06-17T09:32:55.776+0000] {prueba.py:179} INFO - Intento 1/8: 0 elementos encontrados
[2025-06-17T09:32:55.777+0000] {prueba.py:190} INFO - Haciendo scroll estratégico para cargar más elementos...
[2025-06-17T09:33:01.830+0000] {prueba.py:179} INFO - Intento 2/8: 0 elementos encontrados
[2025-06-17T09:33:01.833+0000] {prueba.py:190} INFO - Haciendo scroll estratégico para cargar más elementos...
[2025-06-17T09:33:10.922+0000] {prueba.py:179} INFO - Intento 3/8: 0 elementos encontrados
[2025-06-17T09:33:10.923+0000] {prueba.py:190} INFO - Haciendo scroll estratégico para cargar más elementos...
[2025-06-17T09:33:17.066+0000] {prueba.py:179} INFO - Intento 4/8: 0 elementos encontrados
[2025-06-17T09:33:17.066+0000] {prueba.py:186} INFO - Después de 4 intentos, no se encontraron elementos. Página podría estar vacía.
[2025-06-17T09:33:17.067+0000] {prueba.py:235} INFO - No se encontraron elementos en página 4
[2025-06-17T09:33:17.068+0000] {prueba.py:238} INFO - Se encontraron 2 páginas sin elementos consecutivas. Finalizando...
[2025-06-17T09:33:17.068+0000] {prueba.py:260} INFO - PROCESO COMPLETADO
[2025-06-17T09:33:17.069+0000] {prueba.py:261} INFO - Total de páginas procesadas: 3
[2025-06-17T09:33:17.069+0000] {prueba.py:262} INFO - Total de items recolectados: 30
[2025-06-17T09:33:17.124+0000] {prueba.py:284} INFO - Scraping completado: 30 items encontrados
[2025-06-17T09:33:17.124+0000] {python.py:237} INFO - Done. Returned value was: {'items': ['2DO AL 50% MAX 6 UNIDADES IGUALES\n$\xa02.238,75\nc/u\n$\xa02.985,00\nVer Precio sin impuestos nacionales\nDulce de leche clásico La Serenísima 400 g.\n$\xa07.462,50\n1 K.', '2DO AL 50% MAX 6 UNIDADES IGUALES\n$\xa02.808,75\nc/u\n$\xa03.745,00\nVer Precio sin impuestos nacionales\nDulce de leche La serenisima colonial 400 g.\n$\xa09.362,50\n1 K.', 'MI CRF\n$\xa02.034,00\nc/u\n$\xa02.260,00\nVer Precio sin impuestos nacionales\nDulce de leche familiar Carrefour classic en pote 400 g.\n$\xa05.085,00\n1 K.', '$\xa02.575,00\nVer Precio sin impuestos nacionales\nDulce de leche Santa clara 400 g.\n$\xa06.437,50\n1 K.', '2DO AL 50% MI CRF MAX 6 UNIDADES IGUALES\n$\xa02.028,75\nc/u\n$\xa02.705,00\nVer Precio sin impuestos nacionales\nDulce de leche Ilolay clásico 400 g.\n$\xa06.762,50\n1 K.', '2DO AL 50% MAX 6 UNIDADES IGUALES\n$\xa02.159,25\nc/u\n$\xa02.879,00\nVer Precio sin impuestos nacionales\nDulce de leche San Ignacio tradicional 400 g.\n$\xa07.197,50\n1 K.', 'MI CRF\n$\xa02.070,00\nc/u\n$\xa02.300,00\nVer Precio sin impuestos nacionales\nDulce de leche repostero Carrefour classic en pote 400 g.\n$\xa05.175,00\n1 K.', '$\xa02.750,00\nVer Precio sin impuestos nacionales\nDulce de leche de campo Milkaut familiar 395 g.\n$\xa06.962,03\n1 K.', '2DO AL 50% MAX 6 UNIDADES IGUALES\n$\xa02.541,75\nc/u\n$\xa03.389,00\nVer Precio sin impuestos nacionales\nDulce de leche repostero La Serenísima 400 g.\n$\xa08.472,50\n1 K.', 'Bajo en sodio\n2DO AL 50% MAX 6 UNIDADES IGUALES\n$\xa02.238,75\nc/u\n$\xa02.985,00\nVer Precio sin impuestos nacionales\nDulce de leche repostero San ignacio en pote 410 g.\n$\xa07.280,49\n1 K.', '2DO AL 50% MAX 6 UNIDADES IGUALES\n$\xa06.131,25\nc/u\n$\xa08.175,00\nVer Precio sin impuestos nacionales\nDulce de leche colonial La Serenísima pote 1 kg.\n$\xa08.175,00\n1 K.', '$\xa06.709,00\nVer Precio sin impuestos nacionales\nDulce de leche Milkaut 1 kg.\n$\xa06.709,00\n1 K.', '$\xa07.089,00\nVer Precio sin impuestos nacionales\nDulce de leche repostero Milkaut 1 kg.\n$\xa07.089,00\n1 K.', '2DO AL 50% MAX 6 UNIDADES IGUALES\n$\xa01.844,25\nc/u\n$\xa02.459,00\nVer Precio sin impuestos nacionales\nDulce de leche La serenisima colonial 250 g.\n$\xa09.836,00\n1 K.', '$\xa01.990,00\nVer Precio sin impuestos nacionales\nDulce de leche Bulnez clásico 400 grs\n$\xa04.975,00\n1 K.', '$\xa03.465,00\nVer Precio sin impuestos nacionales\nDulce de leche Milkaut familiar en pote 400 g.\n$\xa08.662,50\n1 K.', 'MI CRF\n$\xa01.984,70\nc/u\n$\xa02.230,00\nVer Precio sin impuestos nacionales\nDulce de leche light Carrefour Classic en pote 400 grs\n$\xa04.961,75\n1 K.', '$\xa01.890,00\nVer Precio sin impuestos nacionales\nDulce de leche Bulnez repostero 400 grs\n$\xa04.725,00\n1 K.', 'Sin Azúcar\n$\xa02.649,00\nVer Precio sin impuestos nacionales\nDulce de leche Ser pote 300 g.\n$\xa08.830,00\n1 K.', 'Sin Lactosa\n2DO AL 50% MAX 6 UNIDADES IGUALES\n$\xa02.399,25\nc/u\n$\xa03.199,00\nVer Precio sin impuestos nacionales\nDulce de leche La Serenísima zero lactosa 300 grs\n$\xa010.663,33\n1 K.', '$\xa03.829,00\nVer Precio sin impuestos nacionales\nDulce de leche repostero Milkaut en pote 400 g.\n$\xa09.572,50\n1 K.', 'Bajo en sodio\n2DO AL 50% MAX 6 UNIDADES IGUALES\n$\xa02.238,75\nc/u\n$\xa02.985,00\nVer Precio sin impuestos nacionales\nDulce de leche light San ignacio en pote 410 g.\n$\xa07.280,49\n1 K.', '$\xa02.190,00\nVer Precio sin impuestos nacionales\nDulce de leche familiar Milkaut pote 245 g.\n$\xa08.938,78\n1 K.', '$\xa03.990,00\nVer Precio sin impuestos nacionales\nDulce de leche Bulnez clásico 1 kg\n$\xa03.990,00\n1 K.', '2DO AL 50% MAX 6 UNIDADES IGUALES\n$\xa05.249,25\nc/u\n$\xa06.999,00\nVer Precio sin impuestos nacionales\nDulce de leche clásico La Serenísima en pote 1 kg\n$\xa06.999,00\n1 K.', 'Vegano\n$\xa03.955,00\nVer Precio sin impuestos nacionales\nDulce de leche Notco en pote 250 g.\n$\xa015.820,00\n1 K.', '$\xa03.069,00\nVer Precio sin impuestos nacionales\nDulce de leche con crema La Cremería\n$\xa09.590,63\n1 K.', '$\xa01.090,00\nVer Precio sin impuestos nacionales\nDulce de leche Bulnez clásico 200 grs\n$\xa05.450,00\n1 K.', '2DO AL 50% MAX 6 UNIDADES IGUALES\n$\xa03.671,25\nc/u\n$\xa04.895,00\nVer Precio sin impuestos nacionales\nDulce de leche dietetico San Ignacio 450 grs\n$\xa010.877,78\n1 K.', '$\xa012.109,00\nVer Precio sin impuestos nacionales\nDulce de leche Grandiet sin azúcar 440 grs\n$\xa027.520,45\n1 K.'], 'pages_processed': 3, 'total_items': 30, 'timestamp': '2025-06-17T09:33:17.112738'}
[2025-06-17T09:33:17.125+0000] {taskinstance.py:441} INFO - ::group::Post task execution logs
[2025-06-17T09:33:17.139+0000] {taskinstance.py:1206} INFO - Marking task as SUCCESS. dag_id=carrefour_meat_prices_scraper, task_id=scrape_products, run_id=manual__2025-06-17T09:29:56.791291+00:00, execution_date=20250617T092956, start_date=20250617T092957, end_date=20250617T093317
[2025-06-17T09:33:17.168+0000] {local_task_job_runner.py:240} INFO - Task exited with return code 0
[2025-06-17T09:33:17.188+0000] {taskinstance.py:3503} INFO - 1 downstream tasks scheduled from follow-on schedule check
[2025-06-17T09:33:17.189+0000] {local_task_job_runner.py:222} INFO - ::endgroup::
