[2025-06-17T09:10:57.172+0000] {local_task_job_runner.py:120} INFO - ::group::Pre task execution logs
[2025-06-17T09:10:57.195+0000] {taskinstance.py:2076} INFO - Dependencies all met for dep_context=non-requeueable deps ti=<TaskInstance: scrape_example.fetch manual__2025-06-17T09:00:05.887064+00:00 [queued]>
[2025-06-17T09:10:57.201+0000] {taskinstance.py:2076} INFO - Dependencies all met for dep_context=requeueable deps ti=<TaskInstance: scrape_example.fetch manual__2025-06-17T09:00:05.887064+00:00 [queued]>
[2025-06-17T09:10:57.201+0000] {taskinstance.py:2306} INFO - Starting attempt 3 of 3
[2025-06-17T09:10:57.207+0000] {taskinstance.py:2330} INFO - Executing <Task(_PythonDecoratedOperator): fetch> on 2025-06-17 09:00:05.887064+00:00
[2025-06-17T09:10:57.212+0000] {standard_task_runner.py:63} INFO - Started process 289 to run task
[2025-06-17T09:10:57.216+0000] {standard_task_runner.py:90} INFO - Running: ['***', 'tasks', 'run', 'scrape_example', 'fetch', 'manual__2025-06-17T09:00:05.887064+00:00', '--job-id', '17', '--raw', '--subdir', 'DAGS_FOLDER/prueba.py', '--cfg-path', '/tmp/tmp0yd7rmdo']
[2025-06-17T09:10:57.217+0000] {standard_task_runner.py:91} INFO - Job 17: Subtask fetch
[2025-06-17T09:10:57.264+0000] {task_command.py:426} INFO - Running <TaskInstance: scrape_example.fetch manual__2025-06-17T09:00:05.887064+00:00 [running]> on host 51693eb0f439
[2025-06-17T09:10:57.457+0000] {taskinstance.py:2648} INFO - Exporting env vars: AIRFLOW_CTX_DAG_OWNER='***' AIRFLOW_CTX_DAG_ID='scrape_example' AIRFLOW_CTX_TASK_ID='fetch' AIRFLOW_CTX_EXECUTION_DATE='2025-06-17T09:00:05.887064+00:00' AIRFLOW_CTX_TRY_NUMBER='3' AIRFLOW_CTX_DAG_RUN_ID='manual__2025-06-17T09:00:05.887064+00:00'
[2025-06-17T09:10:57.458+0000] {taskinstance.py:430} INFO - ::endgroup::
[2025-06-17T09:10:57.487+0000] {prueba.py:14} INFO - 🌀 Starting Playwright...
[2025-06-17T09:10:57.796+0000] {prueba.py:17} INFO - 🚀 Browser launched
[2025-06-17T09:10:58.769+0000] {prueba.py:20} INFO - ✅ Page loaded
[2025-06-17T09:10:58.782+0000] {prueba.py:22} INFO - 📄 HTML content length: 1248
[2025-06-17T09:10:58.853+0000] {prueba.py:30} INFO - 🔁 Final result: 1248
[2025-06-17T09:10:58.854+0000] {python.py:237} INFO - Done. Returned value was: 1248
[2025-06-17T09:10:58.855+0000] {taskinstance.py:441} INFO - ::group::Post task execution logs
[2025-06-17T09:10:58.873+0000] {taskinstance.py:1206} INFO - Marking task as SUCCESS. dag_id=scrape_example, task_id=fetch, run_id=manual__2025-06-17T09:00:05.887064+00:00, execution_date=20250617T090005, start_date=20250617T091057, end_date=20250617T091058
[2025-06-17T09:10:58.912+0000] {local_task_job_runner.py:240} INFO - Task exited with return code 0
[2025-06-17T09:10:58.923+0000] {taskinstance.py:3503} INFO - 0 downstream tasks scheduled from follow-on schedule check
[2025-06-17T09:10:58.924+0000] {local_task_job_runner.py:222} INFO - ::endgroup::
