[2025-06-17T09:33:18.635+0000] {local_task_job_runner.py:120} INFO - ::group::Pre task execution logs
[2025-06-17T09:33:18.756+0000] {taskinstance.py:2076} INFO - Dependencies all met for dep_context=non-requeueable deps ti=<TaskInstance: carrefour_meat_prices_scraper.send_notification manual__2025-06-17T09:29:56.791291+00:00 [queued]>
[2025-06-17T09:33:18.762+0000] {taskinstance.py:2076} INFO - Dependencies all met for dep_context=requeueable deps ti=<TaskInstance: carrefour_meat_prices_scraper.send_notification manual__2025-06-17T09:29:56.791291+00:00 [queued]>
[2025-06-17T09:33:18.764+0000] {taskinstance.py:2306} INFO - Starting attempt 1 of 3
[2025-06-17T09:33:18.773+0000] {taskinstance.py:2330} INFO - Executing <Task(PythonOperator): send_notification> on 2025-06-17 09:29:56.791291+00:00
[2025-06-17T09:33:18.778+0000] {standard_task_runner.py:63} INFO - Started process 775 to run task
[2025-06-17T09:33:18.779+0000] {standard_task_runner.py:90} INFO - Running: ['***', 'tasks', 'run', 'carrefour_meat_prices_scraper', 'send_notification', 'manual__2025-06-17T09:29:56.791291+00:00', '--job-id', '24', '--raw', '--subdir', 'DAGS_FOLDER/prueba.py', '--cfg-path', '/tmp/tmpqq7qslpn']
[2025-06-17T09:33:18.781+0000] {standard_task_runner.py:91} INFO - Job 24: Subtask send_notification
[2025-06-17T09:33:18.815+0000] {task_command.py:426} INFO - Running <TaskInstance: carrefour_meat_prices_scraper.send_notification manual__2025-06-17T09:29:56.791291+00:00 [running]> on host 576e15af3b1b
[2025-06-17T09:33:18.887+0000] {taskinstance.py:2648} INFO - Exporting env vars: AIRFLOW_CTX_DAG_OWNER='data-team' AIRFLOW_CTX_DAG_ID='carrefour_meat_prices_scraper' AIRFLOW_CTX_TASK_ID='send_notification' AIRFLOW_CTX_EXECUTION_DATE='2025-06-17T09:29:56.791291+00:00' AIRFLOW_CTX_TRY_NUMBER='1' AIRFLOW_CTX_DAG_RUN_ID='manual__2025-06-17T09:29:56.791291+00:00'
[2025-06-17T09:33:18.888+0000] {taskinstance.py:430} INFO - ::endgroup::
[2025-06-17T09:33:18.896+0000] {prueba.py:360} INFO - Enviando notificación...
[2025-06-17T09:33:18.908+0000] {prueba.py:380} INFO - 
        ✅ Scraping de Carrefour completado exitosamente
        
        📊 Resumen:
        - Items encontrados: 30
        - Páginas procesadas: 3
        - Archivo guardado: /opt/***/data/carrefour/carrefour_products_20250617_093318_30_items.json
        - Tamaño del archivo: 4795 bytes
        - Timestamp: 20250617_093318
        
        🎯 Ejecución: 2025-06-17 - DAG: carrefour_meat_prices_scraper
        
[2025-06-17T09:33:18.909+0000] {python.py:237} INFO - Done. Returned value was: {'status': 'notification_sent', 'message': '\n        ✅ Scraping de Carrefour completado exitosamente\n        \n        📊 Resumen:\n        - Items encontrados: 30\n        - Páginas procesadas: 3\n        - Archivo guardado: /opt/***/data/carrefour/carrefour_products_20250617_093318_30_items.json\n        - Tamaño del archivo: 4795 bytes\n        - Timestamp: 20250617_093318\n        \n        🎯 Ejecución: 2025-06-17 - DAG: carrefour_meat_prices_scraper\n        '}
[2025-06-17T09:33:18.909+0000] {taskinstance.py:441} INFO - ::group::Post task execution logs
[2025-06-17T09:33:18.923+0000] {taskinstance.py:1206} INFO - Marking task as SUCCESS. dag_id=carrefour_meat_prices_scraper, task_id=send_notification, run_id=manual__2025-06-17T09:29:56.791291+00:00, execution_date=20250617T092956, start_date=20250617T093318, end_date=20250617T093318
[2025-06-17T09:33:18.953+0000] {local_task_job_runner.py:240} INFO - Task exited with return code 0
[2025-06-17T09:33:18.968+0000] {taskinstance.py:3503} INFO - 0 downstream tasks scheduled from follow-on schedule check
[2025-06-17T09:33:18.969+0000] {local_task_job_runner.py:222} INFO - ::endgroup::
