[2025-06-17T09:10:11.334+0000] {local_task_job_runner.py:120} INFO - ::group::Pre task execution logs
[2025-06-17T09:10:11.371+0000] {taskinstance.py:2076} INFO - Dependencies all met for dep_context=non-requeueable deps ti=<TaskInstance: scrape_example.fetch manual__2025-06-17T09:10:10.838895+00:00 [queued]>
[2025-06-17T09:10:11.377+0000] {taskinstance.py:2076} INFO - Dependencies all met for dep_context=requeueable deps ti=<TaskInstance: scrape_example.fetch manual__2025-06-17T09:10:10.838895+00:00 [queued]>
[2025-06-17T09:10:11.378+0000] {taskinstance.py:2306} INFO - Starting attempt 1 of 1
[2025-06-17T09:10:11.386+0000] {taskinstance.py:2330} INFO - Executing <Task(_PythonDecoratedOperator): fetch> on 2025-06-17 09:10:10.838895+00:00
[2025-06-17T09:10:11.389+0000] {standard_task_runner.py:63} INFO - Started process 196 to run task
[2025-06-17T09:10:11.392+0000] {standard_task_runner.py:90} INFO - Running: ['***', 'tasks', 'run', 'scrape_example', 'fetch', 'manual__2025-06-17T09:10:10.838895+00:00', '--job-id', '14', '--raw', '--subdir', 'DAGS_FOLDER/prueba.py', '--cfg-path', '/tmp/tmplx2zkbpu']
[2025-06-17T09:10:11.393+0000] {standard_task_runner.py:91} INFO - Job 14: Subtask fetch
[2025-06-17T09:10:11.432+0000] {task_command.py:426} INFO - Running <TaskInstance: scrape_example.fetch manual__2025-06-17T09:10:10.838895+00:00 [running]> on host 51693eb0f439
[2025-06-17T09:10:11.617+0000] {taskinstance.py:2648} INFO - Exporting env vars: AIRFLOW_CTX_DAG_OWNER='***' AIRFLOW_CTX_DAG_ID='scrape_example' AIRFLOW_CTX_TASK_ID='fetch' AIRFLOW_CTX_EXECUTION_DATE='2025-06-17T09:10:10.838895+00:00' AIRFLOW_CTX_TRY_NUMBER='1' AIRFLOW_CTX_DAG_RUN_ID='manual__2025-06-17T09:10:10.838895+00:00'
[2025-06-17T09:10:11.617+0000] {taskinstance.py:430} INFO - ::endgroup::
[2025-06-17T09:10:11.641+0000] {prueba.py:14} INFO - 🌀 Starting Playwright...
[2025-06-17T09:10:11.910+0000] {prueba.py:17} INFO - 🚀 Browser launched
[2025-06-17T09:10:13.036+0000] {prueba.py:20} INFO - ✅ Page loaded
[2025-06-17T09:10:13.049+0000] {prueba.py:22} INFO - 📄 HTML content length: 1248
[2025-06-17T09:10:13.113+0000] {prueba.py:30} INFO - 🔁 Final result: 1248
[2025-06-17T09:10:13.114+0000] {python.py:237} INFO - Done. Returned value was: 1248
[2025-06-17T09:10:13.114+0000] {taskinstance.py:441} INFO - ::group::Post task execution logs
[2025-06-17T09:10:13.133+0000] {taskinstance.py:1206} INFO - Marking task as SUCCESS. dag_id=scrape_example, task_id=fetch, run_id=manual__2025-06-17T09:10:10.838895+00:00, execution_date=20250617T091010, start_date=20250617T091011, end_date=20250617T091013
[2025-06-17T09:10:13.170+0000] {local_task_job_runner.py:240} INFO - Task exited with return code 0
[2025-06-17T09:10:13.188+0000] {taskinstance.py:3503} INFO - 0 downstream tasks scheduled from follow-on schedule check
[2025-06-17T09:10:13.189+0000] {local_task_job_runner.py:222} INFO - ::endgroup::
