[2025-06-17T08:48:10.434+0000] {processor.py:161} INFO - Started process (PID=190) to work on /opt/airflow/dags/prueba.py
[2025-06-17T08:48:10.435+0000] {processor.py:830} INFO - Processing file /opt/airflow/dags/prueba.py for tasks to queue
[2025-06-17T08:48:10.436+0000] {logging_mixin.py:188} INFO - [2025-06-17T08:48:10.436+0000] {dagbag.py:545} INFO - Filling up the DagBag from /opt/airflow/dags/prueba.py
[2025-06-17T08:48:10.467+0000] {processor.py:840} INFO - DAG(s) 'scrape_example' retrieved from /opt/airflow/dags/prueba.py
[2025-06-17T08:48:10.761+0000] {logging_mixin.py:188} INFO - [2025-06-17T08:48:10.760+0000] {override.py:1829} INFO - Created Permission View: can delete on DAG:scrape_example
[2025-06-17T08:48:10.767+0000] {logging_mixin.py:188} INFO - [2025-06-17T08:48:10.766+0000] {override.py:1829} INFO - Created Permission View: can read on DAG:scrape_example
[2025-06-17T08:48:10.771+0000] {logging_mixin.py:188} INFO - [2025-06-17T08:48:10.771+0000] {override.py:1829} INFO - Created Permission View: can edit on DAG:scrape_example
[2025-06-17T08:48:10.772+0000] {logging_mixin.py:188} INFO - [2025-06-17T08:48:10.772+0000] {dag.py:3096} INFO - Sync 1 DAGs
[2025-06-17T08:48:10.779+0000] {logging_mixin.py:188} INFO - [2025-06-17T08:48:10.779+0000] {dag.py:3118} INFO - Creating ORM DAG for scrape_example
[2025-06-17T08:48:10.780+0000] {logging_mixin.py:188} INFO - [2025-06-17T08:48:10.780+0000] {dag.py:3954} INFO - Setting next_dagrun for scrape_example to None, run_after=None
[2025-06-17T08:48:10.795+0000] {processor.py:183} INFO - Processing /opt/airflow/dags/prueba.py took 0.365 seconds
[2025-06-17T08:48:41.405+0000] {processor.py:161} INFO - Started process (PID=195) to work on /opt/airflow/dags/prueba.py
[2025-06-17T08:48:41.407+0000] {processor.py:830} INFO - Processing file /opt/airflow/dags/prueba.py for tasks to queue
[2025-06-17T08:48:41.409+0000] {logging_mixin.py:188} INFO - [2025-06-17T08:48:41.409+0000] {dagbag.py:545} INFO - Filling up the DagBag from /opt/airflow/dags/prueba.py
[2025-06-17T08:48:41.434+0000] {processor.py:840} INFO - DAG(s) 'scrape_example' retrieved from /opt/airflow/dags/prueba.py
[2025-06-17T08:48:41.463+0000] {logging_mixin.py:188} INFO - [2025-06-17T08:48:41.463+0000] {dag.py:3096} INFO - Sync 1 DAGs
[2025-06-17T08:48:41.474+0000] {logging_mixin.py:188} INFO - [2025-06-17T08:48:41.474+0000] {dag.py:3954} INFO - Setting next_dagrun for scrape_example to None, run_after=None
[2025-06-17T08:48:41.489+0000] {processor.py:183} INFO - Processing /opt/airflow/dags/prueba.py took 0.095 seconds
[2025-06-17T08:49:12.396+0000] {processor.py:161} INFO - Started process (PID=200) to work on /opt/airflow/dags/prueba.py
[2025-06-17T08:49:12.397+0000] {processor.py:830} INFO - Processing file /opt/airflow/dags/prueba.py for tasks to queue
[2025-06-17T08:49:12.398+0000] {logging_mixin.py:188} INFO - [2025-06-17T08:49:12.398+0000] {dagbag.py:545} INFO - Filling up the DagBag from /opt/airflow/dags/prueba.py
[2025-06-17T08:49:12.411+0000] {processor.py:840} INFO - DAG(s) 'scrape_example' retrieved from /opt/airflow/dags/prueba.py
[2025-06-17T08:49:12.434+0000] {logging_mixin.py:188} INFO - [2025-06-17T08:49:12.434+0000] {dag.py:3096} INFO - Sync 1 DAGs
[2025-06-17T08:49:12.444+0000] {logging_mixin.py:188} INFO - [2025-06-17T08:49:12.444+0000] {dag.py:3954} INFO - Setting next_dagrun for scrape_example to None, run_after=None
[2025-06-17T08:49:12.456+0000] {processor.py:183} INFO - Processing /opt/airflow/dags/prueba.py took 0.063 seconds
[2025-06-17T08:49:42.496+0000] {processor.py:161} INFO - Started process (PID=205) to work on /opt/airflow/dags/prueba.py
[2025-06-17T08:49:42.497+0000] {processor.py:830} INFO - Processing file /opt/airflow/dags/prueba.py for tasks to queue
[2025-06-17T08:49:42.498+0000] {logging_mixin.py:188} INFO - [2025-06-17T08:49:42.498+0000] {dagbag.py:545} INFO - Filling up the DagBag from /opt/airflow/dags/prueba.py
[2025-06-17T08:49:42.513+0000] {processor.py:840} INFO - DAG(s) 'scrape_example' retrieved from /opt/airflow/dags/prueba.py
[2025-06-17T08:49:42.535+0000] {logging_mixin.py:188} INFO - [2025-06-17T08:49:42.535+0000] {dag.py:3096} INFO - Sync 1 DAGs
[2025-06-17T08:49:42.543+0000] {logging_mixin.py:188} INFO - [2025-06-17T08:49:42.543+0000] {dag.py:3954} INFO - Setting next_dagrun for scrape_example to None, run_after=None
[2025-06-17T08:49:42.555+0000] {processor.py:183} INFO - Processing /opt/airflow/dags/prueba.py took 0.064 seconds
[2025-06-17T08:50:13.460+0000] {processor.py:161} INFO - Started process (PID=210) to work on /opt/airflow/dags/prueba.py
[2025-06-17T08:50:13.461+0000] {processor.py:830} INFO - Processing file /opt/airflow/dags/prueba.py for tasks to queue
[2025-06-17T08:50:13.463+0000] {logging_mixin.py:188} INFO - [2025-06-17T08:50:13.463+0000] {dagbag.py:545} INFO - Filling up the DagBag from /opt/airflow/dags/prueba.py
[2025-06-17T08:50:13.477+0000] {processor.py:840} INFO - DAG(s) 'scrape_example' retrieved from /opt/airflow/dags/prueba.py
[2025-06-17T08:50:13.500+0000] {logging_mixin.py:188} INFO - [2025-06-17T08:50:13.500+0000] {dag.py:3096} INFO - Sync 1 DAGs
[2025-06-17T08:50:13.509+0000] {logging_mixin.py:188} INFO - [2025-06-17T08:50:13.509+0000] {dag.py:3954} INFO - Setting next_dagrun for scrape_example to None, run_after=None
[2025-06-17T08:50:13.523+0000] {processor.py:183} INFO - Processing /opt/airflow/dags/prueba.py took 0.068 seconds
[2025-06-17T08:50:44.459+0000] {processor.py:161} INFO - Started process (PID=215) to work on /opt/airflow/dags/prueba.py
[2025-06-17T08:50:44.460+0000] {processor.py:830} INFO - Processing file /opt/airflow/dags/prueba.py for tasks to queue
[2025-06-17T08:50:44.462+0000] {logging_mixin.py:188} INFO - [2025-06-17T08:50:44.461+0000] {dagbag.py:545} INFO - Filling up the DagBag from /opt/airflow/dags/prueba.py
[2025-06-17T08:50:44.476+0000] {processor.py:840} INFO - DAG(s) 'scrape_example' retrieved from /opt/airflow/dags/prueba.py
[2025-06-17T08:50:44.495+0000] {logging_mixin.py:188} INFO - [2025-06-17T08:50:44.495+0000] {dag.py:3096} INFO - Sync 1 DAGs
[2025-06-17T08:50:44.504+0000] {logging_mixin.py:188} INFO - [2025-06-17T08:50:44.504+0000] {dag.py:3954} INFO - Setting next_dagrun for scrape_example to None, run_after=None
[2025-06-17T08:50:44.624+0000] {processor.py:183} INFO - Processing /opt/airflow/dags/prueba.py took 0.169 seconds
[2025-06-17T08:51:15.441+0000] {processor.py:161} INFO - Started process (PID=220) to work on /opt/airflow/dags/prueba.py
[2025-06-17T08:51:15.442+0000] {processor.py:830} INFO - Processing file /opt/airflow/dags/prueba.py for tasks to queue
[2025-06-17T08:51:15.444+0000] {logging_mixin.py:188} INFO - [2025-06-17T08:51:15.444+0000] {dagbag.py:545} INFO - Filling up the DagBag from /opt/airflow/dags/prueba.py
[2025-06-17T08:51:15.455+0000] {processor.py:840} INFO - DAG(s) 'scrape_example' retrieved from /opt/airflow/dags/prueba.py
[2025-06-17T08:51:15.472+0000] {logging_mixin.py:188} INFO - [2025-06-17T08:51:15.472+0000] {dag.py:3096} INFO - Sync 1 DAGs
[2025-06-17T08:51:15.556+0000] {logging_mixin.py:188} INFO - [2025-06-17T08:51:15.556+0000] {dag.py:3954} INFO - Setting next_dagrun for scrape_example to None, run_after=None
[2025-06-17T08:51:15.567+0000] {processor.py:183} INFO - Processing /opt/airflow/dags/prueba.py took 0.130 seconds
[2025-06-17T08:51:46.490+0000] {processor.py:161} INFO - Started process (PID=225) to work on /opt/airflow/dags/prueba.py
[2025-06-17T08:51:46.491+0000] {processor.py:830} INFO - Processing file /opt/airflow/dags/prueba.py for tasks to queue
[2025-06-17T08:51:46.493+0000] {logging_mixin.py:188} INFO - [2025-06-17T08:51:46.493+0000] {dagbag.py:545} INFO - Filling up the DagBag from /opt/airflow/dags/prueba.py
[2025-06-17T08:51:46.509+0000] {processor.py:840} INFO - DAG(s) 'scrape_example' retrieved from /opt/airflow/dags/prueba.py
[2025-06-17T08:51:46.518+0000] {logging_mixin.py:188} INFO - [2025-06-17T08:51:46.518+0000] {dag.py:3096} INFO - Sync 1 DAGs
[2025-06-17T08:51:46.615+0000] {logging_mixin.py:188} INFO - [2025-06-17T08:51:46.615+0000] {dag.py:3954} INFO - Setting next_dagrun for scrape_example to None, run_after=None
[2025-06-17T08:51:46.632+0000] {processor.py:183} INFO - Processing /opt/airflow/dags/prueba.py took 0.146 seconds
[2025-06-17T08:52:17.587+0000] {processor.py:161} INFO - Started process (PID=230) to work on /opt/airflow/dags/prueba.py
[2025-06-17T08:52:17.588+0000] {processor.py:830} INFO - Processing file /opt/airflow/dags/prueba.py for tasks to queue
[2025-06-17T08:52:17.589+0000] {logging_mixin.py:188} INFO - [2025-06-17T08:52:17.589+0000] {dagbag.py:545} INFO - Filling up the DagBag from /opt/airflow/dags/prueba.py
[2025-06-17T08:52:17.711+0000] {processor.py:840} INFO - DAG(s) 'scrape_example' retrieved from /opt/airflow/dags/prueba.py
[2025-06-17T08:52:17.782+0000] {logging_mixin.py:188} INFO - [2025-06-17T08:52:17.781+0000] {dag.py:3096} INFO - Sync 1 DAGs
[2025-06-17T08:52:17.788+0000] {logging_mixin.py:188} INFO - [2025-06-17T08:52:17.787+0000] {dag.py:3954} INFO - Setting next_dagrun for scrape_example to None, run_after=None
[2025-06-17T08:52:17.801+0000] {processor.py:183} INFO - Processing /opt/airflow/dags/prueba.py took 0.220 seconds
[2025-06-17T08:52:48.628+0000] {processor.py:161} INFO - Started process (PID=235) to work on /opt/airflow/dags/prueba.py
[2025-06-17T08:52:48.629+0000] {processor.py:830} INFO - Processing file /opt/airflow/dags/prueba.py for tasks to queue
[2025-06-17T08:52:48.630+0000] {logging_mixin.py:188} INFO - [2025-06-17T08:52:48.630+0000] {dagbag.py:545} INFO - Filling up the DagBag from /opt/airflow/dags/prueba.py
[2025-06-17T08:52:48.643+0000] {processor.py:840} INFO - DAG(s) 'scrape_example' retrieved from /opt/airflow/dags/prueba.py
[2025-06-17T08:52:48.667+0000] {logging_mixin.py:188} INFO - [2025-06-17T08:52:48.667+0000] {dag.py:3096} INFO - Sync 1 DAGs
[2025-06-17T08:52:48.675+0000] {logging_mixin.py:188} INFO - [2025-06-17T08:52:48.675+0000] {dag.py:3954} INFO - Setting next_dagrun for scrape_example to None, run_after=None
[2025-06-17T08:52:48.691+0000] {processor.py:183} INFO - Processing /opt/airflow/dags/prueba.py took 0.067 seconds
[2025-06-17T08:53:18.862+0000] {processor.py:161} INFO - Started process (PID=240) to work on /opt/airflow/dags/prueba.py
[2025-06-17T08:53:18.863+0000] {processor.py:830} INFO - Processing file /opt/airflow/dags/prueba.py for tasks to queue
[2025-06-17T08:53:18.864+0000] {logging_mixin.py:188} INFO - [2025-06-17T08:53:18.864+0000] {dagbag.py:545} INFO - Filling up the DagBag from /opt/airflow/dags/prueba.py
[2025-06-17T08:53:18.878+0000] {processor.py:840} INFO - DAG(s) 'scrape_example' retrieved from /opt/airflow/dags/prueba.py
[2025-06-17T08:53:18.902+0000] {logging_mixin.py:188} INFO - [2025-06-17T08:53:18.902+0000] {dag.py:3096} INFO - Sync 1 DAGs
[2025-06-17T08:53:18.911+0000] {logging_mixin.py:188} INFO - [2025-06-17T08:53:18.911+0000] {dag.py:3954} INFO - Setting next_dagrun for scrape_example to None, run_after=None
[2025-06-17T08:53:18.925+0000] {processor.py:183} INFO - Processing /opt/airflow/dags/prueba.py took 0.068 seconds
[2025-06-17T08:53:49.866+0000] {processor.py:161} INFO - Started process (PID=245) to work on /opt/airflow/dags/prueba.py
[2025-06-17T08:53:49.867+0000] {processor.py:830} INFO - Processing file /opt/airflow/dags/prueba.py for tasks to queue
[2025-06-17T08:53:49.868+0000] {logging_mixin.py:188} INFO - [2025-06-17T08:53:49.868+0000] {dagbag.py:545} INFO - Filling up the DagBag from /opt/airflow/dags/prueba.py
[2025-06-17T08:53:49.877+0000] {processor.py:840} INFO - DAG(s) 'scrape_example' retrieved from /opt/airflow/dags/prueba.py
[2025-06-17T08:53:49.897+0000] {logging_mixin.py:188} INFO - [2025-06-17T08:53:49.896+0000] {dag.py:3096} INFO - Sync 1 DAGs
[2025-06-17T08:53:49.905+0000] {logging_mixin.py:188} INFO - [2025-06-17T08:53:49.905+0000] {dag.py:3954} INFO - Setting next_dagrun for scrape_example to None, run_after=None
[2025-06-17T08:53:49.917+0000] {processor.py:183} INFO - Processing /opt/airflow/dags/prueba.py took 0.055 seconds
[2025-06-17T08:54:20.855+0000] {processor.py:161} INFO - Started process (PID=250) to work on /opt/airflow/dags/prueba.py
[2025-06-17T08:54:20.856+0000] {processor.py:830} INFO - Processing file /opt/airflow/dags/prueba.py for tasks to queue
[2025-06-17T08:54:20.858+0000] {logging_mixin.py:188} INFO - [2025-06-17T08:54:20.858+0000] {dagbag.py:545} INFO - Filling up the DagBag from /opt/airflow/dags/prueba.py
[2025-06-17T08:54:20.876+0000] {processor.py:840} INFO - DAG(s) 'scrape_example' retrieved from /opt/airflow/dags/prueba.py
[2025-06-17T08:54:20.896+0000] {logging_mixin.py:188} INFO - [2025-06-17T08:54:20.896+0000] {dag.py:3096} INFO - Sync 1 DAGs
[2025-06-17T08:54:20.906+0000] {logging_mixin.py:188} INFO - [2025-06-17T08:54:20.906+0000] {dag.py:3954} INFO - Setting next_dagrun for scrape_example to None, run_after=None
[2025-06-17T08:54:20.926+0000] {processor.py:183} INFO - Processing /opt/airflow/dags/prueba.py took 0.075 seconds
[2025-06-17T08:54:51.835+0000] {processor.py:161} INFO - Started process (PID=255) to work on /opt/airflow/dags/prueba.py
[2025-06-17T08:54:51.836+0000] {processor.py:830} INFO - Processing file /opt/airflow/dags/prueba.py for tasks to queue
[2025-06-17T08:54:51.837+0000] {logging_mixin.py:188} INFO - [2025-06-17T08:54:51.837+0000] {dagbag.py:545} INFO - Filling up the DagBag from /opt/airflow/dags/prueba.py
[2025-06-17T08:54:51.852+0000] {processor.py:840} INFO - DAG(s) 'scrape_example' retrieved from /opt/airflow/dags/prueba.py
[2025-06-17T08:54:51.871+0000] {logging_mixin.py:188} INFO - [2025-06-17T08:54:51.871+0000] {dag.py:3096} INFO - Sync 1 DAGs
[2025-06-17T08:54:51.879+0000] {logging_mixin.py:188} INFO - [2025-06-17T08:54:51.879+0000] {dag.py:3954} INFO - Setting next_dagrun for scrape_example to None, run_after=None
[2025-06-17T08:54:51.892+0000] {processor.py:183} INFO - Processing /opt/airflow/dags/prueba.py took 0.063 seconds
[2025-06-17T08:55:21.948+0000] {processor.py:161} INFO - Started process (PID=260) to work on /opt/airflow/dags/prueba.py
[2025-06-17T08:55:21.949+0000] {processor.py:830} INFO - Processing file /opt/airflow/dags/prueba.py for tasks to queue
[2025-06-17T08:55:21.953+0000] {logging_mixin.py:188} INFO - [2025-06-17T08:55:21.952+0000] {dagbag.py:545} INFO - Filling up the DagBag from /opt/airflow/dags/prueba.py
[2025-06-17T08:55:21.986+0000] {processor.py:840} INFO - DAG(s) 'scrape_example' retrieved from /opt/airflow/dags/prueba.py
[2025-06-17T08:55:22.009+0000] {logging_mixin.py:188} INFO - [2025-06-17T08:55:22.009+0000] {dag.py:3096} INFO - Sync 1 DAGs
[2025-06-17T08:55:22.018+0000] {logging_mixin.py:188} INFO - [2025-06-17T08:55:22.018+0000] {dag.py:3954} INFO - Setting next_dagrun for scrape_example to None, run_after=None
[2025-06-17T08:55:22.033+0000] {processor.py:183} INFO - Processing /opt/airflow/dags/prueba.py took 0.094 seconds
[2025-06-17T08:55:55.030+0000] {processor.py:161} INFO - Started process (PID=265) to work on /opt/airflow/dags/prueba.py
[2025-06-17T08:55:55.031+0000] {processor.py:830} INFO - Processing file /opt/airflow/dags/prueba.py for tasks to queue
[2025-06-17T08:55:55.033+0000] {logging_mixin.py:188} INFO - [2025-06-17T08:55:55.033+0000] {dagbag.py:545} INFO - Filling up the DagBag from /opt/airflow/dags/prueba.py
[2025-06-17T08:55:55.046+0000] {processor.py:840} INFO - DAG(s) 'scrape_example' retrieved from /opt/airflow/dags/prueba.py
[2025-06-17T08:55:55.067+0000] {logging_mixin.py:188} INFO - [2025-06-17T08:55:55.066+0000] {dag.py:3096} INFO - Sync 1 DAGs
[2025-06-17T08:55:55.075+0000] {logging_mixin.py:188} INFO - [2025-06-17T08:55:55.075+0000] {dag.py:3954} INFO - Setting next_dagrun for scrape_example to None, run_after=None
[2025-06-17T08:55:55.088+0000] {processor.py:183} INFO - Processing /opt/airflow/dags/prueba.py took 0.067 seconds
[2025-06-17T08:58:59.527+0000] {processor.py:161} INFO - Started process (PID=190) to work on /opt/airflow/dags/prueba.py
[2025-06-17T08:58:59.528+0000] {processor.py:830} INFO - Processing file /opt/airflow/dags/prueba.py for tasks to queue
[2025-06-17T08:58:59.530+0000] {logging_mixin.py:188} INFO - [2025-06-17T08:58:59.530+0000] {dagbag.py:545} INFO - Filling up the DagBag from /opt/airflow/dags/prueba.py
[2025-06-17T08:58:59.543+0000] {processor.py:840} INFO - DAG(s) 'scrape_example' retrieved from /opt/airflow/dags/prueba.py
[2025-06-17T08:58:59.561+0000] {logging_mixin.py:188} INFO - [2025-06-17T08:58:59.561+0000] {dag.py:3096} INFO - Sync 1 DAGs
[2025-06-17T08:58:59.570+0000] {logging_mixin.py:188} INFO - [2025-06-17T08:58:59.570+0000] {dag.py:3954} INFO - Setting next_dagrun for scrape_example to None, run_after=None
[2025-06-17T08:58:59.583+0000] {processor.py:183} INFO - Processing /opt/airflow/dags/prueba.py took 0.059 seconds
[2025-06-17T08:59:30.560+0000] {processor.py:161} INFO - Started process (PID=195) to work on /opt/airflow/dags/prueba.py
[2025-06-17T08:59:30.561+0000] {processor.py:830} INFO - Processing file /opt/airflow/dags/prueba.py for tasks to queue
[2025-06-17T08:59:30.563+0000] {logging_mixin.py:188} INFO - [2025-06-17T08:59:30.563+0000] {dagbag.py:545} INFO - Filling up the DagBag from /opt/airflow/dags/prueba.py
[2025-06-17T08:59:30.626+0000] {processor.py:840} INFO - DAG(s) 'scrape_example' retrieved from /opt/airflow/dags/prueba.py
[2025-06-17T08:59:30.996+0000] {logging_mixin.py:188} INFO - [2025-06-17T08:59:30.995+0000] {dag.py:3096} INFO - Sync 1 DAGs
[2025-06-17T08:59:31.006+0000] {logging_mixin.py:188} INFO - [2025-06-17T08:59:31.006+0000] {dag.py:3954} INFO - Setting next_dagrun for scrape_example to None, run_after=None
[2025-06-17T08:59:31.036+0000] {processor.py:183} INFO - Processing /opt/airflow/dags/prueba.py took 0.489 seconds
[2025-06-17T09:00:01.108+0000] {processor.py:161} INFO - Started process (PID=200) to work on /opt/airflow/dags/prueba.py
[2025-06-17T09:00:01.109+0000] {processor.py:830} INFO - Processing file /opt/airflow/dags/prueba.py for tasks to queue
[2025-06-17T09:00:01.110+0000] {logging_mixin.py:188} INFO - [2025-06-17T09:00:01.110+0000] {dagbag.py:545} INFO - Filling up the DagBag from /opt/airflow/dags/prueba.py
[2025-06-17T09:00:01.123+0000] {processor.py:840} INFO - DAG(s) 'scrape_example' retrieved from /opt/airflow/dags/prueba.py
[2025-06-17T09:00:01.145+0000] {logging_mixin.py:188} INFO - [2025-06-17T09:00:01.145+0000] {dag.py:3096} INFO - Sync 1 DAGs
[2025-06-17T09:00:01.155+0000] {logging_mixin.py:188} INFO - [2025-06-17T09:00:01.154+0000] {dag.py:3954} INFO - Setting next_dagrun for scrape_example to None, run_after=None
[2025-06-17T09:00:01.169+0000] {processor.py:183} INFO - Processing /opt/airflow/dags/prueba.py took 0.066 seconds
[2025-06-17T09:00:32.118+0000] {processor.py:161} INFO - Started process (PID=207) to work on /opt/airflow/dags/prueba.py
[2025-06-17T09:00:32.119+0000] {processor.py:830} INFO - Processing file /opt/airflow/dags/prueba.py for tasks to queue
[2025-06-17T09:00:32.121+0000] {logging_mixin.py:188} INFO - [2025-06-17T09:00:32.121+0000] {dagbag.py:545} INFO - Filling up the DagBag from /opt/airflow/dags/prueba.py
[2025-06-17T09:00:32.142+0000] {processor.py:840} INFO - DAG(s) 'scrape_example' retrieved from /opt/airflow/dags/prueba.py
[2025-06-17T09:00:32.166+0000] {logging_mixin.py:188} INFO - [2025-06-17T09:00:32.166+0000] {dag.py:3096} INFO - Sync 1 DAGs
[2025-06-17T09:00:32.175+0000] {logging_mixin.py:188} INFO - [2025-06-17T09:00:32.175+0000] {dag.py:3954} INFO - Setting next_dagrun for scrape_example to None, run_after=None
[2025-06-17T09:00:32.188+0000] {processor.py:183} INFO - Processing /opt/airflow/dags/prueba.py took 0.075 seconds
[2025-06-17T09:01:03.187+0000] {processor.py:161} INFO - Started process (PID=212) to work on /opt/airflow/dags/prueba.py
[2025-06-17T09:01:03.188+0000] {processor.py:830} INFO - Processing file /opt/airflow/dags/prueba.py for tasks to queue
[2025-06-17T09:01:03.189+0000] {logging_mixin.py:188} INFO - [2025-06-17T09:01:03.189+0000] {dagbag.py:545} INFO - Filling up the DagBag from /opt/airflow/dags/prueba.py
[2025-06-17T09:01:03.202+0000] {processor.py:840} INFO - DAG(s) 'scrape_example' retrieved from /opt/airflow/dags/prueba.py
[2025-06-17T09:01:03.227+0000] {logging_mixin.py:188} INFO - [2025-06-17T09:01:03.227+0000] {dag.py:3096} INFO - Sync 1 DAGs
[2025-06-17T09:01:03.236+0000] {logging_mixin.py:188} INFO - [2025-06-17T09:01:03.235+0000] {dag.py:3954} INFO - Setting next_dagrun for scrape_example to None, run_after=None
[2025-06-17T09:01:03.247+0000] {processor.py:183} INFO - Processing /opt/airflow/dags/prueba.py took 0.065 seconds
[2025-06-17T09:01:33.186+0000] {processor.py:161} INFO - Started process (PID=217) to work on /opt/airflow/dags/prueba.py
[2025-06-17T09:01:33.187+0000] {processor.py:830} INFO - Processing file /opt/airflow/dags/prueba.py for tasks to queue
[2025-06-17T09:01:33.189+0000] {logging_mixin.py:188} INFO - [2025-06-17T09:01:33.189+0000] {dagbag.py:545} INFO - Filling up the DagBag from /opt/airflow/dags/prueba.py
[2025-06-17T09:01:33.253+0000] {processor.py:840} INFO - DAG(s) 'scrape_example' retrieved from /opt/airflow/dags/prueba.py
[2025-06-17T09:01:33.276+0000] {logging_mixin.py:188} INFO - [2025-06-17T09:01:33.276+0000] {dag.py:3096} INFO - Sync 1 DAGs
[2025-06-17T09:01:33.286+0000] {logging_mixin.py:188} INFO - [2025-06-17T09:01:33.286+0000] {dag.py:3954} INFO - Setting next_dagrun for scrape_example to None, run_after=None
[2025-06-17T09:01:33.413+0000] {processor.py:183} INFO - Processing /opt/airflow/dags/prueba.py took 0.232 seconds
[2025-06-17T09:02:04.193+0000] {processor.py:161} INFO - Started process (PID=271) to work on /opt/airflow/dags/prueba.py
[2025-06-17T09:02:04.194+0000] {processor.py:830} INFO - Processing file /opt/airflow/dags/prueba.py for tasks to queue
[2025-06-17T09:02:04.196+0000] {logging_mixin.py:188} INFO - [2025-06-17T09:02:04.196+0000] {dagbag.py:545} INFO - Filling up the DagBag from /opt/airflow/dags/prueba.py
[2025-06-17T09:02:04.206+0000] {processor.py:840} INFO - DAG(s) 'scrape_example' retrieved from /opt/airflow/dags/prueba.py
[2025-06-17T09:02:04.225+0000] {logging_mixin.py:188} INFO - [2025-06-17T09:02:04.225+0000] {dag.py:3096} INFO - Sync 1 DAGs
[2025-06-17T09:02:04.326+0000] {logging_mixin.py:188} INFO - [2025-06-17T09:02:04.326+0000] {dag.py:3954} INFO - Setting next_dagrun for scrape_example to None, run_after=None
[2025-06-17T09:02:04.339+0000] {processor.py:183} INFO - Processing /opt/airflow/dags/prueba.py took 0.150 seconds
[2025-06-17T09:02:35.194+0000] {processor.py:161} INFO - Started process (PID=325) to work on /opt/airflow/dags/prueba.py
[2025-06-17T09:02:35.195+0000] {processor.py:830} INFO - Processing file /opt/airflow/dags/prueba.py for tasks to queue
[2025-06-17T09:02:35.197+0000] {logging_mixin.py:188} INFO - [2025-06-17T09:02:35.196+0000] {dagbag.py:545} INFO - Filling up the DagBag from /opt/airflow/dags/prueba.py
[2025-06-17T09:02:35.207+0000] {processor.py:840} INFO - DAG(s) 'scrape_example' retrieved from /opt/airflow/dags/prueba.py
[2025-06-17T09:02:35.333+0000] {logging_mixin.py:188} INFO - [2025-06-17T09:02:35.333+0000] {dag.py:3096} INFO - Sync 1 DAGs
[2025-06-17T09:02:35.340+0000] {logging_mixin.py:188} INFO - [2025-06-17T09:02:35.340+0000] {dag.py:3954} INFO - Setting next_dagrun for scrape_example to None, run_after=None
[2025-06-17T09:02:35.353+0000] {processor.py:183} INFO - Processing /opt/airflow/dags/prueba.py took 0.164 seconds
[2025-06-17T09:03:05.396+0000] {processor.py:161} INFO - Started process (PID=330) to work on /opt/airflow/dags/prueba.py
[2025-06-17T09:03:05.397+0000] {processor.py:830} INFO - Processing file /opt/airflow/dags/prueba.py for tasks to queue
[2025-06-17T09:03:05.399+0000] {logging_mixin.py:188} INFO - [2025-06-17T09:03:05.399+0000] {dagbag.py:545} INFO - Filling up the DagBag from /opt/airflow/dags/prueba.py
[2025-06-17T09:03:05.510+0000] {processor.py:840} INFO - DAG(s) 'scrape_example' retrieved from /opt/airflow/dags/prueba.py
[2025-06-17T09:03:05.529+0000] {logging_mixin.py:188} INFO - [2025-06-17T09:03:05.528+0000] {dag.py:3096} INFO - Sync 1 DAGs
[2025-06-17T09:03:05.536+0000] {logging_mixin.py:188} INFO - [2025-06-17T09:03:05.536+0000] {dag.py:3954} INFO - Setting next_dagrun for scrape_example to None, run_after=None
[2025-06-17T09:03:05.552+0000] {processor.py:183} INFO - Processing /opt/airflow/dags/prueba.py took 0.161 seconds
[2025-06-17T09:03:35.621+0000] {processor.py:161} INFO - Started process (PID=384) to work on /opt/airflow/dags/prueba.py
[2025-06-17T09:03:35.622+0000] {processor.py:830} INFO - Processing file /opt/airflow/dags/prueba.py for tasks to queue
[2025-06-17T09:03:35.623+0000] {logging_mixin.py:188} INFO - [2025-06-17T09:03:35.623+0000] {dagbag.py:545} INFO - Filling up the DagBag from /opt/airflow/dags/prueba.py
[2025-06-17T09:03:35.637+0000] {processor.py:840} INFO - DAG(s) 'scrape_example' retrieved from /opt/airflow/dags/prueba.py
[2025-06-17T09:03:35.657+0000] {logging_mixin.py:188} INFO - [2025-06-17T09:03:35.657+0000] {dag.py:3096} INFO - Sync 1 DAGs
[2025-06-17T09:03:35.668+0000] {logging_mixin.py:188} INFO - [2025-06-17T09:03:35.667+0000] {dag.py:3954} INFO - Setting next_dagrun for scrape_example to None, run_after=None
[2025-06-17T09:03:35.687+0000] {processor.py:183} INFO - Processing /opt/airflow/dags/prueba.py took 0.071 seconds
[2025-06-17T09:04:06.698+0000] {processor.py:161} INFO - Started process (PID=389) to work on /opt/airflow/dags/prueba.py
[2025-06-17T09:04:06.698+0000] {processor.py:830} INFO - Processing file /opt/airflow/dags/prueba.py for tasks to queue
[2025-06-17T09:04:06.700+0000] {logging_mixin.py:188} INFO - [2025-06-17T09:04:06.700+0000] {dagbag.py:545} INFO - Filling up the DagBag from /opt/airflow/dags/prueba.py
[2025-06-17T09:04:06.713+0000] {processor.py:840} INFO - DAG(s) 'scrape_example' retrieved from /opt/airflow/dags/prueba.py
[2025-06-17T09:04:06.733+0000] {logging_mixin.py:188} INFO - [2025-06-17T09:04:06.733+0000] {dag.py:3096} INFO - Sync 1 DAGs
[2025-06-17T09:04:06.742+0000] {logging_mixin.py:188} INFO - [2025-06-17T09:04:06.741+0000] {dag.py:3954} INFO - Setting next_dagrun for scrape_example to None, run_after=None
[2025-06-17T09:04:06.758+0000] {processor.py:183} INFO - Processing /opt/airflow/dags/prueba.py took 0.064 seconds
[2025-06-17T09:04:10.761+0000] {processor.py:161} INFO - Started process (PID=394) to work on /opt/airflow/dags/prueba.py
[2025-06-17T09:04:10.762+0000] {processor.py:830} INFO - Processing file /opt/airflow/dags/prueba.py for tasks to queue
[2025-06-17T09:04:10.765+0000] {logging_mixin.py:188} INFO - [2025-06-17T09:04:10.765+0000] {dagbag.py:545} INFO - Filling up the DagBag from /opt/airflow/dags/prueba.py
[2025-06-17T09:04:10.787+0000] {processor.py:840} INFO - DAG(s) 'scrape_example' retrieved from /opt/airflow/dags/prueba.py
[2025-06-17T09:04:10.809+0000] {logging_mixin.py:188} INFO - [2025-06-17T09:04:10.809+0000] {dag.py:3096} INFO - Sync 1 DAGs
[2025-06-17T09:04:10.817+0000] {logging_mixin.py:188} INFO - [2025-06-17T09:04:10.817+0000] {dag.py:3954} INFO - Setting next_dagrun for scrape_example to None, run_after=None
[2025-06-17T09:04:10.833+0000] {processor.py:183} INFO - Processing /opt/airflow/dags/prueba.py took 0.076 seconds
[2025-06-17T09:04:40.869+0000] {processor.py:161} INFO - Started process (PID=448) to work on /opt/airflow/dags/prueba.py
[2025-06-17T09:04:40.870+0000] {processor.py:830} INFO - Processing file /opt/airflow/dags/prueba.py for tasks to queue
[2025-06-17T09:04:40.872+0000] {logging_mixin.py:188} INFO - [2025-06-17T09:04:40.872+0000] {dagbag.py:545} INFO - Filling up the DagBag from /opt/airflow/dags/prueba.py
[2025-06-17T09:04:40.884+0000] {processor.py:840} INFO - DAG(s) 'scrape_example' retrieved from /opt/airflow/dags/prueba.py
[2025-06-17T09:04:40.906+0000] {logging_mixin.py:188} INFO - [2025-06-17T09:04:40.906+0000] {dag.py:3096} INFO - Sync 1 DAGs
[2025-06-17T09:04:40.917+0000] {logging_mixin.py:188} INFO - [2025-06-17T09:04:40.917+0000] {dag.py:3954} INFO - Setting next_dagrun for scrape_example to None, run_after=None
[2025-06-17T09:04:40.933+0000] {processor.py:183} INFO - Processing /opt/airflow/dags/prueba.py took 0.068 seconds
[2025-06-17T09:05:12.934+0000] {processor.py:161} INFO - Started process (PID=453) to work on /opt/airflow/dags/prueba.py
[2025-06-17T09:05:12.934+0000] {processor.py:830} INFO - Processing file /opt/airflow/dags/prueba.py for tasks to queue
[2025-06-17T09:05:12.936+0000] {logging_mixin.py:188} INFO - [2025-06-17T09:05:12.935+0000] {dagbag.py:545} INFO - Filling up the DagBag from /opt/airflow/dags/prueba.py
[2025-06-17T09:05:12.946+0000] {processor.py:840} INFO - DAG(s) 'scrape_example' retrieved from /opt/airflow/dags/prueba.py
[2025-06-17T09:05:12.968+0000] {logging_mixin.py:188} INFO - [2025-06-17T09:05:12.968+0000] {dag.py:3096} INFO - Sync 1 DAGs
[2025-06-17T09:05:12.979+0000] {logging_mixin.py:188} INFO - [2025-06-17T09:05:12.978+0000] {dag.py:3954} INFO - Setting next_dagrun for scrape_example to None, run_after=None
[2025-06-17T09:05:12.991+0000] {processor.py:183} INFO - Processing /opt/airflow/dags/prueba.py took 0.062 seconds
[2025-06-17T09:09:45.191+0000] {processor.py:161} INFO - Started process (PID=190) to work on /opt/airflow/dags/prueba.py
[2025-06-17T09:09:45.192+0000] {processor.py:830} INFO - Processing file /opt/airflow/dags/prueba.py for tasks to queue
[2025-06-17T09:09:45.194+0000] {logging_mixin.py:188} INFO - [2025-06-17T09:09:45.194+0000] {dagbag.py:545} INFO - Filling up the DagBag from /opt/airflow/dags/prueba.py
[2025-06-17T09:09:45.214+0000] {processor.py:840} INFO - DAG(s) 'scrape_example' retrieved from /opt/airflow/dags/prueba.py
[2025-06-17T09:09:45.234+0000] {logging_mixin.py:188} INFO - [2025-06-17T09:09:45.234+0000] {dag.py:3096} INFO - Sync 1 DAGs
[2025-06-17T09:09:45.244+0000] {logging_mixin.py:188} INFO - [2025-06-17T09:09:45.244+0000] {dag.py:3954} INFO - Setting next_dagrun for scrape_example to None, run_after=None
[2025-06-17T09:09:45.259+0000] {processor.py:183} INFO - Processing /opt/airflow/dags/prueba.py took 0.072 seconds
[2025-06-17T09:10:16.121+0000] {processor.py:161} INFO - Started process (PID=275) to work on /opt/airflow/dags/prueba.py
[2025-06-17T09:10:16.123+0000] {processor.py:830} INFO - Processing file /opt/airflow/dags/prueba.py for tasks to queue
[2025-06-17T09:10:16.125+0000] {logging_mixin.py:188} INFO - [2025-06-17T09:10:16.124+0000] {dagbag.py:545} INFO - Filling up the DagBag from /opt/airflow/dags/prueba.py
[2025-06-17T09:10:16.146+0000] {processor.py:840} INFO - DAG(s) 'scrape_example' retrieved from /opt/airflow/dags/prueba.py
[2025-06-17T09:10:16.403+0000] {logging_mixin.py:188} INFO - [2025-06-17T09:10:16.403+0000] {dag.py:3096} INFO - Sync 1 DAGs
[2025-06-17T09:10:16.409+0000] {logging_mixin.py:188} INFO - [2025-06-17T09:10:16.409+0000] {dag.py:3954} INFO - Setting next_dagrun for scrape_example to None, run_after=None
[2025-06-17T09:10:16.422+0000] {processor.py:183} INFO - Processing /opt/airflow/dags/prueba.py took 0.307 seconds
[2025-06-17T09:10:47.131+0000] {processor.py:161} INFO - Started process (PID=280) to work on /opt/airflow/dags/prueba.py
[2025-06-17T09:10:47.132+0000] {processor.py:830} INFO - Processing file /opt/airflow/dags/prueba.py for tasks to queue
[2025-06-17T09:10:47.133+0000] {logging_mixin.py:188} INFO - [2025-06-17T09:10:47.133+0000] {dagbag.py:545} INFO - Filling up the DagBag from /opt/airflow/dags/prueba.py
[2025-06-17T09:10:47.144+0000] {processor.py:840} INFO - DAG(s) 'scrape_example' retrieved from /opt/airflow/dags/prueba.py
[2025-06-17T09:10:47.161+0000] {logging_mixin.py:188} INFO - [2025-06-17T09:10:47.161+0000] {dag.py:3096} INFO - Sync 1 DAGs
[2025-06-17T09:10:47.169+0000] {logging_mixin.py:188} INFO - [2025-06-17T09:10:47.169+0000] {dag.py:3954} INFO - Setting next_dagrun for scrape_example to None, run_after=None
[2025-06-17T09:10:47.180+0000] {processor.py:183} INFO - Processing /opt/airflow/dags/prueba.py took 0.053 seconds
[2025-06-17T09:11:18.159+0000] {processor.py:161} INFO - Started process (PID=612) to work on /opt/airflow/dags/prueba.py
[2025-06-17T09:11:18.159+0000] {processor.py:830} INFO - Processing file /opt/airflow/dags/prueba.py for tasks to queue
[2025-06-17T09:11:18.161+0000] {logging_mixin.py:188} INFO - [2025-06-17T09:11:18.160+0000] {dagbag.py:545} INFO - Filling up the DagBag from /opt/airflow/dags/prueba.py
[2025-06-17T09:11:18.174+0000] {processor.py:840} INFO - DAG(s) 'scrape_example' retrieved from /opt/airflow/dags/prueba.py
[2025-06-17T09:11:18.193+0000] {logging_mixin.py:188} INFO - [2025-06-17T09:11:18.193+0000] {dag.py:3096} INFO - Sync 1 DAGs
[2025-06-17T09:11:18.201+0000] {logging_mixin.py:188} INFO - [2025-06-17T09:11:18.201+0000] {dag.py:3954} INFO - Setting next_dagrun for scrape_example to None, run_after=None
[2025-06-17T09:11:18.212+0000] {processor.py:183} INFO - Processing /opt/airflow/dags/prueba.py took 0.057 seconds
[2025-06-17T09:11:48.280+0000] {processor.py:161} INFO - Started process (PID=617) to work on /opt/airflow/dags/prueba.py
[2025-06-17T09:11:48.281+0000] {processor.py:830} INFO - Processing file /opt/airflow/dags/prueba.py for tasks to queue
[2025-06-17T09:11:48.282+0000] {logging_mixin.py:188} INFO - [2025-06-17T09:11:48.282+0000] {dagbag.py:545} INFO - Filling up the DagBag from /opt/airflow/dags/prueba.py
[2025-06-17T09:11:48.293+0000] {processor.py:840} INFO - DAG(s) 'scrape_example' retrieved from /opt/airflow/dags/prueba.py
[2025-06-17T09:11:48.311+0000] {logging_mixin.py:188} INFO - [2025-06-17T09:11:48.311+0000] {dag.py:3096} INFO - Sync 1 DAGs
[2025-06-17T09:11:48.319+0000] {logging_mixin.py:188} INFO - [2025-06-17T09:11:48.319+0000] {dag.py:3954} INFO - Setting next_dagrun for scrape_example to None, run_after=None
[2025-06-17T09:11:48.331+0000] {processor.py:183} INFO - Processing /opt/airflow/dags/prueba.py took 0.054 seconds
[2025-06-17T09:12:19.228+0000] {processor.py:161} INFO - Started process (PID=622) to work on /opt/airflow/dags/prueba.py
[2025-06-17T09:12:19.229+0000] {processor.py:830} INFO - Processing file /opt/airflow/dags/prueba.py for tasks to queue
[2025-06-17T09:12:19.230+0000] {logging_mixin.py:188} INFO - [2025-06-17T09:12:19.230+0000] {dagbag.py:545} INFO - Filling up the DagBag from /opt/airflow/dags/prueba.py
[2025-06-17T09:12:19.245+0000] {processor.py:840} INFO - DAG(s) 'scrape_example' retrieved from /opt/airflow/dags/prueba.py
[2025-06-17T09:12:19.263+0000] {logging_mixin.py:188} INFO - [2025-06-17T09:12:19.263+0000] {dag.py:3096} INFO - Sync 1 DAGs
[2025-06-17T09:12:19.271+0000] {logging_mixin.py:188} INFO - [2025-06-17T09:12:19.271+0000] {dag.py:3954} INFO - Setting next_dagrun for scrape_example to None, run_after=None
[2025-06-17T09:12:19.452+0000] {processor.py:183} INFO - Processing /opt/airflow/dags/prueba.py took 0.228 seconds
[2025-06-17T09:12:49.516+0000] {processor.py:161} INFO - Started process (PID=627) to work on /opt/airflow/dags/prueba.py
[2025-06-17T09:12:49.517+0000] {processor.py:830} INFO - Processing file /opt/airflow/dags/prueba.py for tasks to queue
[2025-06-17T09:12:49.518+0000] {logging_mixin.py:188} INFO - [2025-06-17T09:12:49.518+0000] {dagbag.py:545} INFO - Filling up the DagBag from /opt/airflow/dags/prueba.py
[2025-06-17T09:12:51.273+0000] {processor.py:840} INFO - DAG(s) 'scrape_example' retrieved from /opt/airflow/dags/prueba.py
[2025-06-17T09:12:51.296+0000] {logging_mixin.py:188} INFO - [2025-06-17T09:12:51.296+0000] {dag.py:3096} INFO - Sync 1 DAGs
[2025-06-17T09:12:51.419+0000] {logging_mixin.py:188} INFO - [2025-06-17T09:12:51.419+0000] {dag.py:3954} INFO - Setting next_dagrun for scrape_example to None, run_after=None
[2025-06-17T09:12:51.432+0000] {processor.py:183} INFO - Processing /opt/airflow/dags/prueba.py took 0.182 seconds
[2025-06-17T09:13:24.322+0000] {processor.py:161} INFO - Started process (PID=632) to work on /opt/airflow/dags/prueba.py
[2025-06-17T09:13:24.323+0000] {processor.py:830} INFO - Processing file /opt/airflow/dags/prueba.py for tasks to queue
[2025-06-17T09:13:24.326+0000] {logging_mixin.py:188} INFO - [2025-06-17T09:13:24.326+0000] {dagbag.py:545} INFO - Filling up the DagBag from /opt/airflow/dags/prueba.py
[2025-06-17T09:13:24.336+0000] {processor.py:840} INFO - DAG(s) 'scrape_example' retrieved from /opt/airflow/dags/prueba.py
[2025-06-17T09:13:24.445+0000] {logging_mixin.py:188} INFO - [2025-06-17T09:13:24.445+0000] {dag.py:3096} INFO - Sync 1 DAGs
[2025-06-17T09:13:24.451+0000] {logging_mixin.py:188} INFO - [2025-06-17T09:13:24.451+0000] {dag.py:3954} INFO - Setting next_dagrun for scrape_example to None, run_after=None
[2025-06-17T09:13:24.464+0000] {processor.py:183} INFO - Processing /opt/airflow/dags/prueba.py took 0.149 seconds
[2025-06-17T09:13:57.670+0000] {processor.py:161} INFO - Started process (PID=637) to work on /opt/airflow/dags/prueba.py
[2025-06-17T09:13:57.671+0000] {processor.py:830} INFO - Processing file /opt/airflow/dags/prueba.py for tasks to queue
[2025-06-17T09:13:57.672+0000] {logging_mixin.py:188} INFO - [2025-06-17T09:13:57.672+0000] {dagbag.py:545} INFO - Filling up the DagBag from /opt/airflow/dags/prueba.py
[2025-06-17T09:13:57.685+0000] {processor.py:840} INFO - DAG(s) 'scrape_example' retrieved from /opt/airflow/dags/prueba.py
[2025-06-17T09:13:57.707+0000] {logging_mixin.py:188} INFO - [2025-06-17T09:13:57.707+0000] {dag.py:3096} INFO - Sync 1 DAGs
[2025-06-17T09:13:57.715+0000] {logging_mixin.py:188} INFO - [2025-06-17T09:13:57.715+0000] {dag.py:3954} INFO - Setting next_dagrun for scrape_example to None, run_after=None
[2025-06-17T09:13:57.727+0000] {processor.py:183} INFO - Processing /opt/airflow/dags/prueba.py took 0.062 seconds
[2025-06-17T09:14:27.896+0000] {processor.py:161} INFO - Started process (PID=642) to work on /opt/airflow/dags/prueba.py
[2025-06-17T09:14:27.897+0000] {processor.py:830} INFO - Processing file /opt/airflow/dags/prueba.py for tasks to queue
[2025-06-17T09:14:27.899+0000] {logging_mixin.py:188} INFO - [2025-06-17T09:14:27.899+0000] {dagbag.py:545} INFO - Filling up the DagBag from /opt/airflow/dags/prueba.py
[2025-06-17T09:14:27.916+0000] {processor.py:840} INFO - DAG(s) 'scrape_example' retrieved from /opt/airflow/dags/prueba.py
[2025-06-17T09:14:29.685+0000] {logging_mixin.py:188} INFO - [2025-06-17T09:14:29.685+0000] {dag.py:3096} INFO - Sync 1 DAGs
[2025-06-17T09:14:29.693+0000] {logging_mixin.py:188} INFO - [2025-06-17T09:14:29.693+0000] {dag.py:3954} INFO - Setting next_dagrun for scrape_example to None, run_after=None
[2025-06-17T09:14:29.706+0000] {processor.py:183} INFO - Processing /opt/airflow/dags/prueba.py took 0.070 seconds
[2025-06-17T09:15:23.804+0000] {processor.py:161} INFO - Started process (PID=193) to work on /opt/airflow/dags/prueba.py
[2025-06-17T09:15:23.805+0000] {processor.py:830} INFO - Processing file /opt/airflow/dags/prueba.py for tasks to queue
[2025-06-17T09:15:23.807+0000] {logging_mixin.py:188} INFO - [2025-06-17T09:15:23.806+0000] {dagbag.py:545} INFO - Filling up the DagBag from /opt/airflow/dags/prueba.py
[2025-06-17T09:15:23.823+0000] {processor.py:840} INFO - DAG(s) 'scrape_example' retrieved from /opt/airflow/dags/prueba.py
[2025-06-17T09:15:23.841+0000] {logging_mixin.py:188} INFO - [2025-06-17T09:15:23.840+0000] {dag.py:3096} INFO - Sync 1 DAGs
[2025-06-17T09:15:23.850+0000] {logging_mixin.py:188} INFO - [2025-06-17T09:15:23.850+0000] {dag.py:3954} INFO - Setting next_dagrun for scrape_example to None, run_after=None
[2025-06-17T09:15:23.863+0000] {processor.py:183} INFO - Processing /opt/airflow/dags/prueba.py took 0.062 seconds
[2025-06-17T09:15:53.974+0000] {processor.py:161} INFO - Started process (PID=200) to work on /opt/airflow/dags/prueba.py
[2025-06-17T09:15:53.975+0000] {processor.py:830} INFO - Processing file /opt/airflow/dags/prueba.py for tasks to queue
[2025-06-17T09:15:53.976+0000] {logging_mixin.py:188} INFO - [2025-06-17T09:15:53.976+0000] {dagbag.py:545} INFO - Filling up the DagBag from /opt/airflow/dags/prueba.py
[2025-06-17T09:15:53.986+0000] {processor.py:840} INFO - DAG(s) 'scrape_example' retrieved from /opt/airflow/dags/prueba.py
[2025-06-17T09:15:54.213+0000] {logging_mixin.py:188} INFO - [2025-06-17T09:15:54.213+0000] {dag.py:3096} INFO - Sync 1 DAGs
[2025-06-17T09:15:54.218+0000] {logging_mixin.py:188} INFO - [2025-06-17T09:15:54.218+0000] {dag.py:3954} INFO - Setting next_dagrun for scrape_example to None, run_after=None
[2025-06-17T09:15:54.230+0000] {processor.py:183} INFO - Processing /opt/airflow/dags/prueba.py took 0.261 seconds
[2025-06-17T09:16:24.391+0000] {processor.py:161} INFO - Started process (PID=290) to work on /opt/airflow/dags/prueba.py
[2025-06-17T09:16:24.392+0000] {processor.py:830} INFO - Processing file /opt/airflow/dags/prueba.py for tasks to queue
[2025-06-17T09:16:24.393+0000] {logging_mixin.py:188} INFO - [2025-06-17T09:16:24.393+0000] {dagbag.py:545} INFO - Filling up the DagBag from /opt/airflow/dags/prueba.py
[2025-06-17T09:16:24.404+0000] {processor.py:840} INFO - DAG(s) 'scrape_example' retrieved from /opt/airflow/dags/prueba.py
[2025-06-17T09:16:24.427+0000] {logging_mixin.py:188} INFO - [2025-06-17T09:16:24.426+0000] {dag.py:3096} INFO - Sync 1 DAGs
[2025-06-17T09:16:24.435+0000] {logging_mixin.py:188} INFO - [2025-06-17T09:16:24.435+0000] {dag.py:3954} INFO - Setting next_dagrun for scrape_example to None, run_after=None
[2025-06-17T09:16:24.449+0000] {processor.py:183} INFO - Processing /opt/airflow/dags/prueba.py took 0.063 seconds
[2025-06-17T09:16:54.513+0000] {processor.py:161} INFO - Started process (PID=315) to work on /opt/airflow/dags/prueba.py
[2025-06-17T09:16:54.514+0000] {processor.py:830} INFO - Processing file /opt/airflow/dags/prueba.py for tasks to queue
[2025-06-17T09:16:54.515+0000] {logging_mixin.py:188} INFO - [2025-06-17T09:16:54.515+0000] {dagbag.py:545} INFO - Filling up the DagBag from /opt/airflow/dags/prueba.py
[2025-06-17T09:16:54.528+0000] {processor.py:840} INFO - DAG(s) 'scrape_example' retrieved from /opt/airflow/dags/prueba.py
[2025-06-17T09:16:54.551+0000] {logging_mixin.py:188} INFO - [2025-06-17T09:16:54.551+0000] {dag.py:3096} INFO - Sync 1 DAGs
[2025-06-17T09:16:54.560+0000] {logging_mixin.py:188} INFO - [2025-06-17T09:16:54.560+0000] {dag.py:3954} INFO - Setting next_dagrun for scrape_example to None, run_after=None
[2025-06-17T09:16:54.573+0000] {processor.py:183} INFO - Processing /opt/airflow/dags/prueba.py took 0.065 seconds
[2025-06-17T09:17:24.651+0000] {processor.py:161} INFO - Started process (PID=326) to work on /opt/airflow/dags/prueba.py
[2025-06-17T09:17:24.652+0000] {processor.py:830} INFO - Processing file /opt/airflow/dags/prueba.py for tasks to queue
[2025-06-17T09:17:24.654+0000] {logging_mixin.py:188} INFO - [2025-06-17T09:17:24.654+0000] {dagbag.py:545} INFO - Filling up the DagBag from /opt/airflow/dags/prueba.py
[2025-06-17T09:17:24.667+0000] {processor.py:840} INFO - DAG(s) 'scrape_example' retrieved from /opt/airflow/dags/prueba.py
[2025-06-17T09:17:24.688+0000] {logging_mixin.py:188} INFO - [2025-06-17T09:17:24.687+0000] {dag.py:3096} INFO - Sync 1 DAGs
[2025-06-17T09:17:24.792+0000] {logging_mixin.py:188} INFO - [2025-06-17T09:17:24.792+0000] {dag.py:3954} INFO - Setting next_dagrun for scrape_example to None, run_after=None
[2025-06-17T09:17:24.806+0000] {processor.py:183} INFO - Processing /opt/airflow/dags/prueba.py took 0.159 seconds
[2025-06-17T09:17:54.908+0000] {processor.py:161} INFO - Started process (PID=336) to work on /opt/airflow/dags/prueba.py
[2025-06-17T09:17:54.908+0000] {processor.py:830} INFO - Processing file /opt/airflow/dags/prueba.py for tasks to queue
[2025-06-17T09:17:54.910+0000] {logging_mixin.py:188} INFO - [2025-06-17T09:17:54.910+0000] {dagbag.py:545} INFO - Filling up the DagBag from /opt/airflow/dags/prueba.py
[2025-06-17T09:17:54.922+0000] {processor.py:840} INFO - DAG(s) 'scrape_example' retrieved from /opt/airflow/dags/prueba.py
[2025-06-17T09:17:55.033+0000] {logging_mixin.py:188} INFO - [2025-06-17T09:17:55.033+0000] {dag.py:3096} INFO - Sync 1 DAGs
[2025-06-17T09:17:55.040+0000] {logging_mixin.py:188} INFO - [2025-06-17T09:17:55.040+0000] {dag.py:3954} INFO - Setting next_dagrun for scrape_example to None, run_after=None
[2025-06-17T09:17:55.052+0000] {processor.py:183} INFO - Processing /opt/airflow/dags/prueba.py took 0.148 seconds
[2025-06-17T09:18:25.252+0000] {processor.py:161} INFO - Started process (PID=346) to work on /opt/airflow/dags/prueba.py
[2025-06-17T09:18:25.253+0000] {processor.py:830} INFO - Processing file /opt/airflow/dags/prueba.py for tasks to queue
[2025-06-17T09:18:25.255+0000] {logging_mixin.py:188} INFO - [2025-06-17T09:18:25.255+0000] {dagbag.py:545} INFO - Filling up the DagBag from /opt/airflow/dags/prueba.py
[2025-06-17T09:18:25.269+0000] {processor.py:840} INFO - DAG(s) 'scrape_example' retrieved from /opt/airflow/dags/prueba.py
[2025-06-17T09:18:25.294+0000] {logging_mixin.py:188} INFO - [2025-06-17T09:18:25.293+0000] {dag.py:3096} INFO - Sync 1 DAGs
[2025-06-17T09:18:25.302+0000] {logging_mixin.py:188} INFO - [2025-06-17T09:18:25.302+0000] {dag.py:3954} INFO - Setting next_dagrun for scrape_example to None, run_after=None
[2025-06-17T09:18:25.319+0000] {processor.py:183} INFO - Processing /opt/airflow/dags/prueba.py took 0.072 seconds
[2025-06-17T09:18:55.373+0000] {processor.py:161} INFO - Started process (PID=356) to work on /opt/airflow/dags/prueba.py
[2025-06-17T09:18:55.374+0000] {processor.py:830} INFO - Processing file /opt/airflow/dags/prueba.py for tasks to queue
[2025-06-17T09:18:55.375+0000] {logging_mixin.py:188} INFO - [2025-06-17T09:18:55.375+0000] {dagbag.py:545} INFO - Filling up the DagBag from /opt/airflow/dags/prueba.py
[2025-06-17T09:18:55.387+0000] {processor.py:840} INFO - DAG(s) 'scrape_example' retrieved from /opt/airflow/dags/prueba.py
[2025-06-17T09:18:55.421+0000] {logging_mixin.py:188} INFO - [2025-06-17T09:18:55.421+0000] {dag.py:3096} INFO - Sync 1 DAGs
[2025-06-17T09:18:55.431+0000] {logging_mixin.py:188} INFO - [2025-06-17T09:18:55.430+0000] {dag.py:3954} INFO - Setting next_dagrun for scrape_example to None, run_after=None
[2025-06-17T09:18:55.443+0000] {processor.py:183} INFO - Processing /opt/airflow/dags/prueba.py took 0.074 seconds
[2025-06-17T09:19:25.572+0000] {processor.py:161} INFO - Started process (PID=366) to work on /opt/airflow/dags/prueba.py
[2025-06-17T09:19:25.573+0000] {processor.py:830} INFO - Processing file /opt/airflow/dags/prueba.py for tasks to queue
[2025-06-17T09:19:25.575+0000] {logging_mixin.py:188} INFO - [2025-06-17T09:19:25.574+0000] {dagbag.py:545} INFO - Filling up the DagBag from /opt/airflow/dags/prueba.py
[2025-06-17T09:19:25.585+0000] {processor.py:840} INFO - DAG(s) 'scrape_example' retrieved from /opt/airflow/dags/prueba.py
[2025-06-17T09:19:25.606+0000] {logging_mixin.py:188} INFO - [2025-06-17T09:19:25.606+0000] {dag.py:3096} INFO - Sync 1 DAGs
[2025-06-17T09:19:25.614+0000] {logging_mixin.py:188} INFO - [2025-06-17T09:19:25.614+0000] {dag.py:3954} INFO - Setting next_dagrun for scrape_example to None, run_after=None
[2025-06-17T09:19:25.627+0000] {processor.py:183} INFO - Processing /opt/airflow/dags/prueba.py took 0.058 seconds
[2025-06-17T09:19:58.822+0000] {processor.py:161} INFO - Started process (PID=385) to work on /opt/airflow/dags/prueba.py
[2025-06-17T09:19:58.823+0000] {processor.py:830} INFO - Processing file /opt/airflow/dags/prueba.py for tasks to queue
[2025-06-17T09:19:58.824+0000] {logging_mixin.py:188} INFO - [2025-06-17T09:19:58.824+0000] {dagbag.py:545} INFO - Filling up the DagBag from /opt/airflow/dags/prueba.py
[2025-06-17T09:19:58.837+0000] {processor.py:840} INFO - DAG(s) 'scrape_example' retrieved from /opt/airflow/dags/prueba.py
[2025-06-17T09:19:58.858+0000] {logging_mixin.py:188} INFO - [2025-06-17T09:19:58.858+0000] {dag.py:3096} INFO - Sync 1 DAGs
[2025-06-17T09:19:58.866+0000] {logging_mixin.py:188} INFO - [2025-06-17T09:19:58.866+0000] {dag.py:3954} INFO - Setting next_dagrun for scrape_example to None, run_after=None
[2025-06-17T09:19:58.880+0000] {processor.py:183} INFO - Processing /opt/airflow/dags/prueba.py took 0.062 seconds
[2025-06-17T09:20:31.092+0000] {processor.py:161} INFO - Started process (PID=395) to work on /opt/airflow/dags/prueba.py
[2025-06-17T09:20:31.093+0000] {processor.py:830} INFO - Processing file /opt/airflow/dags/prueba.py for tasks to queue
[2025-06-17T09:20:31.094+0000] {logging_mixin.py:188} INFO - [2025-06-17T09:20:31.094+0000] {dagbag.py:545} INFO - Filling up the DagBag from /opt/airflow/dags/prueba.py
[2025-06-17T09:20:31.109+0000] {processor.py:840} INFO - DAG(s) 'scrape_example' retrieved from /opt/airflow/dags/prueba.py
[2025-06-17T09:20:31.132+0000] {logging_mixin.py:188} INFO - [2025-06-17T09:20:31.132+0000] {dag.py:3096} INFO - Sync 1 DAGs
[2025-06-17T09:20:31.141+0000] {logging_mixin.py:188} INFO - [2025-06-17T09:20:31.141+0000] {dag.py:3954} INFO - Setting next_dagrun for scrape_example to None, run_after=None
[2025-06-17T09:20:31.156+0000] {processor.py:183} INFO - Processing /opt/airflow/dags/prueba.py took 0.068 seconds
[2025-06-17T09:21:04.276+0000] {processor.py:161} INFO - Started process (PID=405) to work on /opt/airflow/dags/prueba.py
[2025-06-17T09:21:04.277+0000] {processor.py:830} INFO - Processing file /opt/airflow/dags/prueba.py for tasks to queue
[2025-06-17T09:21:04.279+0000] {logging_mixin.py:188} INFO - [2025-06-17T09:21:04.279+0000] {dagbag.py:545} INFO - Filling up the DagBag from /opt/airflow/dags/prueba.py
[2025-06-17T09:21:04.301+0000] {processor.py:840} INFO - DAG(s) 'scrape_example' retrieved from /opt/airflow/dags/prueba.py
[2025-06-17T09:21:04.328+0000] {logging_mixin.py:188} INFO - [2025-06-17T09:21:04.328+0000] {dag.py:3096} INFO - Sync 1 DAGs
[2025-06-17T09:21:04.339+0000] {logging_mixin.py:188} INFO - [2025-06-17T09:21:04.339+0000] {dag.py:3954} INFO - Setting next_dagrun for scrape_example to None, run_after=None
[2025-06-17T09:21:04.361+0000] {processor.py:183} INFO - Processing /opt/airflow/dags/prueba.py took 0.096 seconds
[2025-06-17T09:21:34.730+0000] {processor.py:161} INFO - Started process (PID=415) to work on /opt/airflow/dags/prueba.py
[2025-06-17T09:21:34.731+0000] {processor.py:830} INFO - Processing file /opt/airflow/dags/prueba.py for tasks to queue
[2025-06-17T09:21:34.734+0000] {logging_mixin.py:188} INFO - [2025-06-17T09:21:34.733+0000] {dagbag.py:545} INFO - Filling up the DagBag from /opt/airflow/dags/prueba.py
[2025-06-17T09:21:34.773+0000] {processor.py:840} INFO - DAG(s) 'scrape_example' retrieved from /opt/airflow/dags/prueba.py
[2025-06-17T09:21:34.798+0000] {logging_mixin.py:188} INFO - [2025-06-17T09:21:34.798+0000] {dag.py:3096} INFO - Sync 1 DAGs
[2025-06-17T09:21:34.807+0000] {logging_mixin.py:188} INFO - [2025-06-17T09:21:34.807+0000] {dag.py:3954} INFO - Setting next_dagrun for scrape_example to None, run_after=None
[2025-06-17T09:21:36.573+0000] {processor.py:183} INFO - Processing /opt/airflow/dags/prueba.py took 0.098 seconds
[2025-06-17T09:22:09.822+0000] {processor.py:161} INFO - Started process (PID=425) to work on /opt/airflow/dags/prueba.py
[2025-06-17T09:22:09.823+0000] {processor.py:830} INFO - Processing file /opt/airflow/dags/prueba.py for tasks to queue
[2025-06-17T09:22:09.825+0000] {logging_mixin.py:188} INFO - [2025-06-17T09:22:09.825+0000] {dagbag.py:545} INFO - Filling up the DagBag from /opt/airflow/dags/prueba.py
[2025-06-17T09:22:09.851+0000] {processor.py:840} INFO - DAG(s) 'scrape_example' retrieved from /opt/airflow/dags/prueba.py
[2025-06-17T09:22:09.888+0000] {logging_mixin.py:188} INFO - [2025-06-17T09:22:09.888+0000] {dag.py:3096} INFO - Sync 1 DAGs
[2025-06-17T09:22:09.903+0000] {logging_mixin.py:188} INFO - [2025-06-17T09:22:09.903+0000] {dag.py:3954} INFO - Setting next_dagrun for scrape_example to None, run_after=None
[2025-06-17T09:22:09.922+0000] {processor.py:183} INFO - Processing /opt/airflow/dags/prueba.py took 0.108 seconds
[2025-06-17T09:22:43.061+0000] {processor.py:161} INFO - Started process (PID=436) to work on /opt/airflow/dags/prueba.py
[2025-06-17T09:22:43.062+0000] {processor.py:830} INFO - Processing file /opt/airflow/dags/prueba.py for tasks to queue
[2025-06-17T09:22:43.063+0000] {logging_mixin.py:188} INFO - [2025-06-17T09:22:43.063+0000] {dagbag.py:545} INFO - Filling up the DagBag from /opt/airflow/dags/prueba.py
[2025-06-17T09:22:43.079+0000] {processor.py:840} INFO - DAG(s) 'scrape_example' retrieved from /opt/airflow/dags/prueba.py
[2025-06-17T09:22:43.108+0000] {logging_mixin.py:188} INFO - [2025-06-17T09:22:43.107+0000] {dag.py:3096} INFO - Sync 1 DAGs
[2025-06-17T09:22:43.120+0000] {logging_mixin.py:188} INFO - [2025-06-17T09:22:43.120+0000] {dag.py:3954} INFO - Setting next_dagrun for scrape_example to None, run_after=None
[2025-06-17T09:22:43.135+0000] {processor.py:183} INFO - Processing /opt/airflow/dags/prueba.py took 0.080 seconds
[2025-06-17T09:23:15.251+0000] {processor.py:161} INFO - Started process (PID=447) to work on /opt/airflow/dags/prueba.py
[2025-06-17T09:23:15.252+0000] {processor.py:830} INFO - Processing file /opt/airflow/dags/prueba.py for tasks to queue
[2025-06-17T09:23:15.253+0000] {logging_mixin.py:188} INFO - [2025-06-17T09:23:15.253+0000] {dagbag.py:545} INFO - Filling up the DagBag from /opt/airflow/dags/prueba.py
[2025-06-17T09:23:15.263+0000] {processor.py:840} INFO - DAG(s) 'scrape_example' retrieved from /opt/airflow/dags/prueba.py
[2025-06-17T09:23:15.282+0000] {logging_mixin.py:188} INFO - [2025-06-17T09:23:15.282+0000] {dag.py:3096} INFO - Sync 1 DAGs
[2025-06-17T09:23:15.291+0000] {logging_mixin.py:188} INFO - [2025-06-17T09:23:15.291+0000] {dag.py:3954} INFO - Setting next_dagrun for scrape_example to None, run_after=None
[2025-06-17T09:23:15.312+0000] {processor.py:183} INFO - Processing /opt/airflow/dags/prueba.py took 0.065 seconds
[2025-06-17T09:23:48.455+0000] {processor.py:161} INFO - Started process (PID=457) to work on /opt/airflow/dags/prueba.py
[2025-06-17T09:23:48.456+0000] {processor.py:830} INFO - Processing file /opt/airflow/dags/prueba.py for tasks to queue
[2025-06-17T09:23:48.458+0000] {logging_mixin.py:188} INFO - [2025-06-17T09:23:48.457+0000] {dagbag.py:545} INFO - Filling up the DagBag from /opt/airflow/dags/prueba.py
[2025-06-17T09:23:48.477+0000] {processor.py:840} INFO - DAG(s) 'scrape_example' retrieved from /opt/airflow/dags/prueba.py
[2025-06-17T09:23:48.503+0000] {logging_mixin.py:188} INFO - [2025-06-17T09:23:48.503+0000] {dag.py:3096} INFO - Sync 1 DAGs
[2025-06-17T09:23:48.514+0000] {logging_mixin.py:188} INFO - [2025-06-17T09:23:48.514+0000] {dag.py:3954} INFO - Setting next_dagrun for scrape_example to None, run_after=None
[2025-06-17T09:23:48.530+0000] {processor.py:183} INFO - Processing /opt/airflow/dags/prueba.py took 0.080 seconds
[2025-06-17T09:24:21.713+0000] {processor.py:161} INFO - Started process (PID=469) to work on /opt/airflow/dags/prueba.py
[2025-06-17T09:24:21.714+0000] {processor.py:830} INFO - Processing file /opt/airflow/dags/prueba.py for tasks to queue
[2025-06-17T09:24:21.715+0000] {logging_mixin.py:188} INFO - [2025-06-17T09:24:21.715+0000] {dagbag.py:545} INFO - Filling up the DagBag from /opt/airflow/dags/prueba.py
[2025-06-17T09:24:21.732+0000] {processor.py:840} INFO - DAG(s) 'scrape_example' retrieved from /opt/airflow/dags/prueba.py
[2025-06-17T09:24:21.761+0000] {logging_mixin.py:188} INFO - [2025-06-17T09:24:21.761+0000] {dag.py:3096} INFO - Sync 1 DAGs
[2025-06-17T09:24:21.770+0000] {logging_mixin.py:188} INFO - [2025-06-17T09:24:21.770+0000] {dag.py:3954} INFO - Setting next_dagrun for scrape_example to None, run_after=None
[2025-06-17T09:24:21.783+0000] {processor.py:183} INFO - Processing /opt/airflow/dags/prueba.py took 0.075 seconds
[2025-06-17T09:24:40.948+0000] {processor.py:161} INFO - Started process (PID=476) to work on /opt/airflow/dags/prueba.py
[2025-06-17T09:24:40.949+0000] {processor.py:830} INFO - Processing file /opt/airflow/dags/prueba.py for tasks to queue
[2025-06-17T09:24:40.950+0000] {logging_mixin.py:188} INFO - [2025-06-17T09:24:40.950+0000] {dagbag.py:545} INFO - Filling up the DagBag from /opt/airflow/dags/prueba.py
[2025-06-17T09:24:41.311+0000] {processor.py:840} INFO - DAG(s) 'web_scraping_pipeline' retrieved from /opt/airflow/dags/prueba.py
[2025-06-17T09:24:41.393+0000] {logging_mixin.py:188} INFO - [2025-06-17T09:24:41.392+0000] {override.py:1829} INFO - Created Permission View: can delete on DAG:web_scraping_pipeline
[2025-06-17T09:24:41.400+0000] {logging_mixin.py:188} INFO - [2025-06-17T09:24:41.399+0000] {override.py:1829} INFO - Created Permission View: can read on DAG:web_scraping_pipeline
[2025-06-17T09:24:41.404+0000] {logging_mixin.py:188} INFO - [2025-06-17T09:24:41.404+0000] {override.py:1829} INFO - Created Permission View: can edit on DAG:web_scraping_pipeline
[2025-06-17T09:24:41.404+0000] {logging_mixin.py:188} INFO - [2025-06-17T09:24:41.404+0000] {dag.py:3096} INFO - Sync 1 DAGs
[2025-06-17T09:24:41.412+0000] {logging_mixin.py:188} INFO - [2025-06-17T09:24:41.412+0000] {dag.py:3118} INFO - Creating ORM DAG for web_scraping_pipeline
[2025-06-17T09:24:41.419+0000] {logging_mixin.py:188} INFO - [2025-06-17T09:24:41.419+0000] {dag.py:3954} INFO - Setting next_dagrun for web_scraping_pipeline to 2025-06-17 08:00:00+00:00, run_after=2025-06-17 09:00:00+00:00
[2025-06-17T09:24:41.432+0000] {processor.py:183} INFO - Processing /opt/airflow/dags/prueba.py took 0.489 seconds
[2025-06-17T09:25:12.087+0000] {processor.py:161} INFO - Started process (PID=487) to work on /opt/airflow/dags/prueba.py
[2025-06-17T09:25:12.088+0000] {processor.py:830} INFO - Processing file /opt/airflow/dags/prueba.py for tasks to queue
[2025-06-17T09:25:12.090+0000] {logging_mixin.py:188} INFO - [2025-06-17T09:25:12.089+0000] {dagbag.py:545} INFO - Filling up the DagBag from /opt/airflow/dags/prueba.py
[2025-06-17T09:25:12.325+0000] {processor.py:840} INFO - DAG(s) 'web_scraping_pipeline' retrieved from /opt/airflow/dags/prueba.py
[2025-06-17T09:25:12.346+0000] {logging_mixin.py:188} INFO - [2025-06-17T09:25:12.345+0000] {dag.py:3096} INFO - Sync 1 DAGs
[2025-06-17T09:25:12.358+0000] {logging_mixin.py:188} INFO - [2025-06-17T09:25:12.358+0000] {dag.py:3954} INFO - Setting next_dagrun for web_scraping_pipeline to 2025-06-17 08:00:00+00:00, run_after=2025-06-17 09:00:00+00:00
[2025-06-17T09:25:12.371+0000] {processor.py:183} INFO - Processing /opt/airflow/dags/prueba.py took 0.289 seconds
[2025-06-17T09:25:42.451+0000] {processor.py:161} INFO - Started process (PID=498) to work on /opt/airflow/dags/prueba.py
[2025-06-17T09:25:42.451+0000] {processor.py:830} INFO - Processing file /opt/airflow/dags/prueba.py for tasks to queue
[2025-06-17T09:25:42.452+0000] {logging_mixin.py:188} INFO - [2025-06-17T09:25:42.452+0000] {dagbag.py:545} INFO - Filling up the DagBag from /opt/airflow/dags/prueba.py
[2025-06-17T09:25:42.748+0000] {processor.py:840} INFO - DAG(s) 'web_scraping_pipeline' retrieved from /opt/airflow/dags/prueba.py
[2025-06-17T09:25:42.769+0000] {logging_mixin.py:188} INFO - [2025-06-17T09:25:42.768+0000] {dag.py:3096} INFO - Sync 1 DAGs
[2025-06-17T09:25:42.783+0000] {logging_mixin.py:188} INFO - [2025-06-17T09:25:42.783+0000] {dag.py:3954} INFO - Setting next_dagrun for web_scraping_pipeline to 2025-06-17 08:00:00+00:00, run_after=2025-06-17 09:00:00+00:00
[2025-06-17T09:25:42.795+0000] {processor.py:183} INFO - Processing /opt/airflow/dags/prueba.py took 0.349 seconds
[2025-06-17T09:26:13.582+0000] {processor.py:161} INFO - Started process (PID=509) to work on /opt/airflow/dags/prueba.py
[2025-06-17T09:26:13.582+0000] {processor.py:830} INFO - Processing file /opt/airflow/dags/prueba.py for tasks to queue
[2025-06-17T09:26:13.583+0000] {logging_mixin.py:188} INFO - [2025-06-17T09:26:13.583+0000] {dagbag.py:545} INFO - Filling up the DagBag from /opt/airflow/dags/prueba.py
[2025-06-17T09:26:13.880+0000] {processor.py:840} INFO - DAG(s) 'web_scraping_pipeline' retrieved from /opt/airflow/dags/prueba.py
[2025-06-17T09:26:13.905+0000] {logging_mixin.py:188} INFO - [2025-06-17T09:26:13.905+0000] {dag.py:3096} INFO - Sync 1 DAGs
[2025-06-17T09:26:13.926+0000] {logging_mixin.py:188} INFO - [2025-06-17T09:26:13.926+0000] {dag.py:3954} INFO - Setting next_dagrun for web_scraping_pipeline to 2025-06-17 08:00:00+00:00, run_after=2025-06-17 09:00:00+00:00
[2025-06-17T09:26:13.941+0000] {processor.py:183} INFO - Processing /opt/airflow/dags/prueba.py took 0.365 seconds
[2025-06-17T09:26:44.772+0000] {processor.py:161} INFO - Started process (PID=520) to work on /opt/airflow/dags/prueba.py
[2025-06-17T09:26:44.773+0000] {processor.py:830} INFO - Processing file /opt/airflow/dags/prueba.py for tasks to queue
[2025-06-17T09:26:44.774+0000] {logging_mixin.py:188} INFO - [2025-06-17T09:26:44.774+0000] {dagbag.py:545} INFO - Filling up the DagBag from /opt/airflow/dags/prueba.py
[2025-06-17T09:26:45.045+0000] {processor.py:840} INFO - DAG(s) 'web_scraping_pipeline' retrieved from /opt/airflow/dags/prueba.py
[2025-06-17T09:26:45.065+0000] {logging_mixin.py:188} INFO - [2025-06-17T09:26:45.065+0000] {dag.py:3096} INFO - Sync 1 DAGs
[2025-06-17T09:26:45.079+0000] {logging_mixin.py:188} INFO - [2025-06-17T09:26:45.079+0000] {dag.py:3954} INFO - Setting next_dagrun for web_scraping_pipeline to 2025-06-17 08:00:00+00:00, run_after=2025-06-17 09:00:00+00:00
[2025-06-17T09:26:45.092+0000] {processor.py:183} INFO - Processing /opt/airflow/dags/prueba.py took 0.325 seconds
[2025-06-17T09:27:15.211+0000] {processor.py:161} INFO - Started process (PID=531) to work on /opt/airflow/dags/prueba.py
[2025-06-17T09:27:15.212+0000] {processor.py:830} INFO - Processing file /opt/airflow/dags/prueba.py for tasks to queue
[2025-06-17T09:27:15.212+0000] {logging_mixin.py:188} INFO - [2025-06-17T09:27:15.212+0000] {dagbag.py:545} INFO - Filling up the DagBag from /opt/airflow/dags/prueba.py
[2025-06-17T09:27:15.486+0000] {processor.py:840} INFO - DAG(s) 'web_scraping_pipeline' retrieved from /opt/airflow/dags/prueba.py
[2025-06-17T09:27:15.505+0000] {logging_mixin.py:188} INFO - [2025-06-17T09:27:15.505+0000] {dag.py:3096} INFO - Sync 1 DAGs
[2025-06-17T09:27:15.520+0000] {logging_mixin.py:188} INFO - [2025-06-17T09:27:15.519+0000] {dag.py:3954} INFO - Setting next_dagrun for web_scraping_pipeline to 2025-06-17 08:00:00+00:00, run_after=2025-06-17 09:00:00+00:00
[2025-06-17T09:27:15.532+0000] {processor.py:183} INFO - Processing /opt/airflow/dags/prueba.py took 0.325 seconds
[2025-06-17T09:27:45.712+0000] {processor.py:161} INFO - Started process (PID=543) to work on /opt/airflow/dags/prueba.py
[2025-06-17T09:27:45.713+0000] {processor.py:830} INFO - Processing file /opt/airflow/dags/prueba.py for tasks to queue
[2025-06-17T09:27:45.714+0000] {logging_mixin.py:188} INFO - [2025-06-17T09:27:45.714+0000] {dagbag.py:545} INFO - Filling up the DagBag from /opt/airflow/dags/prueba.py
[2025-06-17T09:27:45.776+0000] {processor.py:840} INFO - DAG(s) 'carrefour_meat_prices_scraper' retrieved from /opt/airflow/dags/prueba.py
[2025-06-17T09:27:45.848+0000] {logging_mixin.py:188} INFO - [2025-06-17T09:27:45.848+0000] {override.py:1829} INFO - Created Permission View: can delete on DAG:carrefour_meat_prices_scraper
[2025-06-17T09:27:45.855+0000] {logging_mixin.py:188} INFO - [2025-06-17T09:27:45.855+0000] {override.py:1829} INFO - Created Permission View: can read on DAG:carrefour_meat_prices_scraper
[2025-06-17T09:27:45.860+0000] {logging_mixin.py:188} INFO - [2025-06-17T09:27:45.860+0000] {override.py:1829} INFO - Created Permission View: can edit on DAG:carrefour_meat_prices_scraper
[2025-06-17T09:27:45.861+0000] {logging_mixin.py:188} INFO - [2025-06-17T09:27:45.860+0000] {dag.py:3096} INFO - Sync 1 DAGs
[2025-06-17T09:27:45.867+0000] {logging_mixin.py:188} INFO - [2025-06-17T09:27:45.867+0000] {dag.py:3118} INFO - Creating ORM DAG for carrefour_meat_prices_scraper
[2025-06-17T09:27:45.874+0000] {logging_mixin.py:188} INFO - [2025-06-17T09:27:45.874+0000] {dag.py:3954} INFO - Setting next_dagrun for carrefour_meat_prices_scraper to 2025-06-17 08:00:00+00:00, run_after=2025-06-18 08:00:00+00:00
[2025-06-17T09:27:45.891+0000] {processor.py:183} INFO - Processing /opt/airflow/dags/prueba.py took 0.184 seconds
[2025-06-17T09:28:15.957+0000] {processor.py:161} INFO - Started process (PID=553) to work on /opt/airflow/dags/prueba.py
[2025-06-17T09:28:15.958+0000] {processor.py:830} INFO - Processing file /opt/airflow/dags/prueba.py for tasks to queue
[2025-06-17T09:28:15.959+0000] {logging_mixin.py:188} INFO - [2025-06-17T09:28:15.958+0000] {dagbag.py:545} INFO - Filling up the DagBag from /opt/airflow/dags/prueba.py
[2025-06-17T09:28:16.012+0000] {processor.py:840} INFO - DAG(s) 'carrefour_meat_prices_scraper' retrieved from /opt/airflow/dags/prueba.py
[2025-06-17T09:28:16.045+0000] {logging_mixin.py:188} INFO - [2025-06-17T09:28:16.044+0000] {dag.py:3096} INFO - Sync 1 DAGs
[2025-06-17T09:28:16.068+0000] {logging_mixin.py:188} INFO - [2025-06-17T09:28:16.068+0000] {dag.py:3954} INFO - Setting next_dagrun for carrefour_meat_prices_scraper to 2025-06-17 08:00:00+00:00, run_after=2025-06-18 08:00:00+00:00
[2025-06-17T09:28:16.091+0000] {processor.py:183} INFO - Processing /opt/airflow/dags/prueba.py took 0.140 seconds
[2025-06-17T09:28:46.424+0000] {processor.py:161} INFO - Started process (PID=563) to work on /opt/airflow/dags/prueba.py
[2025-06-17T09:28:46.425+0000] {processor.py:830} INFO - Processing file /opt/airflow/dags/prueba.py for tasks to queue
[2025-06-17T09:28:46.425+0000] {logging_mixin.py:188} INFO - [2025-06-17T09:28:46.425+0000] {dagbag.py:545} INFO - Filling up the DagBag from /opt/airflow/dags/prueba.py
[2025-06-17T09:28:46.470+0000] {processor.py:840} INFO - DAG(s) 'carrefour_meat_prices_scraper' retrieved from /opt/airflow/dags/prueba.py
[2025-06-17T09:28:46.493+0000] {logging_mixin.py:188} INFO - [2025-06-17T09:28:46.493+0000] {dag.py:3096} INFO - Sync 1 DAGs
[2025-06-17T09:28:46.510+0000] {logging_mixin.py:188} INFO - [2025-06-17T09:28:46.510+0000] {dag.py:3954} INFO - Setting next_dagrun for carrefour_meat_prices_scraper to 2025-06-17 08:00:00+00:00, run_after=2025-06-18 08:00:00+00:00
[2025-06-17T09:28:46.523+0000] {processor.py:183} INFO - Processing /opt/airflow/dags/prueba.py took 0.104 seconds
[2025-06-17T09:29:17.603+0000] {processor.py:161} INFO - Started process (PID=573) to work on /opt/airflow/dags/prueba.py
[2025-06-17T09:29:17.605+0000] {processor.py:830} INFO - Processing file /opt/airflow/dags/prueba.py for tasks to queue
[2025-06-17T09:29:17.606+0000] {logging_mixin.py:188} INFO - [2025-06-17T09:29:17.605+0000] {dagbag.py:545} INFO - Filling up the DagBag from /opt/airflow/dags/prueba.py
[2025-06-17T09:29:17.659+0000] {processor.py:840} INFO - DAG(s) 'carrefour_meat_prices_scraper' retrieved from /opt/airflow/dags/prueba.py
[2025-06-17T09:29:17.683+0000] {logging_mixin.py:188} INFO - [2025-06-17T09:29:17.683+0000] {dag.py:3096} INFO - Sync 1 DAGs
[2025-06-17T09:29:17.699+0000] {logging_mixin.py:188} INFO - [2025-06-17T09:29:17.699+0000] {dag.py:3954} INFO - Setting next_dagrun for carrefour_meat_prices_scraper to 2025-06-17 08:00:00+00:00, run_after=2025-06-18 08:00:00+00:00
[2025-06-17T09:29:17.713+0000] {processor.py:183} INFO - Processing /opt/airflow/dags/prueba.py took 0.117 seconds
[2025-06-17T09:29:35.898+0000] {processor.py:161} INFO - Started process (PID=583) to work on /opt/airflow/dags/prueba.py
[2025-06-17T09:29:35.899+0000] {processor.py:830} INFO - Processing file /opt/airflow/dags/prueba.py for tasks to queue
[2025-06-17T09:29:35.900+0000] {logging_mixin.py:188} INFO - [2025-06-17T09:29:35.900+0000] {dagbag.py:545} INFO - Filling up the DagBag from /opt/airflow/dags/prueba.py
[2025-06-17T09:29:35.957+0000] {processor.py:840} INFO - DAG(s) 'carrefour_meat_prices_scraper' retrieved from /opt/airflow/dags/prueba.py
[2025-06-17T09:29:36.028+0000] {logging_mixin.py:188} INFO - [2025-06-17T09:29:36.028+0000] {dag.py:3096} INFO - Sync 1 DAGs
[2025-06-17T09:29:36.045+0000] {logging_mixin.py:188} INFO - [2025-06-17T09:29:36.044+0000] {dag.py:3954} INFO - Setting next_dagrun for carrefour_meat_prices_scraper to 2025-06-17 08:00:00+00:00, run_after=2025-06-18 08:00:00+00:00
[2025-06-17T09:29:36.069+0000] {processor.py:183} INFO - Processing /opt/airflow/dags/prueba.py took 0.177 seconds
[2025-06-17T09:29:44.074+0000] {processor.py:161} INFO - Started process (PID=588) to work on /opt/airflow/dags/prueba.py
[2025-06-17T09:29:44.075+0000] {processor.py:830} INFO - Processing file /opt/airflow/dags/prueba.py for tasks to queue
[2025-06-17T09:29:44.077+0000] {logging_mixin.py:188} INFO - [2025-06-17T09:29:44.076+0000] {dagbag.py:545} INFO - Filling up the DagBag from /opt/airflow/dags/prueba.py
[2025-06-17T09:29:44.129+0000] {processor.py:840} INFO - DAG(s) 'carrefour_meat_prices_scraper' retrieved from /opt/airflow/dags/prueba.py
[2025-06-17T09:29:44.139+0000] {logging_mixin.py:188} INFO - [2025-06-17T09:29:44.139+0000] {dag.py:3096} INFO - Sync 1 DAGs
[2025-06-17T09:29:44.156+0000] {logging_mixin.py:188} INFO - [2025-06-17T09:29:44.155+0000] {dag.py:3954} INFO - Setting next_dagrun for carrefour_meat_prices_scraper to 2025-06-17 08:00:00+00:00, run_after=2025-06-18 08:00:00+00:00
[2025-06-17T09:29:44.170+0000] {processor.py:183} INFO - Processing /opt/airflow/dags/prueba.py took 0.102 seconds
[2025-06-17T09:29:44.232+0000] {processor.py:161} INFO - Started process (PID=593) to work on /opt/airflow/dags/prueba.py
[2025-06-17T09:29:44.233+0000] {processor.py:830} INFO - Processing file /opt/airflow/dags/prueba.py for tasks to queue
[2025-06-17T09:29:44.234+0000] {logging_mixin.py:188} INFO - [2025-06-17T09:29:44.234+0000] {dagbag.py:545} INFO - Filling up the DagBag from /opt/airflow/dags/prueba.py
[2025-06-17T09:29:44.285+0000] {processor.py:840} INFO - DAG(s) 'carrefour_meat_prices_scraper' retrieved from /opt/airflow/dags/prueba.py
[2025-06-17T09:29:44.294+0000] {logging_mixin.py:188} INFO - [2025-06-17T09:29:44.294+0000] {dag.py:3096} INFO - Sync 1 DAGs
[2025-06-17T09:29:44.308+0000] {logging_mixin.py:188} INFO - [2025-06-17T09:29:44.308+0000] {dag.py:3954} INFO - Setting next_dagrun for carrefour_meat_prices_scraper to 2025-06-17 08:00:00+00:00, run_after=2025-06-18 08:00:00+00:00
[2025-06-17T09:29:44.319+0000] {processor.py:183} INFO - Processing /opt/airflow/dags/prueba.py took 0.096 seconds
[2025-06-17T09:29:44.362+0000] {processor.py:161} INFO - Started process (PID=598) to work on /opt/airflow/dags/prueba.py
[2025-06-17T09:29:44.362+0000] {processor.py:830} INFO - Processing file /opt/airflow/dags/prueba.py for tasks to queue
[2025-06-17T09:29:44.363+0000] {logging_mixin.py:188} INFO - [2025-06-17T09:29:44.363+0000] {dagbag.py:545} INFO - Filling up the DagBag from /opt/airflow/dags/prueba.py
[2025-06-17T09:29:44.404+0000] {processor.py:840} INFO - DAG(s) 'carrefour_meat_prices_scraper' retrieved from /opt/airflow/dags/prueba.py
[2025-06-17T09:29:44.413+0000] {logging_mixin.py:188} INFO - [2025-06-17T09:29:44.413+0000] {dag.py:3096} INFO - Sync 1 DAGs
[2025-06-17T09:29:44.429+0000] {logging_mixin.py:188} INFO - [2025-06-17T09:29:44.429+0000] {dag.py:3954} INFO - Setting next_dagrun for carrefour_meat_prices_scraper to 2025-06-17 08:00:00+00:00, run_after=2025-06-18 08:00:00+00:00
[2025-06-17T09:29:44.443+0000] {processor.py:183} INFO - Processing /opt/airflow/dags/prueba.py took 0.086 seconds
[2025-06-17T09:30:14.690+0000] {processor.py:161} INFO - Started process (PID=706) to work on /opt/airflow/dags/prueba.py
[2025-06-17T09:30:14.692+0000] {processor.py:830} INFO - Processing file /opt/airflow/dags/prueba.py for tasks to queue
[2025-06-17T09:30:14.694+0000] {logging_mixin.py:188} INFO - [2025-06-17T09:30:14.693+0000] {dagbag.py:545} INFO - Filling up the DagBag from /opt/airflow/dags/prueba.py
[2025-06-17T09:30:14.786+0000] {processor.py:840} INFO - DAG(s) 'carrefour_meat_prices_scraper' retrieved from /opt/airflow/dags/prueba.py
[2025-06-17T09:30:14.815+0000] {logging_mixin.py:188} INFO - [2025-06-17T09:30:14.814+0000] {dag.py:3096} INFO - Sync 1 DAGs
[2025-06-17T09:30:14.858+0000] {processor.py:183} INFO - Processing /opt/airflow/dags/prueba.py took 0.175 seconds
[2025-06-17T09:30:44.912+0000] {processor.py:161} INFO - Started process (PID=716) to work on /opt/airflow/dags/prueba.py
[2025-06-17T09:30:44.913+0000] {processor.py:830} INFO - Processing file /opt/airflow/dags/prueba.py for tasks to queue
[2025-06-17T09:30:44.914+0000] {logging_mixin.py:188} INFO - [2025-06-17T09:30:44.914+0000] {dagbag.py:545} INFO - Filling up the DagBag from /opt/airflow/dags/prueba.py
[2025-06-17T09:30:44.961+0000] {processor.py:840} INFO - DAG(s) 'carrefour_meat_prices_scraper' retrieved from /opt/airflow/dags/prueba.py
[2025-06-17T09:30:44.982+0000] {logging_mixin.py:188} INFO - [2025-06-17T09:30:44.982+0000] {dag.py:3096} INFO - Sync 1 DAGs
[2025-06-17T09:30:45.009+0000] {processor.py:183} INFO - Processing /opt/airflow/dags/prueba.py took 0.103 seconds
[2025-06-17T09:31:15.203+0000] {processor.py:161} INFO - Started process (PID=727) to work on /opt/airflow/dags/prueba.py
[2025-06-17T09:31:15.204+0000] {processor.py:830} INFO - Processing file /opt/airflow/dags/prueba.py for tasks to queue
[2025-06-17T09:31:15.204+0000] {logging_mixin.py:188} INFO - [2025-06-17T09:31:15.204+0000] {dagbag.py:545} INFO - Filling up the DagBag from /opt/airflow/dags/prueba.py
[2025-06-17T09:31:15.247+0000] {processor.py:840} INFO - DAG(s) 'carrefour_meat_prices_scraper' retrieved from /opt/airflow/dags/prueba.py
[2025-06-17T09:31:15.266+0000] {logging_mixin.py:188} INFO - [2025-06-17T09:31:15.266+0000] {dag.py:3096} INFO - Sync 1 DAGs
[2025-06-17T09:31:15.295+0000] {processor.py:183} INFO - Processing /opt/airflow/dags/prueba.py took 0.097 seconds
[2025-06-17T09:31:45.339+0000] {processor.py:161} INFO - Started process (PID=737) to work on /opt/airflow/dags/prueba.py
[2025-06-17T09:31:45.340+0000] {processor.py:830} INFO - Processing file /opt/airflow/dags/prueba.py for tasks to queue
[2025-06-17T09:31:45.341+0000] {logging_mixin.py:188} INFO - [2025-06-17T09:31:45.341+0000] {dagbag.py:545} INFO - Filling up the DagBag from /opt/airflow/dags/prueba.py
[2025-06-17T09:31:45.380+0000] {processor.py:840} INFO - DAG(s) 'carrefour_meat_prices_scraper' retrieved from /opt/airflow/dags/prueba.py
[2025-06-17T09:31:45.399+0000] {logging_mixin.py:188} INFO - [2025-06-17T09:31:45.399+0000] {dag.py:3096} INFO - Sync 1 DAGs
[2025-06-17T09:31:45.424+0000] {processor.py:183} INFO - Processing /opt/airflow/dags/prueba.py took 0.089 seconds
[2025-06-17T09:32:15.556+0000] {processor.py:161} INFO - Started process (PID=747) to work on /opt/airflow/dags/prueba.py
[2025-06-17T09:32:15.557+0000] {processor.py:830} INFO - Processing file /opt/airflow/dags/prueba.py for tasks to queue
[2025-06-17T09:32:15.557+0000] {logging_mixin.py:188} INFO - [2025-06-17T09:32:15.557+0000] {dagbag.py:545} INFO - Filling up the DagBag from /opt/airflow/dags/prueba.py
[2025-06-17T09:32:15.607+0000] {processor.py:840} INFO - DAG(s) 'carrefour_meat_prices_scraper' retrieved from /opt/airflow/dags/prueba.py
[2025-06-17T09:32:15.629+0000] {logging_mixin.py:188} INFO - [2025-06-17T09:32:15.629+0000] {dag.py:3096} INFO - Sync 1 DAGs
[2025-06-17T09:32:15.658+0000] {processor.py:183} INFO - Processing /opt/airflow/dags/prueba.py took 0.109 seconds
[2025-06-17T09:32:45.837+0000] {processor.py:161} INFO - Started process (PID=757) to work on /opt/airflow/dags/prueba.py
[2025-06-17T09:32:45.839+0000] {processor.py:830} INFO - Processing file /opt/airflow/dags/prueba.py for tasks to queue
[2025-06-17T09:32:45.840+0000] {logging_mixin.py:188} INFO - [2025-06-17T09:32:45.840+0000] {dagbag.py:545} INFO - Filling up the DagBag from /opt/airflow/dags/prueba.py
[2025-06-17T09:32:45.906+0000] {processor.py:840} INFO - DAG(s) 'carrefour_meat_prices_scraper' retrieved from /opt/airflow/dags/prueba.py
[2025-06-17T09:32:45.933+0000] {logging_mixin.py:188} INFO - [2025-06-17T09:32:45.932+0000] {dag.py:3096} INFO - Sync 1 DAGs
[2025-06-17T09:32:45.965+0000] {processor.py:183} INFO - Processing /opt/airflow/dags/prueba.py took 0.139 seconds
[2025-06-17T09:33:16.220+0000] {processor.py:161} INFO - Started process (PID=767) to work on /opt/airflow/dags/prueba.py
[2025-06-17T09:33:16.221+0000] {processor.py:830} INFO - Processing file /opt/airflow/dags/prueba.py for tasks to queue
[2025-06-17T09:33:16.221+0000] {logging_mixin.py:188} INFO - [2025-06-17T09:33:16.221+0000] {dagbag.py:545} INFO - Filling up the DagBag from /opt/airflow/dags/prueba.py
[2025-06-17T09:33:16.264+0000] {processor.py:840} INFO - DAG(s) 'carrefour_meat_prices_scraper' retrieved from /opt/airflow/dags/prueba.py
[2025-06-17T09:33:16.284+0000] {logging_mixin.py:188} INFO - [2025-06-17T09:33:16.284+0000] {dag.py:3096} INFO - Sync 1 DAGs
[2025-06-17T09:33:16.309+0000] {processor.py:183} INFO - Processing /opt/airflow/dags/prueba.py took 0.095 seconds
[2025-06-17T09:33:46.479+0000] {processor.py:161} INFO - Started process (PID=781) to work on /opt/airflow/dags/prueba.py
[2025-06-17T09:33:46.480+0000] {processor.py:830} INFO - Processing file /opt/airflow/dags/prueba.py for tasks to queue
[2025-06-17T09:33:46.481+0000] {logging_mixin.py:188} INFO - [2025-06-17T09:33:46.481+0000] {dagbag.py:545} INFO - Filling up the DagBag from /opt/airflow/dags/prueba.py
[2025-06-17T09:33:46.529+0000] {processor.py:840} INFO - DAG(s) 'carrefour_meat_prices_scraper' retrieved from /opt/airflow/dags/prueba.py
[2025-06-17T09:33:46.547+0000] {logging_mixin.py:188} INFO - [2025-06-17T09:33:46.547+0000] {dag.py:3096} INFO - Sync 1 DAGs
[2025-06-17T09:33:46.560+0000] {logging_mixin.py:188} INFO - [2025-06-17T09:33:46.560+0000] {dag.py:3954} INFO - Setting next_dagrun for carrefour_meat_prices_scraper to 2025-06-17 08:00:00+00:00, run_after=2025-06-18 08:00:00+00:00
[2025-06-17T09:33:46.572+0000] {processor.py:183} INFO - Processing /opt/airflow/dags/prueba.py took 0.098 seconds
[2025-06-17T09:34:16.695+0000] {processor.py:161} INFO - Started process (PID=791) to work on /opt/airflow/dags/prueba.py
[2025-06-17T09:34:16.696+0000] {processor.py:830} INFO - Processing file /opt/airflow/dags/prueba.py for tasks to queue
[2025-06-17T09:34:16.697+0000] {logging_mixin.py:188} INFO - [2025-06-17T09:34:16.697+0000] {dagbag.py:545} INFO - Filling up the DagBag from /opt/airflow/dags/prueba.py
[2025-06-17T09:34:16.743+0000] {processor.py:840} INFO - DAG(s) 'carrefour_meat_prices_scraper' retrieved from /opt/airflow/dags/prueba.py
[2025-06-17T09:34:16.761+0000] {logging_mixin.py:188} INFO - [2025-06-17T09:34:16.761+0000] {dag.py:3096} INFO - Sync 1 DAGs
[2025-06-17T09:34:16.775+0000] {logging_mixin.py:188} INFO - [2025-06-17T09:34:16.774+0000] {dag.py:3954} INFO - Setting next_dagrun for carrefour_meat_prices_scraper to 2025-06-17 08:00:00+00:00, run_after=2025-06-18 08:00:00+00:00
[2025-06-17T09:34:16.786+0000] {processor.py:183} INFO - Processing /opt/airflow/dags/prueba.py took 0.096 seconds
[2025-06-17T09:34:46.900+0000] {processor.py:161} INFO - Started process (PID=860) to work on /opt/airflow/dags/prueba.py
[2025-06-17T09:34:46.901+0000] {processor.py:830} INFO - Processing file /opt/airflow/dags/prueba.py for tasks to queue
[2025-06-17T09:34:46.902+0000] {logging_mixin.py:188} INFO - [2025-06-17T09:34:46.901+0000] {dagbag.py:545} INFO - Filling up the DagBag from /opt/airflow/dags/prueba.py
[2025-06-17T09:34:46.950+0000] {processor.py:840} INFO - DAG(s) 'carrefour_meat_prices_scraper' retrieved from /opt/airflow/dags/prueba.py
[2025-06-17T09:34:46.976+0000] {logging_mixin.py:188} INFO - [2025-06-17T09:34:46.976+0000] {dag.py:3096} INFO - Sync 1 DAGs
[2025-06-17T09:34:47.002+0000] {logging_mixin.py:188} INFO - [2025-06-17T09:34:47.002+0000] {dag.py:3954} INFO - Setting next_dagrun for carrefour_meat_prices_scraper to 2025-06-17 08:00:00+00:00, run_after=2025-06-18 08:00:00+00:00
[2025-06-17T09:34:47.030+0000] {processor.py:183} INFO - Processing /opt/airflow/dags/prueba.py took 0.135 seconds
