[2025-06-17T09:14:45.829+0000] {processor.py:161} INFO - Started process (PID=647) to work on /opt/airflow/dags/tes.py
[2025-06-17T09:14:45.830+0000] {processor.py:830} INFO - Processing file /opt/airflow/dags/tes.py for tasks to queue
[2025-06-17T09:14:45.831+0000] {logging_mixin.py:188} INFO - [2025-06-17T09:14:45.831+0000] {dagbag.py:545} INFO - Filling up the DagBag from /opt/airflow/dags/tes.py
[2025-06-17T09:14:45.875+0000] {processor.py:840} INFO - DAG(s) 'meat_prices_carrefour' retrieved from /opt/airflow/dags/tes.py
[2025-06-17T09:14:45.942+0000] {logging_mixin.py:188} INFO - [2025-06-17T09:14:45.942+0000] {override.py:1829} INFO - Created Permission View: can delete on DAG:meat_prices_carrefour
[2025-06-17T09:14:45.949+0000] {logging_mixin.py:188} INFO - [2025-06-17T09:14:45.949+0000] {override.py:1829} INFO - Created Permission View: can read on DAG:meat_prices_carrefour
[2025-06-17T09:14:45.953+0000] {logging_mixin.py:188} INFO - [2025-06-17T09:14:45.953+0000] {override.py:1829} INFO - Created Permission View: can edit on DAG:meat_prices_carrefour
[2025-06-17T09:14:45.954+0000] {logging_mixin.py:188} INFO - [2025-06-17T09:14:45.954+0000] {dag.py:3096} INFO - Sync 1 DAGs
[2025-06-17T09:14:45.960+0000] {logging_mixin.py:188} INFO - [2025-06-17T09:14:45.960+0000] {dag.py:3118} INFO - Creating ORM DAG for meat_prices_carrefour
[2025-06-17T09:14:45.961+0000] {logging_mixin.py:188} INFO - [2025-06-17T09:14:45.961+0000] {dag.py:3954} INFO - Setting next_dagrun for meat_prices_carrefour to None, run_after=None
[2025-06-17T09:14:45.975+0000] {processor.py:183} INFO - Processing /opt/airflow/dags/tes.py took 0.150 seconds
[2025-06-17T09:15:23.777+0000] {processor.py:161} INFO - Started process (PID=190) to work on /opt/airflow/dags/tes.py
[2025-06-17T09:15:23.778+0000] {processor.py:830} INFO - Processing file /opt/airflow/dags/tes.py for tasks to queue
[2025-06-17T09:15:23.780+0000] {logging_mixin.py:188} INFO - [2025-06-17T09:15:23.780+0000] {dagbag.py:545} INFO - Filling up the DagBag from /opt/airflow/dags/tes.py
[2025-06-17T09:15:23.824+0000] {processor.py:840} INFO - DAG(s) 'meat_prices_carrefour' retrieved from /opt/airflow/dags/tes.py
[2025-06-17T09:15:23.841+0000] {logging_mixin.py:188} INFO - [2025-06-17T09:15:23.840+0000] {dag.py:3096} INFO - Sync 1 DAGs
[2025-06-17T09:15:23.850+0000] {logging_mixin.py:188} INFO - [2025-06-17T09:15:23.850+0000] {dag.py:3954} INFO - Setting next_dagrun for meat_prices_carrefour to None, run_after=None
[2025-06-17T09:15:23.952+0000] {processor.py:183} INFO - Processing /opt/airflow/dags/tes.py took 0.180 seconds
[2025-06-17T09:15:54.036+0000] {processor.py:161} INFO - Started process (PID=203) to work on /opt/airflow/dags/tes.py
[2025-06-17T09:15:54.037+0000] {processor.py:830} INFO - Processing file /opt/airflow/dags/tes.py for tasks to queue
[2025-06-17T09:15:54.038+0000] {logging_mixin.py:188} INFO - [2025-06-17T09:15:54.038+0000] {dagbag.py:545} INFO - Filling up the DagBag from /opt/airflow/dags/tes.py
[2025-06-17T09:15:54.165+0000] {processor.py:840} INFO - DAG(s) 'meat_prices_carrefour' retrieved from /opt/airflow/dags/tes.py
[2025-06-17T09:15:54.221+0000] {logging_mixin.py:188} INFO - [2025-06-17T09:15:54.220+0000] {dag.py:3096} INFO - Sync 1 DAGs
[2025-06-17T09:15:54.226+0000] {logging_mixin.py:188} INFO - [2025-06-17T09:15:54.226+0000] {dag.py:3954} INFO - Setting next_dagrun for meat_prices_carrefour to None, run_after=None
[2025-06-17T09:15:54.237+0000] {processor.py:183} INFO - Processing /opt/airflow/dags/tes.py took 0.205 seconds
[2025-06-17T09:16:24.382+0000] {processor.py:161} INFO - Started process (PID=287) to work on /opt/airflow/dags/tes.py
[2025-06-17T09:16:24.383+0000] {processor.py:830} INFO - Processing file /opt/airflow/dags/tes.py for tasks to queue
[2025-06-17T09:16:24.385+0000] {logging_mixin.py:188} INFO - [2025-06-17T09:16:24.384+0000] {dagbag.py:545} INFO - Filling up the DagBag from /opt/airflow/dags/tes.py
[2025-06-17T09:16:24.524+0000] {processor.py:840} INFO - DAG(s) 'meat_prices_carrefour' retrieved from /opt/airflow/dags/tes.py
[2025-06-17T09:16:24.539+0000] {logging_mixin.py:188} INFO - [2025-06-17T09:16:24.539+0000] {dag.py:3096} INFO - Sync 1 DAGs
[2025-06-17T09:16:24.546+0000] {logging_mixin.py:188} INFO - [2025-06-17T09:16:24.546+0000] {dag.py:3954} INFO - Setting next_dagrun for meat_prices_carrefour to None, run_after=None
[2025-06-17T09:16:24.560+0000] {processor.py:183} INFO - Processing /opt/airflow/dags/tes.py took 0.181 seconds
[2025-06-17T09:16:54.602+0000] {processor.py:161} INFO - Started process (PID=320) to work on /opt/airflow/dags/tes.py
[2025-06-17T09:16:54.603+0000] {processor.py:830} INFO - Processing file /opt/airflow/dags/tes.py for tasks to queue
[2025-06-17T09:16:54.604+0000] {logging_mixin.py:188} INFO - [2025-06-17T09:16:54.604+0000] {dagbag.py:545} INFO - Filling up the DagBag from /opt/airflow/dags/tes.py
[2025-06-17T09:16:54.751+0000] {processor.py:840} INFO - DAG(s) 'meat_prices_carrefour' retrieved from /opt/airflow/dags/tes.py
[2025-06-17T09:16:54.773+0000] {logging_mixin.py:188} INFO - [2025-06-17T09:16:54.773+0000] {dag.py:3096} INFO - Sync 1 DAGs
[2025-06-17T09:16:54.782+0000] {logging_mixin.py:188} INFO - [2025-06-17T09:16:54.782+0000] {dag.py:3954} INFO - Setting next_dagrun for meat_prices_carrefour to None, run_after=None
[2025-06-17T09:16:54.798+0000] {processor.py:183} INFO - Processing /opt/airflow/dags/tes.py took 0.200 seconds
[2025-06-17T09:17:24.861+0000] {processor.py:161} INFO - Started process (PID=331) to work on /opt/airflow/dags/tes.py
[2025-06-17T09:17:24.862+0000] {processor.py:830} INFO - Processing file /opt/airflow/dags/tes.py for tasks to queue
[2025-06-17T09:17:24.863+0000] {logging_mixin.py:188} INFO - [2025-06-17T09:17:24.863+0000] {dagbag.py:545} INFO - Filling up the DagBag from /opt/airflow/dags/tes.py
[2025-06-17T09:17:24.980+0000] {processor.py:840} INFO - DAG(s) 'meat_prices_carrefour' retrieved from /opt/airflow/dags/tes.py
[2025-06-17T09:17:25.000+0000] {logging_mixin.py:188} INFO - [2025-06-17T09:17:24.999+0000] {dag.py:3096} INFO - Sync 1 DAGs
[2025-06-17T09:17:25.007+0000] {logging_mixin.py:188} INFO - [2025-06-17T09:17:25.007+0000] {dag.py:3954} INFO - Setting next_dagrun for meat_prices_carrefour to None, run_after=None
[2025-06-17T09:17:25.018+0000] {processor.py:183} INFO - Processing /opt/airflow/dags/tes.py took 0.160 seconds
[2025-06-17T09:17:55.073+0000] {processor.py:161} INFO - Started process (PID=341) to work on /opt/airflow/dags/tes.py
[2025-06-17T09:17:55.074+0000] {processor.py:830} INFO - Processing file /opt/airflow/dags/tes.py for tasks to queue
[2025-06-17T09:17:55.075+0000] {logging_mixin.py:188} INFO - [2025-06-17T09:17:55.075+0000] {dagbag.py:545} INFO - Filling up the DagBag from /opt/airflow/dags/tes.py
[2025-06-17T09:17:55.203+0000] {processor.py:840} INFO - DAG(s) 'meat_prices_carrefour' retrieved from /opt/airflow/dags/tes.py
[2025-06-17T09:17:55.219+0000] {logging_mixin.py:188} INFO - [2025-06-17T09:17:55.218+0000] {dag.py:3096} INFO - Sync 1 DAGs
[2025-06-17T09:17:55.226+0000] {logging_mixin.py:188} INFO - [2025-06-17T09:17:55.226+0000] {dag.py:3954} INFO - Setting next_dagrun for meat_prices_carrefour to None, run_after=None
[2025-06-17T09:17:55.237+0000] {processor.py:183} INFO - Processing /opt/airflow/dags/tes.py took 0.168 seconds
[2025-06-17T09:18:25.302+0000] {processor.py:161} INFO - Started process (PID=349) to work on /opt/airflow/dags/tes.py
[2025-06-17T09:18:25.302+0000] {processor.py:830} INFO - Processing file /opt/airflow/dags/tes.py for tasks to queue
[2025-06-17T09:18:25.304+0000] {logging_mixin.py:188} INFO - [2025-06-17T09:18:25.304+0000] {dagbag.py:545} INFO - Filling up the DagBag from /opt/airflow/dags/tes.py
[2025-06-17T09:18:25.361+0000] {processor.py:840} INFO - DAG(s) 'meat_prices_carrefour' retrieved from /opt/airflow/dags/tes.py
[2025-06-17T09:18:25.380+0000] {logging_mixin.py:188} INFO - [2025-06-17T09:18:25.380+0000] {dag.py:3096} INFO - Sync 1 DAGs
[2025-06-17T09:18:25.388+0000] {logging_mixin.py:188} INFO - [2025-06-17T09:18:25.387+0000] {dag.py:3954} INFO - Setting next_dagrun for meat_prices_carrefour to None, run_after=None
[2025-06-17T09:18:25.399+0000] {processor.py:183} INFO - Processing /opt/airflow/dags/tes.py took 0.103 seconds
[2025-06-17T09:18:55.473+0000] {processor.py:161} INFO - Started process (PID=361) to work on /opt/airflow/dags/tes.py
[2025-06-17T09:18:55.474+0000] {processor.py:830} INFO - Processing file /opt/airflow/dags/tes.py for tasks to queue
[2025-06-17T09:18:55.475+0000] {logging_mixin.py:188} INFO - [2025-06-17T09:18:55.475+0000] {dagbag.py:545} INFO - Filling up the DagBag from /opt/airflow/dags/tes.py
[2025-06-17T09:18:55.512+0000] {processor.py:840} INFO - DAG(s) 'meat_prices_carrefour' retrieved from /opt/airflow/dags/tes.py
[2025-06-17T09:18:55.530+0000] {logging_mixin.py:188} INFO - [2025-06-17T09:18:55.530+0000] {dag.py:3096} INFO - Sync 1 DAGs
[2025-06-17T09:18:55.540+0000] {logging_mixin.py:188} INFO - [2025-06-17T09:18:55.539+0000] {dag.py:3954} INFO - Setting next_dagrun for meat_prices_carrefour to None, run_after=None
[2025-06-17T09:18:55.557+0000] {processor.py:183} INFO - Processing /opt/airflow/dags/tes.py took 0.088 seconds
[2025-06-17T09:19:25.614+0000] {processor.py:161} INFO - Started process (PID=369) to work on /opt/airflow/dags/tes.py
[2025-06-17T09:19:25.615+0000] {processor.py:830} INFO - Processing file /opt/airflow/dags/tes.py for tasks to queue
[2025-06-17T09:19:25.616+0000] {logging_mixin.py:188} INFO - [2025-06-17T09:19:25.616+0000] {dagbag.py:545} INFO - Filling up the DagBag from /opt/airflow/dags/tes.py
[2025-06-17T09:19:25.656+0000] {processor.py:840} INFO - DAG(s) 'meat_prices_carrefour' retrieved from /opt/airflow/dags/tes.py
[2025-06-17T09:19:25.674+0000] {logging_mixin.py:188} INFO - [2025-06-17T09:19:25.674+0000] {dag.py:3096} INFO - Sync 1 DAGs
[2025-06-17T09:19:25.681+0000] {logging_mixin.py:188} INFO - [2025-06-17T09:19:25.681+0000] {dag.py:3954} INFO - Setting next_dagrun for meat_prices_carrefour to None, run_after=None
[2025-06-17T09:19:25.695+0000] {processor.py:183} INFO - Processing /opt/airflow/dags/tes.py took 0.085 seconds
[2025-06-17T09:19:58.813+0000] {processor.py:161} INFO - Started process (PID=382) to work on /opt/airflow/dags/tes.py
[2025-06-17T09:19:58.813+0000] {processor.py:830} INFO - Processing file /opt/airflow/dags/tes.py for tasks to queue
[2025-06-17T09:19:58.815+0000] {logging_mixin.py:188} INFO - [2025-06-17T09:19:58.815+0000] {dagbag.py:545} INFO - Filling up the DagBag from /opt/airflow/dags/tes.py
[2025-06-17T09:19:58.855+0000] {processor.py:840} INFO - DAG(s) 'meat_prices_carrefour' retrieved from /opt/airflow/dags/tes.py
[2025-06-17T09:19:58.873+0000] {logging_mixin.py:188} INFO - [2025-06-17T09:19:58.873+0000] {dag.py:3096} INFO - Sync 1 DAGs
[2025-06-17T09:19:58.881+0000] {logging_mixin.py:188} INFO - [2025-06-17T09:19:58.881+0000] {dag.py:3954} INFO - Setting next_dagrun for meat_prices_carrefour to None, run_after=None
[2025-06-17T09:19:58.894+0000] {processor.py:183} INFO - Processing /opt/airflow/dags/tes.py took 0.085 seconds
[2025-06-17T09:20:31.090+0000] {processor.py:161} INFO - Started process (PID=392) to work on /opt/airflow/dags/tes.py
[2025-06-17T09:20:31.091+0000] {processor.py:830} INFO - Processing file /opt/airflow/dags/tes.py for tasks to queue
[2025-06-17T09:20:31.092+0000] {logging_mixin.py:188} INFO - [2025-06-17T09:20:31.092+0000] {dagbag.py:545} INFO - Filling up the DagBag from /opt/airflow/dags/tes.py
[2025-06-17T09:20:31.135+0000] {processor.py:840} INFO - DAG(s) 'meat_prices_carrefour' retrieved from /opt/airflow/dags/tes.py
[2025-06-17T09:20:31.154+0000] {logging_mixin.py:188} INFO - [2025-06-17T09:20:31.154+0000] {dag.py:3096} INFO - Sync 1 DAGs
[2025-06-17T09:20:31.163+0000] {logging_mixin.py:188} INFO - [2025-06-17T09:20:31.163+0000] {dag.py:3954} INFO - Setting next_dagrun for meat_prices_carrefour to None, run_after=None
[2025-06-17T09:20:31.194+0000] {processor.py:183} INFO - Processing /opt/airflow/dags/tes.py took 0.108 seconds
[2025-06-17T09:21:04.261+0000] {processor.py:161} INFO - Started process (PID=402) to work on /opt/airflow/dags/tes.py
[2025-06-17T09:21:04.264+0000] {processor.py:830} INFO - Processing file /opt/airflow/dags/tes.py for tasks to queue
[2025-06-17T09:21:04.269+0000] {logging_mixin.py:188} INFO - [2025-06-17T09:21:04.268+0000] {dagbag.py:545} INFO - Filling up the DagBag from /opt/airflow/dags/tes.py
[2025-06-17T09:21:04.328+0000] {processor.py:840} INFO - DAG(s) 'meat_prices_carrefour' retrieved from /opt/airflow/dags/tes.py
[2025-06-17T09:21:04.355+0000] {logging_mixin.py:188} INFO - [2025-06-17T09:21:04.354+0000] {dag.py:3096} INFO - Sync 1 DAGs
[2025-06-17T09:21:04.367+0000] {logging_mixin.py:188} INFO - [2025-06-17T09:21:04.367+0000] {dag.py:3954} INFO - Setting next_dagrun for meat_prices_carrefour to None, run_after=None
[2025-06-17T09:21:04.389+0000] {processor.py:183} INFO - Processing /opt/airflow/dags/tes.py took 0.137 seconds
[2025-06-17T09:21:34.726+0000] {processor.py:161} INFO - Started process (PID=412) to work on /opt/airflow/dags/tes.py
[2025-06-17T09:21:34.727+0000] {processor.py:830} INFO - Processing file /opt/airflow/dags/tes.py for tasks to queue
[2025-06-17T09:21:34.728+0000] {logging_mixin.py:188} INFO - [2025-06-17T09:21:34.728+0000] {dagbag.py:545} INFO - Filling up the DagBag from /opt/airflow/dags/tes.py
[2025-06-17T09:21:34.797+0000] {processor.py:840} INFO - DAG(s) 'meat_prices_carrefour' retrieved from /opt/airflow/dags/tes.py
[2025-06-17T09:21:34.819+0000] {logging_mixin.py:188} INFO - [2025-06-17T09:21:34.819+0000] {dag.py:3096} INFO - Sync 1 DAGs
[2025-06-17T09:21:36.577+0000] {logging_mixin.py:188} INFO - [2025-06-17T09:21:36.577+0000] {dag.py:3954} INFO - Setting next_dagrun for meat_prices_carrefour to None, run_after=None
[2025-06-17T09:21:36.591+0000] {processor.py:183} INFO - Processing /opt/airflow/dags/tes.py took 0.120 seconds
[2025-06-17T09:22:09.822+0000] {processor.py:161} INFO - Started process (PID=422) to work on /opt/airflow/dags/tes.py
[2025-06-17T09:22:09.823+0000] {processor.py:830} INFO - Processing file /opt/airflow/dags/tes.py for tasks to queue
[2025-06-17T09:22:09.825+0000] {logging_mixin.py:188} INFO - [2025-06-17T09:22:09.825+0000] {dagbag.py:545} INFO - Filling up the DagBag from /opt/airflow/dags/tes.py
[2025-06-17T09:22:09.892+0000] {processor.py:840} INFO - DAG(s) 'meat_prices_carrefour' retrieved from /opt/airflow/dags/tes.py
[2025-06-17T09:22:09.924+0000] {logging_mixin.py:188} INFO - [2025-06-17T09:22:09.924+0000] {dag.py:3096} INFO - Sync 1 DAGs
[2025-06-17T09:22:09.933+0000] {logging_mixin.py:188} INFO - [2025-06-17T09:22:09.932+0000] {dag.py:3954} INFO - Setting next_dagrun for meat_prices_carrefour to None, run_after=None
[2025-06-17T09:22:09.947+0000] {processor.py:183} INFO - Processing /opt/airflow/dags/tes.py took 0.133 seconds
[2025-06-17T09:22:43.055+0000] {processor.py:161} INFO - Started process (PID=433) to work on /opt/airflow/dags/tes.py
[2025-06-17T09:22:43.056+0000] {processor.py:830} INFO - Processing file /opt/airflow/dags/tes.py for tasks to queue
[2025-06-17T09:22:43.058+0000] {logging_mixin.py:188} INFO - [2025-06-17T09:22:43.057+0000] {dagbag.py:545} INFO - Filling up the DagBag from /opt/airflow/dags/tes.py
[2025-06-17T09:22:43.108+0000] {processor.py:840} INFO - DAG(s) 'meat_prices_carrefour' retrieved from /opt/airflow/dags/tes.py
[2025-06-17T09:22:43.133+0000] {logging_mixin.py:188} INFO - [2025-06-17T09:22:43.133+0000] {dag.py:3096} INFO - Sync 1 DAGs
[2025-06-17T09:22:43.143+0000] {logging_mixin.py:188} INFO - [2025-06-17T09:22:43.143+0000] {dag.py:3954} INFO - Setting next_dagrun for meat_prices_carrefour to None, run_after=None
[2025-06-17T09:22:43.156+0000] {processor.py:183} INFO - Processing /opt/airflow/dags/tes.py took 0.106 seconds
[2025-06-17T09:23:15.248+0000] {processor.py:161} INFO - Started process (PID=444) to work on /opt/airflow/dags/tes.py
[2025-06-17T09:23:15.249+0000] {processor.py:830} INFO - Processing file /opt/airflow/dags/tes.py for tasks to queue
[2025-06-17T09:23:15.250+0000] {logging_mixin.py:188} INFO - [2025-06-17T09:23:15.250+0000] {dagbag.py:545} INFO - Filling up the DagBag from /opt/airflow/dags/tes.py
[2025-06-17T09:23:15.286+0000] {processor.py:840} INFO - DAG(s) 'meat_prices_carrefour' retrieved from /opt/airflow/dags/tes.py
[2025-06-17T09:23:15.304+0000] {logging_mixin.py:188} INFO - [2025-06-17T09:23:15.304+0000] {dag.py:3096} INFO - Sync 1 DAGs
[2025-06-17T09:23:15.313+0000] {logging_mixin.py:188} INFO - [2025-06-17T09:23:15.313+0000] {dag.py:3954} INFO - Setting next_dagrun for meat_prices_carrefour to None, run_after=None
[2025-06-17T09:23:15.326+0000] {processor.py:183} INFO - Processing /opt/airflow/dags/tes.py took 0.082 seconds
[2025-06-17T09:23:48.448+0000] {processor.py:161} INFO - Started process (PID=454) to work on /opt/airflow/dags/tes.py
[2025-06-17T09:23:48.449+0000] {processor.py:830} INFO - Processing file /opt/airflow/dags/tes.py for tasks to queue
[2025-06-17T09:23:48.451+0000] {logging_mixin.py:188} INFO - [2025-06-17T09:23:48.451+0000] {dagbag.py:545} INFO - Filling up the DagBag from /opt/airflow/dags/tes.py
[2025-06-17T09:23:48.504+0000] {processor.py:840} INFO - DAG(s) 'meat_prices_carrefour' retrieved from /opt/airflow/dags/tes.py
[2025-06-17T09:23:48.525+0000] {logging_mixin.py:188} INFO - [2025-06-17T09:23:48.525+0000] {dag.py:3096} INFO - Sync 1 DAGs
[2025-06-17T09:23:48.536+0000] {logging_mixin.py:188} INFO - [2025-06-17T09:23:48.536+0000] {dag.py:3954} INFO - Setting next_dagrun for meat_prices_carrefour to None, run_after=None
[2025-06-17T09:23:48.550+0000] {processor.py:183} INFO - Processing /opt/airflow/dags/tes.py took 0.108 seconds
[2025-06-17T09:24:21.710+0000] {processor.py:161} INFO - Started process (PID=466) to work on /opt/airflow/dags/tes.py
[2025-06-17T09:24:21.711+0000] {processor.py:830} INFO - Processing file /opt/airflow/dags/tes.py for tasks to queue
[2025-06-17T09:24:21.713+0000] {logging_mixin.py:188} INFO - [2025-06-17T09:24:21.712+0000] {dagbag.py:545} INFO - Filling up the DagBag from /opt/airflow/dags/tes.py
[2025-06-17T09:24:21.761+0000] {processor.py:840} INFO - DAG(s) 'meat_prices_carrefour' retrieved from /opt/airflow/dags/tes.py
[2025-06-17T09:24:21.782+0000] {logging_mixin.py:188} INFO - [2025-06-17T09:24:21.782+0000] {dag.py:3096} INFO - Sync 1 DAGs
[2025-06-17T09:24:21.789+0000] {logging_mixin.py:188} INFO - [2025-06-17T09:24:21.789+0000] {dag.py:3954} INFO - Setting next_dagrun for meat_prices_carrefour to None, run_after=None
[2025-06-17T09:24:21.801+0000] {processor.py:183} INFO - Processing /opt/airflow/dags/tes.py took 0.096 seconds
[2025-06-17T09:24:53.922+0000] {processor.py:161} INFO - Started process (PID=482) to work on /opt/airflow/dags/tes.py
[2025-06-17T09:24:53.923+0000] {processor.py:830} INFO - Processing file /opt/airflow/dags/tes.py for tasks to queue
[2025-06-17T09:24:53.925+0000] {logging_mixin.py:188} INFO - [2025-06-17T09:24:53.925+0000] {dagbag.py:545} INFO - Filling up the DagBag from /opt/airflow/dags/tes.py
[2025-06-17T09:24:53.970+0000] {processor.py:840} INFO - DAG(s) 'meat_prices_carrefour' retrieved from /opt/airflow/dags/tes.py
[2025-06-17T09:24:53.991+0000] {logging_mixin.py:188} INFO - [2025-06-17T09:24:53.991+0000] {dag.py:3096} INFO - Sync 1 DAGs
[2025-06-17T09:24:54.001+0000] {logging_mixin.py:188} INFO - [2025-06-17T09:24:54.001+0000] {dag.py:3954} INFO - Setting next_dagrun for meat_prices_carrefour to None, run_after=None
[2025-06-17T09:24:54.016+0000] {processor.py:183} INFO - Processing /opt/airflow/dags/tes.py took 0.100 seconds
[2025-06-17T09:25:27.218+0000] {processor.py:161} INFO - Started process (PID=493) to work on /opt/airflow/dags/tes.py
[2025-06-17T09:25:27.220+0000] {processor.py:830} INFO - Processing file /opt/airflow/dags/tes.py for tasks to queue
[2025-06-17T09:25:27.223+0000] {logging_mixin.py:188} INFO - [2025-06-17T09:25:27.223+0000] {dagbag.py:545} INFO - Filling up the DagBag from /opt/airflow/dags/tes.py
[2025-06-17T09:25:27.292+0000] {processor.py:840} INFO - DAG(s) 'meat_prices_carrefour' retrieved from /opt/airflow/dags/tes.py
[2025-06-17T09:25:27.319+0000] {logging_mixin.py:188} INFO - [2025-06-17T09:25:27.318+0000] {dag.py:3096} INFO - Sync 1 DAGs
[2025-06-17T09:25:27.329+0000] {logging_mixin.py:188} INFO - [2025-06-17T09:25:27.328+0000] {dag.py:3954} INFO - Setting next_dagrun for meat_prices_carrefour to None, run_after=None
[2025-06-17T09:25:27.346+0000] {processor.py:183} INFO - Processing /opt/airflow/dags/tes.py took 0.141 seconds
[2025-06-17T09:25:57.652+0000] {processor.py:161} INFO - Started process (PID=504) to work on /opt/airflow/dags/tes.py
[2025-06-17T09:25:57.653+0000] {processor.py:830} INFO - Processing file /opt/airflow/dags/tes.py for tasks to queue
[2025-06-17T09:25:57.654+0000] {logging_mixin.py:188} INFO - [2025-06-17T09:25:57.654+0000] {dagbag.py:545} INFO - Filling up the DagBag from /opt/airflow/dags/tes.py
[2025-06-17T09:25:57.713+0000] {processor.py:840} INFO - DAG(s) 'meat_prices_carrefour' retrieved from /opt/airflow/dags/tes.py
[2025-06-17T09:25:59.483+0000] {logging_mixin.py:188} INFO - [2025-06-17T09:25:59.483+0000] {dag.py:3096} INFO - Sync 1 DAGs
[2025-06-17T09:25:59.493+0000] {logging_mixin.py:188} INFO - [2025-06-17T09:25:59.493+0000] {dag.py:3954} INFO - Setting next_dagrun for meat_prices_carrefour to None, run_after=None
[2025-06-17T09:25:59.509+0000] {processor.py:183} INFO - Processing /opt/airflow/dags/tes.py took 0.118 seconds
[2025-06-17T09:26:32.661+0000] {processor.py:161} INFO - Started process (PID=515) to work on /opt/airflow/dags/tes.py
[2025-06-17T09:26:32.662+0000] {processor.py:830} INFO - Processing file /opt/airflow/dags/tes.py for tasks to queue
[2025-06-17T09:26:32.663+0000] {logging_mixin.py:188} INFO - [2025-06-17T09:26:32.662+0000] {dagbag.py:545} INFO - Filling up the DagBag from /opt/airflow/dags/tes.py
[2025-06-17T09:26:32.724+0000] {processor.py:840} INFO - DAG(s) 'meat_prices_carrefour' retrieved from /opt/airflow/dags/tes.py
[2025-06-17T09:26:32.745+0000] {logging_mixin.py:188} INFO - [2025-06-17T09:26:32.745+0000] {dag.py:3096} INFO - Sync 1 DAGs
[2025-06-17T09:26:32.754+0000] {logging_mixin.py:188} INFO - [2025-06-17T09:26:32.754+0000] {dag.py:3954} INFO - Setting next_dagrun for meat_prices_carrefour to None, run_after=None
[2025-06-17T09:26:32.776+0000] {processor.py:183} INFO - Processing /opt/airflow/dags/tes.py took 0.120 seconds
[2025-06-17T09:27:03.343+0000] {processor.py:161} INFO - Started process (PID=526) to work on /opt/airflow/dags/tes.py
[2025-06-17T09:27:03.343+0000] {processor.py:830} INFO - Processing file /opt/airflow/dags/tes.py for tasks to queue
[2025-06-17T09:27:03.344+0000] {logging_mixin.py:188} INFO - [2025-06-17T09:27:03.344+0000] {dagbag.py:545} INFO - Filling up the DagBag from /opt/airflow/dags/tes.py
[2025-06-17T09:27:03.382+0000] {processor.py:840} INFO - DAG(s) 'meat_prices_carrefour' retrieved from /opt/airflow/dags/tes.py
[2025-06-17T09:27:03.402+0000] {logging_mixin.py:188} INFO - [2025-06-17T09:27:03.402+0000] {dag.py:3096} INFO - Sync 1 DAGs
[2025-06-17T09:27:03.409+0000] {logging_mixin.py:188} INFO - [2025-06-17T09:27:03.409+0000] {dag.py:3954} INFO - Setting next_dagrun for meat_prices_carrefour to None, run_after=None
[2025-06-17T09:27:03.423+0000] {processor.py:183} INFO - Processing /opt/airflow/dags/tes.py took 0.084 seconds
[2025-06-17T09:27:33.743+0000] {processor.py:161} INFO - Started process (PID=537) to work on /opt/airflow/dags/tes.py
[2025-06-17T09:27:33.744+0000] {processor.py:830} INFO - Processing file /opt/airflow/dags/tes.py for tasks to queue
[2025-06-17T09:27:33.744+0000] {logging_mixin.py:188} INFO - [2025-06-17T09:27:33.744+0000] {dagbag.py:545} INFO - Filling up the DagBag from /opt/airflow/dags/tes.py
[2025-06-17T09:27:33.787+0000] {processor.py:840} INFO - DAG(s) 'meat_prices_carrefour' retrieved from /opt/airflow/dags/tes.py
[2025-06-17T09:27:33.807+0000] {logging_mixin.py:188} INFO - [2025-06-17T09:27:33.807+0000] {dag.py:3096} INFO - Sync 1 DAGs
[2025-06-17T09:27:33.815+0000] {logging_mixin.py:188} INFO - [2025-06-17T09:27:33.815+0000] {dag.py:3954} INFO - Setting next_dagrun for meat_prices_carrefour to None, run_after=None
[2025-06-17T09:27:33.828+0000] {processor.py:183} INFO - Processing /opt/airflow/dags/tes.py took 0.090 seconds
[2025-06-17T09:28:03.913+0000] {processor.py:161} INFO - Started process (PID=548) to work on /opt/airflow/dags/tes.py
[2025-06-17T09:28:03.914+0000] {processor.py:830} INFO - Processing file /opt/airflow/dags/tes.py for tasks to queue
[2025-06-17T09:28:03.915+0000] {logging_mixin.py:188} INFO - [2025-06-17T09:28:03.915+0000] {dagbag.py:545} INFO - Filling up the DagBag from /opt/airflow/dags/tes.py
[2025-06-17T09:28:03.964+0000] {processor.py:840} INFO - DAG(s) 'meat_prices_carrefour' retrieved from /opt/airflow/dags/tes.py
[2025-06-17T09:28:03.992+0000] {logging_mixin.py:188} INFO - [2025-06-17T09:28:03.992+0000] {dag.py:3096} INFO - Sync 1 DAGs
[2025-06-17T09:28:04.001+0000] {logging_mixin.py:188} INFO - [2025-06-17T09:28:04.001+0000] {dag.py:3954} INFO - Setting next_dagrun for meat_prices_carrefour to None, run_after=None
[2025-06-17T09:28:04.018+0000] {processor.py:183} INFO - Processing /opt/airflow/dags/tes.py took 0.110 seconds
[2025-06-17T09:28:34.300+0000] {processor.py:161} INFO - Started process (PID=558) to work on /opt/airflow/dags/tes.py
[2025-06-17T09:28:34.301+0000] {processor.py:830} INFO - Processing file /opt/airflow/dags/tes.py for tasks to queue
[2025-06-17T09:28:34.302+0000] {logging_mixin.py:188} INFO - [2025-06-17T09:28:34.302+0000] {dagbag.py:545} INFO - Filling up the DagBag from /opt/airflow/dags/tes.py
[2025-06-17T09:28:34.368+0000] {processor.py:840} INFO - DAG(s) 'meat_prices_carrefour' retrieved from /opt/airflow/dags/tes.py
[2025-06-17T09:28:34.399+0000] {logging_mixin.py:188} INFO - [2025-06-17T09:28:34.399+0000] {dag.py:3096} INFO - Sync 1 DAGs
[2025-06-17T09:28:34.409+0000] {logging_mixin.py:188} INFO - [2025-06-17T09:28:34.409+0000] {dag.py:3954} INFO - Setting next_dagrun for meat_prices_carrefour to None, run_after=None
[2025-06-17T09:28:34.437+0000] {processor.py:183} INFO - Processing /opt/airflow/dags/tes.py took 0.144 seconds
[2025-06-17T09:29:04.593+0000] {processor.py:161} INFO - Started process (PID=568) to work on /opt/airflow/dags/tes.py
[2025-06-17T09:29:04.595+0000] {processor.py:830} INFO - Processing file /opt/airflow/dags/tes.py for tasks to queue
[2025-06-17T09:29:04.597+0000] {logging_mixin.py:188} INFO - [2025-06-17T09:29:04.597+0000] {dagbag.py:545} INFO - Filling up the DagBag from /opt/airflow/dags/tes.py
[2025-06-17T09:29:04.679+0000] {processor.py:840} INFO - DAG(s) 'meat_prices_carrefour' retrieved from /opt/airflow/dags/tes.py
[2025-06-17T09:29:04.711+0000] {logging_mixin.py:188} INFO - [2025-06-17T09:29:04.711+0000] {dag.py:3096} INFO - Sync 1 DAGs
[2025-06-17T09:29:04.725+0000] {logging_mixin.py:188} INFO - [2025-06-17T09:29:04.725+0000] {dag.py:3954} INFO - Setting next_dagrun for meat_prices_carrefour to None, run_after=None
[2025-06-17T09:29:04.747+0000] {processor.py:183} INFO - Processing /opt/airflow/dags/tes.py took 0.167 seconds
[2025-06-17T09:29:34.854+0000] {processor.py:161} INFO - Started process (PID=578) to work on /opt/airflow/dags/tes.py
[2025-06-17T09:29:34.855+0000] {processor.py:830} INFO - Processing file /opt/airflow/dags/tes.py for tasks to queue
[2025-06-17T09:29:34.856+0000] {logging_mixin.py:188} INFO - [2025-06-17T09:29:34.856+0000] {dagbag.py:545} INFO - Filling up the DagBag from /opt/airflow/dags/tes.py
[2025-06-17T09:29:34.905+0000] {processor.py:840} INFO - DAG(s) 'meat_prices_carrefour' retrieved from /opt/airflow/dags/tes.py
[2025-06-17T09:29:34.927+0000] {logging_mixin.py:188} INFO - [2025-06-17T09:29:34.926+0000] {dag.py:3096} INFO - Sync 1 DAGs
[2025-06-17T09:29:34.936+0000] {logging_mixin.py:188} INFO - [2025-06-17T09:29:34.936+0000] {dag.py:3954} INFO - Setting next_dagrun for meat_prices_carrefour to None, run_after=None
[2025-06-17T09:29:34.952+0000] {processor.py:183} INFO - Processing /opt/airflow/dags/tes.py took 0.106 seconds
[2025-06-17T09:30:05.457+0000] {processor.py:161} INFO - Started process (PID=701) to work on /opt/airflow/dags/tes.py
[2025-06-17T09:30:05.460+0000] {processor.py:830} INFO - Processing file /opt/airflow/dags/tes.py for tasks to queue
[2025-06-17T09:30:05.460+0000] {logging_mixin.py:188} INFO - [2025-06-17T09:30:05.460+0000] {dagbag.py:545} INFO - Filling up the DagBag from /opt/airflow/dags/tes.py
[2025-06-17T09:30:05.516+0000] {processor.py:840} INFO - DAG(s) 'meat_prices_carrefour' retrieved from /opt/airflow/dags/tes.py
[2025-06-17T09:30:05.564+0000] {logging_mixin.py:188} INFO - [2025-06-17T09:30:05.564+0000] {dag.py:3096} INFO - Sync 1 DAGs
[2025-06-17T09:30:05.581+0000] {logging_mixin.py:188} INFO - [2025-06-17T09:30:05.581+0000] {dag.py:3954} INFO - Setting next_dagrun for meat_prices_carrefour to None, run_after=None
[2025-06-17T09:30:05.596+0000] {processor.py:183} INFO - Processing /opt/airflow/dags/tes.py took 0.149 seconds
[2025-06-17T09:30:35.743+0000] {processor.py:161} INFO - Started process (PID=711) to work on /opt/airflow/dags/tes.py
[2025-06-17T09:30:35.744+0000] {processor.py:830} INFO - Processing file /opt/airflow/dags/tes.py for tasks to queue
[2025-06-17T09:30:35.745+0000] {logging_mixin.py:188} INFO - [2025-06-17T09:30:35.745+0000] {dagbag.py:545} INFO - Filling up the DagBag from /opt/airflow/dags/tes.py
[2025-06-17T09:30:35.781+0000] {processor.py:840} INFO - DAG(s) 'meat_prices_carrefour' retrieved from /opt/airflow/dags/tes.py
[2025-06-17T09:30:35.799+0000] {logging_mixin.py:188} INFO - [2025-06-17T09:30:35.799+0000] {dag.py:3096} INFO - Sync 1 DAGs
[2025-06-17T09:30:35.808+0000] {logging_mixin.py:188} INFO - [2025-06-17T09:30:35.808+0000] {dag.py:3954} INFO - Setting next_dagrun for meat_prices_carrefour to None, run_after=None
[2025-06-17T09:30:35.819+0000] {processor.py:183} INFO - Processing /opt/airflow/dags/tes.py took 0.081 seconds
[2025-06-17T09:31:06.125+0000] {processor.py:161} INFO - Started process (PID=722) to work on /opt/airflow/dags/tes.py
[2025-06-17T09:31:06.126+0000] {processor.py:830} INFO - Processing file /opt/airflow/dags/tes.py for tasks to queue
[2025-06-17T09:31:06.126+0000] {logging_mixin.py:188} INFO - [2025-06-17T09:31:06.126+0000] {dagbag.py:545} INFO - Filling up the DagBag from /opt/airflow/dags/tes.py
[2025-06-17T09:31:06.166+0000] {processor.py:840} INFO - DAG(s) 'meat_prices_carrefour' retrieved from /opt/airflow/dags/tes.py
[2025-06-17T09:31:06.186+0000] {logging_mixin.py:188} INFO - [2025-06-17T09:31:06.185+0000] {dag.py:3096} INFO - Sync 1 DAGs
[2025-06-17T09:31:06.193+0000] {logging_mixin.py:188} INFO - [2025-06-17T09:31:06.193+0000] {dag.py:3954} INFO - Setting next_dagrun for meat_prices_carrefour to None, run_after=None
[2025-06-17T09:31:06.206+0000] {processor.py:183} INFO - Processing /opt/airflow/dags/tes.py took 0.086 seconds
[2025-06-17T09:31:36.258+0000] {processor.py:161} INFO - Started process (PID=732) to work on /opt/airflow/dags/tes.py
[2025-06-17T09:31:36.259+0000] {processor.py:830} INFO - Processing file /opt/airflow/dags/tes.py for tasks to queue
[2025-06-17T09:31:36.259+0000] {logging_mixin.py:188} INFO - [2025-06-17T09:31:36.259+0000] {dagbag.py:545} INFO - Filling up the DagBag from /opt/airflow/dags/tes.py
[2025-06-17T09:31:36.298+0000] {processor.py:840} INFO - DAG(s) 'meat_prices_carrefour' retrieved from /opt/airflow/dags/tes.py
[2025-06-17T09:31:36.316+0000] {logging_mixin.py:188} INFO - [2025-06-17T09:31:36.316+0000] {dag.py:3096} INFO - Sync 1 DAGs
[2025-06-17T09:31:36.324+0000] {logging_mixin.py:188} INFO - [2025-06-17T09:31:36.324+0000] {dag.py:3954} INFO - Setting next_dagrun for meat_prices_carrefour to None, run_after=None
[2025-06-17T09:31:36.335+0000] {processor.py:183} INFO - Processing /opt/airflow/dags/tes.py took 0.083 seconds
[2025-06-17T09:32:06.435+0000] {processor.py:161} INFO - Started process (PID=742) to work on /opt/airflow/dags/tes.py
[2025-06-17T09:32:06.436+0000] {processor.py:830} INFO - Processing file /opt/airflow/dags/tes.py for tasks to queue
[2025-06-17T09:32:06.437+0000] {logging_mixin.py:188} INFO - [2025-06-17T09:32:06.437+0000] {dagbag.py:545} INFO - Filling up the DagBag from /opt/airflow/dags/tes.py
[2025-06-17T09:32:06.479+0000] {processor.py:840} INFO - DAG(s) 'meat_prices_carrefour' retrieved from /opt/airflow/dags/tes.py
[2025-06-17T09:32:06.499+0000] {logging_mixin.py:188} INFO - [2025-06-17T09:32:06.499+0000] {dag.py:3096} INFO - Sync 1 DAGs
[2025-06-17T09:32:06.508+0000] {logging_mixin.py:188} INFO - [2025-06-17T09:32:06.508+0000] {dag.py:3954} INFO - Setting next_dagrun for meat_prices_carrefour to None, run_after=None
[2025-06-17T09:32:06.522+0000] {processor.py:183} INFO - Processing /opt/airflow/dags/tes.py took 0.091 seconds
[2025-06-17T09:32:36.737+0000] {processor.py:161} INFO - Started process (PID=752) to work on /opt/airflow/dags/tes.py
[2025-06-17T09:32:36.738+0000] {processor.py:830} INFO - Processing file /opt/airflow/dags/tes.py for tasks to queue
[2025-06-17T09:32:36.739+0000] {logging_mixin.py:188} INFO - [2025-06-17T09:32:36.738+0000] {dagbag.py:545} INFO - Filling up the DagBag from /opt/airflow/dags/tes.py
[2025-06-17T09:32:36.794+0000] {processor.py:840} INFO - DAG(s) 'meat_prices_carrefour' retrieved from /opt/airflow/dags/tes.py
[2025-06-17T09:32:36.823+0000] {logging_mixin.py:188} INFO - [2025-06-17T09:32:36.823+0000] {dag.py:3096} INFO - Sync 1 DAGs
[2025-06-17T09:32:36.836+0000] {logging_mixin.py:188} INFO - [2025-06-17T09:32:36.836+0000] {dag.py:3954} INFO - Setting next_dagrun for meat_prices_carrefour to None, run_after=None
[2025-06-17T09:32:36.852+0000] {processor.py:183} INFO - Processing /opt/airflow/dags/tes.py took 0.122 seconds
[2025-06-17T09:33:08.143+0000] {processor.py:161} INFO - Started process (PID=762) to work on /opt/airflow/dags/tes.py
[2025-06-17T09:33:08.144+0000] {processor.py:830} INFO - Processing file /opt/airflow/dags/tes.py for tasks to queue
[2025-06-17T09:33:08.145+0000] {logging_mixin.py:188} INFO - [2025-06-17T09:33:08.144+0000] {dagbag.py:545} INFO - Filling up the DagBag from /opt/airflow/dags/tes.py
[2025-06-17T09:33:08.185+0000] {processor.py:840} INFO - DAG(s) 'meat_prices_carrefour' retrieved from /opt/airflow/dags/tes.py
[2025-06-17T09:33:08.203+0000] {logging_mixin.py:188} INFO - [2025-06-17T09:33:08.203+0000] {dag.py:3096} INFO - Sync 1 DAGs
[2025-06-17T09:33:08.210+0000] {logging_mixin.py:188} INFO - [2025-06-17T09:33:08.210+0000] {dag.py:3954} INFO - Setting next_dagrun for meat_prices_carrefour to None, run_after=None
[2025-06-17T09:33:08.223+0000] {processor.py:183} INFO - Processing /opt/airflow/dags/tes.py took 0.085 seconds
[2025-06-17T09:33:40.400+0000] {processor.py:161} INFO - Started process (PID=776) to work on /opt/airflow/dags/tes.py
[2025-06-17T09:33:40.401+0000] {processor.py:830} INFO - Processing file /opt/airflow/dags/tes.py for tasks to queue
[2025-06-17T09:33:40.401+0000] {logging_mixin.py:188} INFO - [2025-06-17T09:33:40.401+0000] {dagbag.py:545} INFO - Filling up the DagBag from /opt/airflow/dags/tes.py
[2025-06-17T09:33:40.436+0000] {processor.py:840} INFO - DAG(s) 'meat_prices_carrefour' retrieved from /opt/airflow/dags/tes.py
[2025-06-17T09:33:40.453+0000] {logging_mixin.py:188} INFO - [2025-06-17T09:33:40.453+0000] {dag.py:3096} INFO - Sync 1 DAGs
[2025-06-17T09:33:40.460+0000] {logging_mixin.py:188} INFO - [2025-06-17T09:33:40.460+0000] {dag.py:3954} INFO - Setting next_dagrun for meat_prices_carrefour to None, run_after=None
[2025-06-17T09:33:40.473+0000] {processor.py:183} INFO - Processing /opt/airflow/dags/tes.py took 0.077 seconds
[2025-06-17T09:34:13.593+0000] {processor.py:161} INFO - Started process (PID=786) to work on /opt/airflow/dags/tes.py
[2025-06-17T09:34:13.594+0000] {processor.py:830} INFO - Processing file /opt/airflow/dags/tes.py for tasks to queue
[2025-06-17T09:34:13.595+0000] {logging_mixin.py:188} INFO - [2025-06-17T09:34:13.595+0000] {dagbag.py:545} INFO - Filling up the DagBag from /opt/airflow/dags/tes.py
[2025-06-17T09:34:13.641+0000] {processor.py:840} INFO - DAG(s) 'meat_prices_carrefour' retrieved from /opt/airflow/dags/tes.py
[2025-06-17T09:34:13.661+0000] {logging_mixin.py:188} INFO - [2025-06-17T09:34:13.661+0000] {dag.py:3096} INFO - Sync 1 DAGs
[2025-06-17T09:34:13.669+0000] {logging_mixin.py:188} INFO - [2025-06-17T09:34:13.669+0000] {dag.py:3954} INFO - Setting next_dagrun for meat_prices_carrefour to None, run_after=None
[2025-06-17T09:34:13.683+0000] {processor.py:183} INFO - Processing /opt/airflow/dags/tes.py took 0.097 seconds
