[2025-06-17T08:48:10.335+0000] {manager.py:470} INFO - Processing files using up to 2 processes at a time 
[2025-06-17T08:48:10.336+0000] {manager.py:471} INFO - Process each file at most once every 30 seconds
[2025-06-17T08:48:10.338+0000] {manager.py:472} INFO - Checking for new files in /opt/airflow/dags every 300 seconds
[2025-06-17T08:48:10.339+0000] {manager.py:737} INFO - Searching for files in /opt/airflow/dags
[2025-06-17T08:48:10.354+0000] {manager.py:740} INFO - There are 1 files in /opt/airflow/dags
[2025-06-17T08:48:10.442+0000] {manager.py:878} INFO - 
================================================================================
DAG File Processing Stats

File Path                      PID  Runtime      # DAGs    # Errors  Last Runtime    Last Run
---------------------------  -----  ---------  --------  ----------  --------------  ----------
/opt/airflow/dags/prueba.py    190  0.02s             0           0
================================================================================
[2025-06-17T08:48:43.389+0000] {manager.py:878} INFO - 
================================================================================
DAG File Processing Stats

File Path                    PID    Runtime      # DAGs    # Errors  Last Runtime    Last Run
---------------------------  -----  ---------  --------  ----------  --------------  -------------------
/opt/airflow/dags/prueba.py                           1           0  0.12s           2025-06-17T08:48:41
================================================================================
[2025-06-17T08:49:16.446+0000] {manager.py:878} INFO - 
================================================================================
DAG File Processing Stats

File Path                    PID    Runtime      # DAGs    # Errors  Last Runtime    Last Run
---------------------------  -----  ---------  --------  ----------  --------------  -------------------
/opt/airflow/dags/prueba.py                           1           0  0.08s           2025-06-17T08:49:12
================================================================================
[2025-06-17T08:49:49.525+0000] {manager.py:878} INFO - 
================================================================================
DAG File Processing Stats

File Path                    PID    Runtime      # DAGs    # Errors  Last Runtime    Last Run
---------------------------  -----  ---------  --------  ----------  --------------  -------------------
/opt/airflow/dags/prueba.py                           1           0  0.08s           2025-06-17T08:49:42
================================================================================
[2025-06-17T08:50:22.522+0000] {manager.py:878} INFO - 
================================================================================
DAG File Processing Stats

File Path                    PID    Runtime      # DAGs    # Errors  Last Runtime    Last Run
---------------------------  -----  ---------  --------  ----------  --------------  -------------------
/opt/airflow/dags/prueba.py                           1           0  0.09s           2025-06-17T08:50:13
================================================================================
[2025-06-17T08:50:55.528+0000] {manager.py:878} INFO - 
================================================================================
DAG File Processing Stats

File Path                    PID    Runtime      # DAGs    # Errors  Last Runtime    Last Run
---------------------------  -----  ---------  --------  ----------  --------------  -------------------
/opt/airflow/dags/prueba.py                           1           0  0.19s           2025-06-17T08:50:44
================================================================================
[2025-06-17T08:51:28.546+0000] {manager.py:878} INFO - 
================================================================================
DAG File Processing Stats

File Path                    PID    Runtime      # DAGs    # Errors  Last Runtime    Last Run
---------------------------  -----  ---------  --------  ----------  --------------  -------------------
/opt/airflow/dags/prueba.py                           1           0  0.15s           2025-06-17T08:51:15
================================================================================
[2025-06-17T08:52:01.685+0000] {manager.py:878} INFO - 
================================================================================
DAG File Processing Stats

File Path                    PID    Runtime      # DAGs    # Errors  Last Runtime    Last Run
---------------------------  -----  ---------  --------  ----------  --------------  -------------------
/opt/airflow/dags/prueba.py                           1           0  0.17s           2025-06-17T08:51:46
================================================================================
[2025-06-17T08:52:34.812+0000] {manager.py:878} INFO - 
================================================================================
DAG File Processing Stats

File Path                    PID    Runtime      # DAGs    # Errors  Last Runtime    Last Run
---------------------------  -----  ---------  --------  ----------  --------------  -------------------
/opt/airflow/dags/prueba.py                           1           0  0.24s           2025-06-17T08:52:17
================================================================================
[2025-06-17T08:53:08.881+0000] {manager.py:878} INFO - 
================================================================================
DAG File Processing Stats

File Path                    PID    Runtime      # DAGs    # Errors  Last Runtime    Last Run
---------------------------  -----  ---------  --------  ----------  --------------  -------------------
/opt/airflow/dags/prueba.py                           1           0  0.09s           2025-06-17T08:52:48
================================================================================
[2025-06-17T08:53:10.684+0000] {manager.py:737} INFO - Searching for files in /opt/airflow/dags
[2025-06-17T08:53:10.742+0000] {manager.py:740} INFO - There are 1 files in /opt/airflow/dags
[2025-06-17T08:53:43.805+0000] {manager.py:878} INFO - 
================================================================================
DAG File Processing Stats

File Path                    PID    Runtime      # DAGs    # Errors  Last Runtime    Last Run
---------------------------  -----  ---------  --------  ----------  --------------  -------------------
/opt/airflow/dags/prueba.py                           1           0  0.09s           2025-06-17T08:53:18
================================================================================
[2025-06-17T08:54:16.794+0000] {manager.py:878} INFO - 
================================================================================
DAG File Processing Stats

File Path                    PID    Runtime      # DAGs    # Errors  Last Runtime    Last Run
---------------------------  -----  ---------  --------  ----------  --------------  -------------------
/opt/airflow/dags/prueba.py                           1           0  0.07s           2025-06-17T08:53:49
================================================================================
[2025-06-17T08:54:49.778+0000] {manager.py:878} INFO - 
================================================================================
DAG File Processing Stats

File Path                    PID    Runtime      # DAGs    # Errors  Last Runtime    Last Run
---------------------------  -----  ---------  --------  ----------  --------------  -------------------
/opt/airflow/dags/prueba.py                           1           0  0.09s           2025-06-17T08:54:20
================================================================================
[2025-06-17T08:55:22.930+0000] {manager.py:878} INFO - 
================================================================================
DAG File Processing Stats

File Path                    PID    Runtime      # DAGs    # Errors  Last Runtime    Last Run
---------------------------  -----  ---------  --------  ----------  --------------  -------------------
/opt/airflow/dags/prueba.py                           1           0  0.12s           2025-06-17T08:55:22
================================================================================
[2025-06-17T08:55:56.035+0000] {manager.py:878} INFO - 
================================================================================
DAG File Processing Stats

File Path                    PID    Runtime      # DAGs    # Errors  Last Runtime    Last Run
---------------------------  -----  ---------  --------  ----------  --------------  -------------------
/opt/airflow/dags/prueba.py                           1           0  0.11s           2025-06-17T08:55:55
================================================================================
[2025-06-17T08:56:03.078+0000] {manager.py:1128} WARNING - Skipping processing of missing file: /opt/airflow/dags/prueba.py
[2025-06-17T08:56:23.978+0000] {manager.py:452} INFO - Exiting gracefully upon receiving signal 15
[2025-06-17T08:57:06.582+0000] {manager.py:470} INFO - Processing files using up to 2 processes at a time 
[2025-06-17T08:57:06.583+0000] {manager.py:471} INFO - Process each file at most once every 30 seconds
[2025-06-17T08:57:06.584+0000] {manager.py:472} INFO - Checking for new files in /opt/airflow/dags every 300 seconds
[2025-06-17T08:57:06.586+0000] {manager.py:737} INFO - Searching for files in /opt/airflow/dags
[2025-06-17T08:57:06.590+0000] {manager.py:740} INFO - There are 0 files in /opt/airflow/dags
[2025-06-17T08:58:17.512+0000] {manager.py:452} INFO - Exiting gracefully upon receiving signal 15
[2025-06-17T08:58:59.430+0000] {manager.py:470} INFO - Processing files using up to 2 processes at a time 
[2025-06-17T08:58:59.432+0000] {manager.py:471} INFO - Process each file at most once every 30 seconds
[2025-06-17T08:58:59.433+0000] {manager.py:472} INFO - Checking for new files in /opt/airflow/dags every 300 seconds
[2025-06-17T08:58:59.434+0000] {manager.py:737} INFO - Searching for files in /opt/airflow/dags
[2025-06-17T08:58:59.455+0000] {manager.py:740} INFO - There are 1 files in /opt/airflow/dags
[2025-06-17T08:58:59.534+0000] {manager.py:878} INFO - 
================================================================================
DAG File Processing Stats

File Path                      PID  Runtime      # DAGs    # Errors  Last Runtime    Last Run
---------------------------  -----  ---------  --------  ----------  --------------  ----------
/opt/airflow/dags/prueba.py    190  0.02s             0           0
================================================================================
[2025-06-17T08:59:32.531+0000] {manager.py:878} INFO - 
================================================================================
DAG File Processing Stats

File Path                    PID    Runtime      # DAGs    # Errors  Last Runtime    Last Run
---------------------------  -----  ---------  --------  ----------  --------------  -------------------
/opt/airflow/dags/prueba.py                           1           0  0.55s           2025-06-17T08:59:31
================================================================================
[2025-06-17T09:00:06.115+0000] {manager.py:878} INFO - 
================================================================================
DAG File Processing Stats

File Path                    PID    Runtime      # DAGs    # Errors  Last Runtime    Last Run
---------------------------  -----  ---------  --------  ----------  --------------  -------------------
/opt/airflow/dags/prueba.py                           1           0  0.09s           2025-06-17T09:00:01
================================================================================
[2025-06-17T09:00:39.213+0000] {manager.py:878} INFO - 
================================================================================
DAG File Processing Stats

File Path                    PID    Runtime      # DAGs    # Errors  Last Runtime    Last Run
---------------------------  -----  ---------  --------  ----------  --------------  -------------------
/opt/airflow/dags/prueba.py                           1           0  0.09s           2025-06-17T09:00:32
================================================================================
[2025-06-17T09:01:12.243+0000] {manager.py:878} INFO - 
================================================================================
DAG File Processing Stats

File Path                    PID    Runtime      # DAGs    # Errors  Last Runtime    Last Run
---------------------------  -----  ---------  --------  ----------  --------------  -------------------
/opt/airflow/dags/prueba.py                           1           0  0.08s           2025-06-17T09:01:03
================================================================================
[2025-06-17T09:01:45.313+0000] {manager.py:878} INFO - 
================================================================================
DAG File Processing Stats

File Path                    PID    Runtime      # DAGs    # Errors  Last Runtime    Last Run
---------------------------  -----  ---------  --------  ----------  --------------  -------------------
/opt/airflow/dags/prueba.py                           1           0  0.26s           2025-06-17T09:01:33
================================================================================
[2025-06-17T09:02:18.261+0000] {manager.py:878} INFO - 
================================================================================
DAG File Processing Stats

File Path                    PID    Runtime      # DAGs    # Errors  Last Runtime    Last Run
---------------------------  -----  ---------  --------  ----------  --------------  -------------------
/opt/airflow/dags/prueba.py                           1           0  0.17s           2025-06-17T09:02:04
================================================================================
[2025-06-17T09:02:51.473+0000] {manager.py:878} INFO - 
================================================================================
DAG File Processing Stats

File Path                    PID    Runtime      # DAGs    # Errors  Last Runtime    Last Run
---------------------------  -----  ---------  --------  ----------  --------------  -------------------
/opt/airflow/dags/prueba.py                           1           0  0.18s           2025-06-17T09:02:35
================================================================================
[2025-06-17T09:03:24.530+0000] {manager.py:878} INFO - 
================================================================================
DAG File Processing Stats

File Path                    PID    Runtime      # DAGs    # Errors  Last Runtime    Last Run
---------------------------  -----  ---------  --------  ----------  --------------  -------------------
/opt/airflow/dags/prueba.py                           1           0  0.18s           2025-06-17T09:03:05
================================================================================
[2025-06-17T09:03:57.796+0000] {manager.py:878} INFO - 
================================================================================
DAG File Processing Stats

File Path                    PID    Runtime      # DAGs    # Errors  Last Runtime    Last Run
---------------------------  -----  ---------  --------  ----------  --------------  -------------------
/opt/airflow/dags/prueba.py                           1           0  0.09s           2025-06-17T09:03:35
================================================================================
[2025-06-17T09:03:59.808+0000] {manager.py:737} INFO - Searching for files in /opt/airflow/dags
[2025-06-17T09:03:59.825+0000] {manager.py:740} INFO - There are 1 files in /opt/airflow/dags
[2025-06-17T09:04:30.919+0000] {manager.py:878} INFO - 
================================================================================
DAG File Processing Stats

File Path                    PID    Runtime      # DAGs    # Errors  Last Runtime    Last Run
---------------------------  -----  ---------  --------  ----------  --------------  -------------------
/opt/airflow/dags/prueba.py                           1           0  0.10s           2025-06-17T09:04:10
================================================================================
[2025-06-17T09:05:04.021+0000] {manager.py:878} INFO - 
================================================================================
DAG File Processing Stats

File Path                    PID    Runtime      # DAGs    # Errors  Last Runtime    Last Run
---------------------------  -----  ---------  --------  ----------  --------------  -------------------
/opt/airflow/dags/prueba.py                           1           0  0.09s           2025-06-17T09:04:40
================================================================================
[2025-06-17T09:05:14.759+0000] {manager.py:452} INFO - Exiting gracefully upon receiving signal 15
[2025-06-17T09:09:45.060+0000] {manager.py:470} INFO - Processing files using up to 2 processes at a time 
[2025-06-17T09:09:45.061+0000] {manager.py:471} INFO - Process each file at most once every 30 seconds
[2025-06-17T09:09:45.062+0000] {manager.py:472} INFO - Checking for new files in /opt/airflow/dags every 300 seconds
[2025-06-17T09:09:45.063+0000] {manager.py:737} INFO - Searching for files in /opt/airflow/dags
[2025-06-17T09:09:45.085+0000] {manager.py:740} INFO - There are 1 files in /opt/airflow/dags
[2025-06-17T09:09:45.195+0000] {manager.py:878} INFO - 
================================================================================
DAG File Processing Stats

File Path                      PID  Runtime      # DAGs    # Errors  Last Runtime    Last Run
---------------------------  -----  ---------  --------  ----------  --------------  ----------
/opt/airflow/dags/prueba.py    190  0.03s             0           0
================================================================================
[2025-06-17T09:10:18.144+0000] {manager.py:878} INFO - 
================================================================================
DAG File Processing Stats

File Path                    PID    Runtime      # DAGs    # Errors  Last Runtime    Last Run
---------------------------  -----  ---------  --------  ----------  --------------  -------------------
/opt/airflow/dags/prueba.py                           1           0  0.33s           2025-06-17T09:10:16
================================================================================
[2025-06-17T09:10:51.147+0000] {manager.py:878} INFO - 
================================================================================
DAG File Processing Stats

File Path                    PID    Runtime      # DAGs    # Errors  Last Runtime    Last Run
---------------------------  -----  ---------  --------  ----------  --------------  -------------------
/opt/airflow/dags/prueba.py                           1           0  0.07s           2025-06-17T09:10:47
================================================================================
[2025-06-17T09:11:24.211+0000] {manager.py:878} INFO - 
================================================================================
DAG File Processing Stats

File Path                    PID    Runtime      # DAGs    # Errors  Last Runtime    Last Run
---------------------------  -----  ---------  --------  ----------  --------------  -------------------
/opt/airflow/dags/prueba.py                           1           0  0.07s           2025-06-17T09:11:18
================================================================================
[2025-06-17T09:11:57.340+0000] {manager.py:878} INFO - 
================================================================================
DAG File Processing Stats

File Path                    PID    Runtime      # DAGs    # Errors  Last Runtime    Last Run
---------------------------  -----  ---------  --------  ----------  --------------  -------------------
/opt/airflow/dags/prueba.py                           1           0  0.07s           2025-06-17T09:11:48
================================================================================
[2025-06-17T09:12:30.291+0000] {manager.py:878} INFO - 
================================================================================
DAG File Processing Stats

File Path                    PID    Runtime      # DAGs    # Errors  Last Runtime    Last Run
---------------------------  -----  ---------  --------  ----------  --------------  -------------------
/opt/airflow/dags/prueba.py                           1           0  0.28s           2025-06-17T09:12:19
================================================================================
[2025-06-17T09:13:03.308+0000] {manager.py:878} INFO - 
================================================================================
DAG File Processing Stats

File Path                    PID    Runtime      # DAGs    # Errors  Last Runtime    Last Run
---------------------------  -----  ---------  --------  ----------  --------------  -------------------
/opt/airflow/dags/prueba.py                           1           0  1.95s           2025-06-17T09:12:51
================================================================================
[2025-06-17T09:13:36.534+0000] {manager.py:878} INFO - 
================================================================================
DAG File Processing Stats

File Path                    PID    Runtime      # DAGs    # Errors  Last Runtime    Last Run
---------------------------  -----  ---------  --------  ----------  --------------  -------------------
/opt/airflow/dags/prueba.py                           1           0  0.17s           2025-06-17T09:13:24
================================================================================
[2025-06-17T09:14:09.751+0000] {manager.py:878} INFO - 
================================================================================
DAG File Processing Stats

File Path                    PID    Runtime      # DAGs    # Errors  Last Runtime    Last Run
---------------------------  -----  ---------  --------  ----------  --------------  -------------------
/opt/airflow/dags/prueba.py                           1           0  0.08s           2025-06-17T09:13:57
================================================================================
[2025-06-17T09:14:42.758+0000] {manager.py:878} INFO - 
================================================================================
DAG File Processing Stats

File Path                    PID    Runtime      # DAGs    # Errors  Last Runtime    Last Run
---------------------------  -----  ---------  --------  ----------  --------------  -------------------
/opt/airflow/dags/prueba.py                           1           0  1.84s           2025-06-17T09:14:29
================================================================================
[2025-06-17T09:14:45.774+0000] {manager.py:737} INFO - Searching for files in /opt/airflow/dags
[2025-06-17T09:14:45.797+0000] {manager.py:740} INFO - There are 2 files in /opt/airflow/dags
[2025-06-17T09:14:47.945+0000] {manager.py:452} INFO - Exiting gracefully upon receiving signal 15
[2025-06-17T09:15:23.685+0000] {manager.py:470} INFO - Processing files using up to 2 processes at a time 
[2025-06-17T09:15:23.686+0000] {manager.py:471} INFO - Process each file at most once every 30 seconds
[2025-06-17T09:15:23.691+0000] {manager.py:472} INFO - Checking for new files in /opt/airflow/dags every 300 seconds
[2025-06-17T09:15:23.692+0000] {manager.py:737} INFO - Searching for files in /opt/airflow/dags
[2025-06-17T09:15:23.721+0000] {manager.py:740} INFO - There are 2 files in /opt/airflow/dags
[2025-06-17T09:15:23.814+0000] {manager.py:878} INFO - 
================================================================================
DAG File Processing Stats

File Path                      PID  Runtime      # DAGs    # Errors  Last Runtime    Last Run
---------------------------  -----  ---------  --------  ----------  --------------  ----------
/opt/airflow/dags/prueba.py    193  0.02s             0           0
/opt/airflow/dags/tes.py       190  0.05s             0           0
================================================================================
[2025-06-17T09:15:57.052+0000] {manager.py:878} INFO - 
================================================================================
DAG File Processing Stats

File Path                    PID    Runtime      # DAGs    # Errors  Last Runtime    Last Run
---------------------------  -----  ---------  --------  ----------  --------------  -------------------
/opt/airflow/dags/prueba.py                           1           0  0.28s           2025-06-17T09:15:54
/opt/airflow/dags/tes.py                              1           0  0.22s           2025-06-17T09:15:54
================================================================================
[2025-06-17T09:16:30.502+0000] {manager.py:878} INFO - 
================================================================================
DAG File Processing Stats

File Path                    PID    Runtime      # DAGs    # Errors  Last Runtime    Last Run
---------------------------  -----  ---------  --------  ----------  --------------  -------------------
/opt/airflow/dags/tes.py                              1           0  0.21s           2025-06-17T09:16:24
/opt/airflow/dags/prueba.py                           1           0  0.09s           2025-06-17T09:16:24
================================================================================
[2025-06-17T09:17:03.649+0000] {manager.py:878} INFO - 
================================================================================
DAG File Processing Stats

File Path                    PID    Runtime      # DAGs    # Errors  Last Runtime    Last Run
---------------------------  -----  ---------  --------  ----------  --------------  -------------------
/opt/airflow/dags/tes.py                              1           0  0.22s           2025-06-17T09:16:54
/opt/airflow/dags/prueba.py                           1           0  0.09s           2025-06-17T09:16:54
================================================================================
[2025-06-17T09:17:36.957+0000] {manager.py:878} INFO - 
================================================================================
DAG File Processing Stats

File Path                    PID    Runtime      # DAGs    # Errors  Last Runtime    Last Run
---------------------------  -----  ---------  --------  ----------  --------------  -------------------
/opt/airflow/dags/tes.py                              1           0  0.18s           2025-06-17T09:17:25
/opt/airflow/dags/prueba.py                           1           0  0.18s           2025-06-17T09:17:24
================================================================================
[2025-06-17T09:18:10.158+0000] {manager.py:878} INFO - 
================================================================================
DAG File Processing Stats

File Path                    PID    Runtime      # DAGs    # Errors  Last Runtime    Last Run
---------------------------  -----  ---------  --------  ----------  --------------  -------------------
/opt/airflow/dags/tes.py                              1           0  0.19s           2025-06-17T09:17:55
/opt/airflow/dags/prueba.py                           1           0  0.17s           2025-06-17T09:17:55
================================================================================
[2025-06-17T09:18:43.487+0000] {manager.py:878} INFO - 
================================================================================
DAG File Processing Stats

File Path                    PID    Runtime      # DAGs    # Errors  Last Runtime    Last Run
---------------------------  -----  ---------  --------  ----------  --------------  -------------------
/opt/airflow/dags/tes.py                              1           0  0.12s           2025-06-17T09:18:25
/opt/airflow/dags/prueba.py                           1           0  0.09s           2025-06-17T09:18:25
================================================================================
[2025-06-17T09:19:16.612+0000] {manager.py:878} INFO - 
================================================================================
DAG File Processing Stats

File Path                    PID    Runtime      # DAGs    # Errors  Last Runtime    Last Run
---------------------------  -----  ---------  --------  ----------  --------------  -------------------
/opt/airflow/dags/tes.py                              1           0  0.11s           2025-06-17T09:18:55
/opt/airflow/dags/prueba.py                           1           0  0.10s           2025-06-17T09:18:55
================================================================================
[2025-06-17T09:19:49.866+0000] {manager.py:878} INFO - 
================================================================================
DAG File Processing Stats

File Path                    PID    Runtime      # DAGs    # Errors  Last Runtime    Last Run
---------------------------  -----  ---------  --------  ----------  --------------  -------------------
/opt/airflow/dags/tes.py                              1           0  0.10s           2025-06-17T09:19:25
/opt/airflow/dags/prueba.py                           1           0  0.08s           2025-06-17T09:19:25
================================================================================
[2025-06-17T09:20:23.065+0000] {manager.py:878} INFO - 
================================================================================
DAG File Processing Stats

File Path                    PID    Runtime      # DAGs    # Errors  Last Runtime    Last Run
---------------------------  -----  ---------  --------  ----------  --------------  -------------------
/opt/airflow/dags/tes.py                              1           0  0.11s           2025-06-17T09:19:58
/opt/airflow/dags/prueba.py                           1           0  0.08s           2025-06-17T09:19:58
================================================================================
[2025-06-17T09:20:24.070+0000] {manager.py:737} INFO - Searching for files in /opt/airflow/dags
[2025-06-17T09:20:24.110+0000] {manager.py:740} INFO - There are 2 files in /opt/airflow/dags
[2025-06-17T09:20:56.396+0000] {manager.py:878} INFO - 
================================================================================
DAG File Processing Stats

File Path                    PID    Runtime      # DAGs    # Errors  Last Runtime    Last Run
---------------------------  -----  ---------  --------  ----------  --------------  -------------------
/opt/airflow/dags/tes.py                              1           0  0.15s           2025-06-17T09:20:31
/opt/airflow/dags/prueba.py                           1           0  0.09s           2025-06-17T09:20:31
================================================================================
[2025-06-17T09:21:29.576+0000] {manager.py:878} INFO - 
================================================================================
DAG File Processing Stats

File Path                    PID    Runtime      # DAGs    # Errors  Last Runtime    Last Run
---------------------------  -----  ---------  --------  ----------  --------------  -------------------
/opt/airflow/dags/tes.py                              1           0  0.17s           2025-06-17T09:21:04
/opt/airflow/dags/prueba.py                           1           0  0.12s           2025-06-17T09:21:04
================================================================================
[2025-06-17T09:22:02.836+0000] {manager.py:878} INFO - 
================================================================================
DAG File Processing Stats

File Path                    PID    Runtime      # DAGs    # Errors  Last Runtime    Last Run
---------------------------  -----  ---------  --------  ----------  --------------  -------------------
/opt/airflow/dags/tes.py                              1           0  1.90s           2025-06-17T09:21:36
/opt/airflow/dags/prueba.py                           1           0  1.87s           2025-06-17T09:21:36
================================================================================
[2025-06-17T09:22:36.147+0000] {manager.py:878} INFO - 
================================================================================
DAG File Processing Stats

File Path                    PID    Runtime      # DAGs    # Errors  Last Runtime    Last Run
---------------------------  -----  ---------  --------  ----------  --------------  -------------------
/opt/airflow/dags/tes.py                              1           0  0.19s           2025-06-17T09:22:09
/opt/airflow/dags/prueba.py                           1           0  0.14s           2025-06-17T09:22:09
================================================================================
[2025-06-17T09:23:09.383+0000] {manager.py:878} INFO - 
================================================================================
DAG File Processing Stats

File Path                    PID    Runtime      # DAGs    # Errors  Last Runtime    Last Run
---------------------------  -----  ---------  --------  ----------  --------------  -------------------
/opt/airflow/dags/tes.py                              1           0  0.13s           2025-06-17T09:22:43
/opt/airflow/dags/prueba.py                           1           0  0.10s           2025-06-17T09:22:43
================================================================================
[2025-06-17T09:23:42.532+0000] {manager.py:878} INFO - 
================================================================================
DAG File Processing Stats

File Path                    PID    Runtime      # DAGs    # Errors  Last Runtime    Last Run
---------------------------  -----  ---------  --------  ----------  --------------  -------------------
/opt/airflow/dags/tes.py                              1           0  0.10s           2025-06-17T09:23:15
/opt/airflow/dags/prueba.py                           1           0  0.08s           2025-06-17T09:23:15
================================================================================
[2025-06-17T09:24:15.745+0000] {manager.py:878} INFO - 
================================================================================
DAG File Processing Stats

File Path                    PID    Runtime      # DAGs    # Errors  Last Runtime    Last Run
---------------------------  -----  ---------  --------  ----------  --------------  -------------------
/opt/airflow/dags/tes.py                              1           0  0.13s           2025-06-17T09:23:48
/opt/airflow/dags/prueba.py                           1           0  0.10s           2025-06-17T09:23:48
================================================================================
[2025-06-17T09:24:48.988+0000] {manager.py:878} INFO - 
================================================================================
DAG File Processing Stats

File Path                    PID    Runtime      # DAGs    # Errors  Last Runtime    Last Run
---------------------------  -----  ---------  --------  ----------  --------------  -------------------
/opt/airflow/dags/prueba.py                           1           0  0.51s           2025-06-17T09:24:41
/opt/airflow/dags/tes.py                              1           0  0.12s           2025-06-17T09:24:21
================================================================================
[2025-06-17T09:25:22.249+0000] {manager.py:878} INFO - 
================================================================================
DAG File Processing Stats

File Path                    PID    Runtime      # DAGs    # Errors  Last Runtime    Last Run
---------------------------  -----  ---------  --------  ----------  --------------  -------------------
/opt/airflow/dags/prueba.py                           1           0  0.31s           2025-06-17T09:25:12
/opt/airflow/dags/tes.py                              1           0  0.13s           2025-06-17T09:24:54
================================================================================
[2025-06-17T09:25:27.105+0000] {manager.py:737} INFO - Searching for files in /opt/airflow/dags
[2025-06-17T09:25:27.153+0000] {manager.py:740} INFO - There are 2 files in /opt/airflow/dags
[2025-06-17T09:25:55.536+0000] {manager.py:878} INFO - 
================================================================================
DAG File Processing Stats

File Path                    PID    Runtime      # DAGs    # Errors  Last Runtime    Last Run
---------------------------  -----  ---------  --------  ----------  --------------  -------------------
/opt/airflow/dags/prueba.py                           1           0  0.40s           2025-06-17T09:25:42
/opt/airflow/dags/tes.py                              1           0  0.18s           2025-06-17T09:25:27
================================================================================
[2025-06-17T09:26:28.720+0000] {manager.py:878} INFO - 
================================================================================
DAG File Processing Stats

File Path                    PID    Runtime      # DAGs    # Errors  Last Runtime    Last Run
---------------------------  -----  ---------  --------  ----------  --------------  -------------------
/opt/airflow/dags/tes.py                              1           0  1.89s           2025-06-17T09:25:59
/opt/airflow/dags/prueba.py                           1           0  0.39s           2025-06-17T09:26:13
================================================================================
[2025-06-17T09:27:01.957+0000] {manager.py:878} INFO - 
================================================================================
DAG File Processing Stats

File Path                    PID    Runtime      # DAGs    # Errors  Last Runtime    Last Run
---------------------------  -----  ---------  --------  ----------  --------------  -------------------
/opt/airflow/dags/prueba.py                           1           0  0.36s           2025-06-17T09:26:45
/opt/airflow/dags/tes.py                              1           0  0.14s           2025-06-17T09:26:32
================================================================================
[2025-06-17T09:27:34.845+0000] {manager.py:878} INFO - 
================================================================================
DAG File Processing Stats

File Path                    PID    Runtime      # DAGs    # Errors  Last Runtime    Last Run
---------------------------  -----  ---------  --------  ----------  --------------  -------------------
/opt/airflow/dags/prueba.py                           1           0  0.35s           2025-06-17T09:27:15
/opt/airflow/dags/tes.py                              1           0  0.12s           2025-06-17T09:27:33
================================================================================
[2025-06-17T09:28:09.094+0000] {manager.py:878} INFO - 
================================================================================
DAG File Processing Stats

File Path                    PID    Runtime      # DAGs    # Errors  Last Runtime    Last Run
---------------------------  -----  ---------  --------  ----------  --------------  -------------------
/opt/airflow/dags/prueba.py                           1           0  0.21s           2025-06-17T09:27:45
/opt/airflow/dags/tes.py                              1           0  0.14s           2025-06-17T09:28:04
================================================================================
[2025-06-17T09:28:44.382+0000] {manager.py:878} INFO - 
================================================================================
DAG File Processing Stats

File Path                    PID    Runtime      # DAGs    # Errors  Last Runtime    Last Run
---------------------------  -----  ---------  --------  ----------  --------------  -------------------
/opt/airflow/dags/tes.py                              1           0  0.19s           2025-06-17T09:28:34
/opt/airflow/dags/prueba.py                           1           0  0.17s           2025-06-17T09:28:16
================================================================================
[2025-06-17T09:29:17.579+0000] {manager.py:878} INFO - 
================================================================================
DAG File Processing Stats

File Path                      PID  Runtime      # DAGs    # Errors  Last Runtime    Last Run
---------------------------  -----  ---------  --------  ----------  --------------  -------------------
/opt/airflow/dags/tes.py                              1           0  0.19s           2025-06-17T09:29:04
/opt/airflow/dags/prueba.py    573  0.00s             1           0  0.13s           2025-06-17T09:28:46
================================================================================
[2025-06-17T09:29:51.343+0000] {manager.py:878} INFO - 
================================================================================
DAG File Processing Stats

File Path                    PID    Runtime      # DAGs    # Errors  Last Runtime    Last Run
---------------------------  -----  ---------  --------  ----------  --------------  -------------------
/opt/airflow/dags/tes.py                              1           0  0.13s           2025-06-17T09:29:34
/opt/airflow/dags/prueba.py                           1           0  0.10s           2025-06-17T09:29:44
================================================================================
[2025-06-17T09:30:24.593+0000] {manager.py:878} INFO - 
================================================================================
DAG File Processing Stats

File Path                    PID    Runtime      # DAGs    # Errors  Last Runtime    Last Run
---------------------------  -----  ---------  --------  ----------  --------------  -------------------
/opt/airflow/dags/prueba.py                           1           0  0.20s           2025-06-17T09:30:14
/opt/airflow/dags/tes.py                              1           0  0.17s           2025-06-17T09:30:05
================================================================================
[2025-06-17T09:30:27.614+0000] {manager.py:737} INFO - Searching for files in /opt/airflow/dags
[2025-06-17T09:30:27.649+0000] {manager.py:740} INFO - There are 2 files in /opt/airflow/dags
[2025-06-17T09:30:58.033+0000] {manager.py:878} INFO - 
================================================================================
DAG File Processing Stats

File Path                    PID    Runtime      # DAGs    # Errors  Last Runtime    Last Run
---------------------------  -----  ---------  --------  ----------  --------------  -------------------
/opt/airflow/dags/prueba.py                           1           0  0.12s           2025-06-17T09:30:45
/opt/airflow/dags/tes.py                              1           0  0.10s           2025-06-17T09:30:35
================================================================================
[2025-06-17T09:31:31.170+0000] {manager.py:878} INFO - 
================================================================================
DAG File Processing Stats

File Path                    PID    Runtime      # DAGs    # Errors  Last Runtime    Last Run
---------------------------  -----  ---------  --------  ----------  --------------  -------------------
/opt/airflow/dags/prueba.py                           1           0  0.12s           2025-06-17T09:31:15
/opt/airflow/dags/tes.py                              1           0  0.11s           2025-06-17T09:31:06
================================================================================
[2025-06-17T09:32:04.377+0000] {manager.py:878} INFO - 
================================================================================
DAG File Processing Stats

File Path                    PID    Runtime      # DAGs    # Errors  Last Runtime    Last Run
---------------------------  -----  ---------  --------  ----------  --------------  -------------------
/opt/airflow/dags/tes.py                              1           0  0.11s           2025-06-17T09:31:36
/opt/airflow/dags/prueba.py                           1           0  0.11s           2025-06-17T09:31:45
================================================================================
[2025-06-17T09:32:37.736+0000] {manager.py:878} INFO - 
================================================================================
DAG File Processing Stats

File Path                    PID    Runtime      # DAGs    # Errors  Last Runtime    Last Run
---------------------------  -----  ---------  --------  ----------  --------------  -------------------
/opt/airflow/dags/tes.py                              1           0  0.14s           2025-06-17T09:32:36
/opt/airflow/dags/prueba.py                           1           0  0.14s           2025-06-17T09:32:15
================================================================================
[2025-06-17T09:33:11.142+0000] {manager.py:878} INFO - 
================================================================================
DAG File Processing Stats

File Path                    PID    Runtime      # DAGs    # Errors  Last Runtime    Last Run
---------------------------  -----  ---------  --------  ----------  --------------  -------------------
/opt/airflow/dags/prueba.py                           1           0  0.17s           2025-06-17T09:32:45
/opt/airflow/dags/tes.py                              1           0  0.11s           2025-06-17T09:33:08
================================================================================
[2025-06-17T09:33:44.421+0000] {manager.py:878} INFO - 
================================================================================
DAG File Processing Stats

File Path                    PID    Runtime      # DAGs    # Errors  Last Runtime    Last Run
---------------------------  -----  ---------  --------  ----------  --------------  -------------------
/opt/airflow/dags/prueba.py                           1           0  0.12s           2025-06-17T09:33:16
/opt/airflow/dags/tes.py                              1           0  0.10s           2025-06-17T09:33:40
================================================================================
[2025-06-17T09:34:17.729+0000] {manager.py:878} INFO - 
================================================================================
DAG File Processing Stats

File Path                    PID    Runtime      # DAGs    # Errors  Last Runtime    Last Run
---------------------------  -----  ---------  --------  ----------  --------------  -------------------
/opt/airflow/dags/tes.py                              1           0  0.12s           2025-06-17T09:34:13
/opt/airflow/dags/prueba.py                           1           0  0.12s           2025-06-17T09:34:16
================================================================================
[2025-06-17T09:34:38.955+0000] {manager.py:1128} WARNING - Skipping processing of missing file: /opt/airflow/dags/tes.py
[2025-06-17T09:34:47.032+0000] {manager.py:452} INFO - Exiting gracefully upon receiving signal 15
