[2025-06-17T09:10:57.172+0000] {local_task_job_runner.py:120} INFO - ::group::Pre task execution logs
[2025-06-17T09:10:57.206+0000] {taskinstance.py:2076} INFO - Dependencies all met for dep_context=non-requeueable deps ti=<TaskInstance: scrape_example.fetch manual__2025-06-17T09:02:08.577516+00:00 [queued]>
[2025-06-17T09:10:57.213+0000] {taskinstance.py:2076} INFO - Dependencies all met for dep_context=requeueable deps ti=<TaskInstance: scrape_example.fetch manual__2025-06-17T09:02:08.577516+00:00 [queued]>
[2025-06-17T09:10:57.213+0000] {taskinstance.py:2306} INFO - Starting attempt 2 of 2
[2025-06-17T09:10:57.223+0000] {taskinstance.py:2330} INFO - Executing <Task(_PythonDecoratedOperator): fetch> on 2025-06-17 09:02:08.577516+00:00
[2025-06-17T09:10:57.227+0000] {standard_task_runner.py:63} INFO - Started process 292 to run task
[2025-06-17T09:10:57.229+0000] {standard_task_runner.py:90} INFO - Running: ['***', 'tasks', 'run', 'scrape_example', 'fetch', 'manual__2025-06-17T09:02:08.577516+00:00', '--job-id', '15', '--raw', '--subdir', 'DAGS_FOLDER/prueba.py', '--cfg-path', '/tmp/tmp76uikxch']
[2025-06-17T09:10:57.231+0000] {standard_task_runner.py:91} INFO - Job 15: Subtask fetch
[2025-06-17T09:10:57.268+0000] {task_command.py:426} INFO - Running <TaskInstance: scrape_example.fetch manual__2025-06-17T09:02:08.577516+00:00 [running]> on host 51693eb0f439
[2025-06-17T09:10:57.458+0000] {taskinstance.py:2648} INFO - Exporting env vars: AIRFLOW_CTX_DAG_OWNER='***' AIRFLOW_CTX_DAG_ID='scrape_example' AIRFLOW_CTX_TASK_ID='fetch' AIRFLOW_CTX_EXECUTION_DATE='2025-06-17T09:02:08.577516+00:00' AIRFLOW_CTX_TRY_NUMBER='2' AIRFLOW_CTX_DAG_RUN_ID='manual__2025-06-17T09:02:08.577516+00:00'
[2025-06-17T09:10:57.459+0000] {taskinstance.py:430} INFO - ::endgroup::
[2025-06-17T09:10:57.488+0000] {prueba.py:14} INFO - 🌀 Starting Playwright...
[2025-06-17T09:10:57.797+0000] {prueba.py:17} INFO - 🚀 Browser launched
[2025-06-17T09:10:58.722+0000] {prueba.py:20} INFO - ✅ Page loaded
[2025-06-17T09:10:58.732+0000] {prueba.py:22} INFO - 📄 HTML content length: 1248
[2025-06-17T09:10:58.772+0000] {prueba.py:30} INFO - 🔁 Final result: 1248
[2025-06-17T09:10:58.773+0000] {python.py:237} INFO - Done. Returned value was: 1248
[2025-06-17T09:10:58.773+0000] {taskinstance.py:441} INFO - ::group::Post task execution logs
[2025-06-17T09:10:58.794+0000] {taskinstance.py:1206} INFO - Marking task as SUCCESS. dag_id=scrape_example, task_id=fetch, run_id=manual__2025-06-17T09:02:08.577516+00:00, execution_date=20250617T090208, start_date=20250617T091057, end_date=20250617T091058
[2025-06-17T09:10:58.844+0000] {local_task_job_runner.py:240} INFO - Task exited with return code 0
[2025-06-17T09:10:58.858+0000] {taskinstance.py:3503} INFO - 0 downstream tasks scheduled from follow-on schedule check
[2025-06-17T09:10:58.859+0000] {local_task_job_runner.py:222} INFO - ::endgroup::
