[2025-06-17T09:02:09.405+0000] {local_task_job_runner.py:120} INFO - ::group::Pre task execution logs
[2025-06-17T09:02:09.426+0000] {taskinstance.py:2076} INFO - Dependencies all met for dep_context=non-requeueable deps ti=<TaskInstance: scrape_example.fetch manual__2025-06-17T09:02:08.577516+00:00 [queued]>
[2025-06-17T09:02:09.430+0000] {taskinstance.py:2076} INFO - Dependencies all met for dep_context=requeueable deps ti=<TaskInstance: scrape_example.fetch manual__2025-06-17T09:02:08.577516+00:00 [queued]>
[2025-06-17T09:02:09.431+0000] {taskinstance.py:2306} INFO - Starting attempt 1 of 1
[2025-06-17T09:02:09.437+0000] {taskinstance.py:2330} INFO - Executing <Task(_PythonDecoratedOperator): fetch> on 2025-06-17 09:02:08.577516+00:00
[2025-06-17T09:02:09.441+0000] {standard_task_runner.py:63} INFO - Started process 277 to run task
[2025-06-17T09:02:09.442+0000] {standard_task_runner.py:90} INFO - Running: ['***', 'tasks', 'run', 'scrape_example', 'fetch', 'manual__2025-06-17T09:02:08.577516+00:00', '--job-id', '9', '--raw', '--subdir', 'DAGS_FOLDER/prueba.py', '--cfg-path', '/tmp/tmpwr_1pqs6']
[2025-06-17T09:02:09.444+0000] {standard_task_runner.py:91} INFO - Job 9: Subtask fetch
[2025-06-17T09:02:09.475+0000] {task_command.py:426} INFO - Running <TaskInstance: scrape_example.fetch manual__2025-06-17T09:02:08.577516+00:00 [running]> on host c4efc6095b1f
[2025-06-17T09:02:09.621+0000] {taskinstance.py:2648} INFO - Exporting env vars: AIRFLOW_CTX_DAG_OWNER='***' AIRFLOW_CTX_DAG_ID='scrape_example' AIRFLOW_CTX_TASK_ID='fetch' AIRFLOW_CTX_EXECUTION_DATE='2025-06-17T09:02:08.577516+00:00' AIRFLOW_CTX_TRY_NUMBER='1' AIRFLOW_CTX_DAG_RUN_ID='manual__2025-06-17T09:02:08.577516+00:00'
[2025-06-17T09:02:09.621+0000] {taskinstance.py:430} INFO - ::endgroup::
[2025-06-17T09:02:09.890+0000] {taskinstance.py:441} INFO - ::group::Post task execution logs
[2025-06-17T09:02:09.891+0000] {taskinstance.py:2905} ERROR - Task failed with exception
Traceback (most recent call last):
  File "/home/airflow/.local/lib/python3.11/site-packages/airflow/models/taskinstance.py", line 465, in _execute_task
    result = _execute_callable(context=context, **execute_callable_kwargs)
             ^^^^^^^^^^^^^^^^^^^^^^^^^^^^^^^^^^^^^^^^^^^^^^^^^^^^^^^^^^^^^
  File "/home/airflow/.local/lib/python3.11/site-packages/airflow/models/taskinstance.py", line 432, in _execute_callable
    return execute_callable(context=context, **execute_callable_kwargs)
           ^^^^^^^^^^^^^^^^^^^^^^^^^^^^^^^^^^^^^^^^^^^^^^^^^^^^^^^^^^^^
  File "/home/airflow/.local/lib/python3.11/site-packages/airflow/models/baseoperator.py", line 401, in wrapper
    return func(self, *args, **kwargs)
           ^^^^^^^^^^^^^^^^^^^^^^^^^^^
  File "/home/airflow/.local/lib/python3.11/site-packages/airflow/decorators/base.py", line 265, in execute
    return_value = super().execute(context)
                   ^^^^^^^^^^^^^^^^^^^^^^^^
  File "/home/airflow/.local/lib/python3.11/site-packages/airflow/models/baseoperator.py", line 401, in wrapper
    return func(self, *args, **kwargs)
           ^^^^^^^^^^^^^^^^^^^^^^^^^^^
  File "/home/airflow/.local/lib/python3.11/site-packages/airflow/operators/python.py", line 235, in execute
    return_value = self.execute_callable()
                   ^^^^^^^^^^^^^^^^^^^^^^^
  File "/home/airflow/.local/lib/python3.11/site-packages/airflow/operators/python.py", line 252, in execute_callable
    return self.python_callable(*self.op_args, **self.op_kwargs)
           ^^^^^^^^^^^^^^^^^^^^^^^^^^^^^^^^^^^^^^^^^^^^^^^^^^^^^
  File "/opt/airflow/dags/prueba.py", line 21, in fetch
    return asyncio.run(run())
           ^^^^^^^^^^^^^^^^^^
  File "/usr/local/lib/python3.11/asyncio/runners.py", line 190, in run
    return runner.run(main)
           ^^^^^^^^^^^^^^^^
  File "/usr/local/lib/python3.11/asyncio/runners.py", line 118, in run
    return self._loop.run_until_complete(task)
           ^^^^^^^^^^^^^^^^^^^^^^^^^^^^^^^^^^^
  File "/usr/local/lib/python3.11/asyncio/base_events.py", line 654, in run_until_complete
    return future.result()
           ^^^^^^^^^^^^^^^
  File "/opt/airflow/dags/prueba.py", line 13, in run
    browser = await p.chromium.launch(headless=True)
              ^^^^^^^^^^^^^^^^^^^^^^^^^^^^^^^^^^^^^^
  File "/home/airflow/.local/lib/python3.11/site-packages/playwright/async_api/_generated.py", line 14451, in launch
    await self._impl_obj.launch(
  File "/home/airflow/.local/lib/python3.11/site-packages/playwright/_impl/_browser_type.py", line 97, in launch
    Browser, from_channel(await self._channel.send("launch", params))
                          ^^^^^^^^^^^^^^^^^^^^^^^^^^^^^^^^^^^^^^^^^^
  File "/home/airflow/.local/lib/python3.11/site-packages/playwright/_impl/_connection.py", line 61, in send
    return await self._connection.wrap_api_call(
           ^^^^^^^^^^^^^^^^^^^^^^^^^^^^^^^^^^^^^
  File "/home/airflow/.local/lib/python3.11/site-packages/playwright/_impl/_connection.py", line 528, in wrap_api_call
    raise rewrite_error(error, f"{parsed_st['apiName']}: {error}") from None
playwright._impl._errors.Error: BrowserType.launch: 
╔══════════════════════════════════════════════════════╗
║ Host system is missing dependencies to run browsers. ║
║ Please install them with the following command:      ║
║                                                      ║
║     sudo playwright install-deps                     ║
║                                                      ║
║ Alternatively, use apt:                              ║
║     sudo apt-get install libasound2                  ║
║                                                      ║
║ <3 Playwright Team                                   ║
╚══════════════════════════════════════════════════════╝
[2025-06-17T09:02:09.899+0000] {taskinstance.py:1206} INFO - Marking task as FAILED. dag_id=scrape_example, task_id=fetch, run_id=manual__2025-06-17T09:02:08.577516+00:00, execution_date=20250617T090208, start_date=20250617T090209, end_date=20250617T090209
[2025-06-17T09:02:09.906+0000] {standard_task_runner.py:110} ERROR - Failed to execute job 9 for task fetch (BrowserType.launch: 
╔══════════════════════════════════════════════════════╗
║ Host system is missing dependencies to run browsers. ║
║ Please install them with the following command:      ║
║                                                      ║
║     sudo playwright install-deps                     ║
║                                                      ║
║ Alternatively, use apt:                              ║
║     sudo apt-get install libasound2                  ║
║                                                      ║
║ <3 Playwright Team                                   ║
╚══════════════════════════════════════════════════════╝; 277)
[2025-06-17T09:02:09.935+0000] {local_task_job_runner.py:240} INFO - Task exited with return code 1
[2025-06-17T09:02:09.950+0000] {taskinstance.py:3503} INFO - 0 downstream tasks scheduled from follow-on schedule check
[2025-06-17T09:02:09.951+0000] {local_task_job_runner.py:222} INFO - ::endgroup::
