[2025-06-17T09:10:57.172+0000] {local_task_job_runner.py:120} INFO - ::group::Pre task execution logs
[2025-06-17T09:10:57.194+0000] {taskinstance.py:2076} INFO - Dependencies all met for dep_context=non-requeueable deps ti=<TaskInstance: scrape_example.fetch manual__2025-06-17T09:03:12.618810+00:00 [queued]>
[2025-06-17T09:10:57.200+0000] {taskinstance.py:2076} INFO - Dependencies all met for dep_context=requeueable deps ti=<TaskInstance: scrape_example.fetch manual__2025-06-17T09:03:12.618810+00:00 [queued]>
[2025-06-17T09:10:57.201+0000] {taskinstance.py:2306} INFO - Starting attempt 2 of 2
[2025-06-17T09:10:57.208+0000] {taskinstance.py:2330} INFO - Executing <Task(_PythonDecoratedOperator): fetch> on 2025-06-17 09:03:12.618810+00:00
[2025-06-17T09:10:57.212+0000] {standard_task_runner.py:63} INFO - Started process 290 to run task
[2025-06-17T09:10:57.215+0000] {standard_task_runner.py:90} INFO - Running: ['***', 'tasks', 'run', 'scrape_example', 'fetch', 'manual__2025-06-17T09:03:12.618810+00:00', '--job-id', '16', '--raw', '--subdir', 'DAGS_FOLDER/prueba.py', '--cfg-path', '/tmp/tmpyzx1acpt']
[2025-06-17T09:10:57.217+0000] {standard_task_runner.py:91} INFO - Job 16: Subtask fetch
[2025-06-17T09:10:57.260+0000] {task_command.py:426} INFO - Running <TaskInstance: scrape_example.fetch manual__2025-06-17T09:03:12.618810+00:00 [running]> on host 51693eb0f439
[2025-06-17T09:10:57.456+0000] {taskinstance.py:2648} INFO - Exporting env vars: AIRFLOW_CTX_DAG_OWNER='***' AIRFLOW_CTX_DAG_ID='scrape_example' AIRFLOW_CTX_TASK_ID='fetch' AIRFLOW_CTX_EXECUTION_DATE='2025-06-17T09:03:12.618810+00:00' AIRFLOW_CTX_TRY_NUMBER='2' AIRFLOW_CTX_DAG_RUN_ID='manual__2025-06-17T09:03:12.618810+00:00'
[2025-06-17T09:10:57.457+0000] {taskinstance.py:430} INFO - ::endgroup::
[2025-06-17T09:10:57.486+0000] {prueba.py:14} INFO - 🌀 Starting Playwright...
[2025-06-17T09:10:57.793+0000] {prueba.py:17} INFO - 🚀 Browser launched
[2025-06-17T09:10:58.757+0000] {prueba.py:20} INFO - ✅ Page loaded
[2025-06-17T09:10:58.770+0000] {prueba.py:22} INFO - 📄 HTML content length: 1248
[2025-06-17T09:10:58.801+0000] {prueba.py:30} INFO - 🔁 Final result: 1248
[2025-06-17T09:10:58.801+0000] {python.py:237} INFO - Done. Returned value was: 1248
[2025-06-17T09:10:58.802+0000] {taskinstance.py:441} INFO - ::group::Post task execution logs
[2025-06-17T09:10:58.818+0000] {taskinstance.py:1206} INFO - Marking task as SUCCESS. dag_id=scrape_example, task_id=fetch, run_id=manual__2025-06-17T09:03:12.618810+00:00, execution_date=20250617T090312, start_date=20250617T091057, end_date=20250617T091058
[2025-06-17T09:10:58.832+0000] {local_task_job_runner.py:240} INFO - Task exited with return code 0
[2025-06-17T09:10:58.848+0000] {taskinstance.py:3503} INFO - 0 downstream tasks scheduled from follow-on schedule check
[2025-06-17T09:10:58.849+0000] {local_task_job_runner.py:222} INFO - ::endgroup::
